[0.094s] Invoking command in '/home/a/soccer_ws/build/realsense2_camera': AMENT_PREFIX_PATH=/home/a/soccer_ws/install/realsense2_camera_msgs:${AMENT_PREFIX_PATH} CMAKE_PREFIX_PATH=/home/a/soccer_ws/install/realsense2_camera_msgs:/home/a/soccer_ws/src/turtlebot2_ros2/install/kobuki_ros:/home/a/soccer_ws/src/turtlebot2_ros2/install/kobuki_safety_controller:/home/a/soccer_ws/src/turtlebot2_ros2/install/kobuki_random_walker:/home/a/soccer_ws/src/turtlebot2_ros2/install/kobuki_node:/home/a/soccer_ws/src/turtlebot2_ros2/install/kobuki_keyop:/home/a/soccer_ws/src/turtlebot2_ros2/install/kobuki_bumper2pc:/home/a/soccer_ws/src/turtlebot2_ros2/install/kobuki_auto_docking:/home/a/soccer_ws/src/turtlebot2_ros2/install/kobuki_ros_interfaces:/home/a/soccer_ws/src/turtlebot2_ros2/install/kobuki_description:/home/a/soccer_ws/src/turtlebot2_ros2/install/kobuki_core:/home/a/soccer_ws/src/turtlebot2_ros2/install/ecl_core:/home/a/soccer_ws/src/turtlebot2_ros2/install/ecl_core_apps:/home/a/soccer_ws/src/turtlebot2_ros2/install/ecl_streams:/home/a/soccer_ws/src/turtlebot2_ros2/install/ecl_sigslots:/home/a/soccer_ws/src/turtlebot2_ros2/install/ecl_ipc:/home/a/soccer_ws/src/turtlebot2_ros2/install/ecl_devices:/home/a/soccer_ws/src/turtlebot2_ros2/install/ecl_threads:/home/a/soccer_ws/src/turtlebot2_ros2/install/ecl_mobile_robot:/home/a/soccer_ws/src/turtlebot2_ros2/install/ecl_manipulators:/home/a/soccer_ws/src/turtlebot2_ros2/install/ecl_geometry:/home/a/soccer_ws/src/turtlebot2_ros2/install/ecl_containers:/home/a/soccer_ws/src/turtlebot2_ros2/install/ecl_utilities:/home/a/soccer_ws/src/turtlebot2_ros2/install/ecl_statistics:/home/a/soccer_ws/src/turtlebot2_ros2/install/ecl_linear_algebra:/home/a/soccer_ws/src/turtlebot2_ros2/install/ecl_math:/home/a/soccer_ws/src/turtlebot2_ros2/install/ecl_formatters:/home/a/soccer_ws/src/turtlebot2_ros2/install/ecl_converters:/home/a/soccer_ws/src/turtlebot2_ros2/install/ecl_concepts:/home/a/soccer_ws/src/turtlebot2_ros2/install/ecl_type_traits:/home/a/soccer_ws/src/turtlebot2_ros2/install/ecl_time:/home/a/soccer_ws/src/turtlebot2_ros2/install/ecl_lite:/home/a/soccer_ws/src/turtlebot2_ros2/install/ecl_time_lite:/home/a/soccer_ws/src/turtlebot2_ros2/install/ecl_sigslots_lite:/home/a/soccer_ws/src/turtlebot2_ros2/install/ecl_mpl:/home/a/soccer_ws/src/turtlebot2_ros2/install/ecl_io:/home/a/soccer_ws/src/turtlebot2_ros2/install/ecl_filesystem:/home/a/soccer_ws/src/turtlebot2_ros2/install/ecl_exceptions:/home/a/soccer_ws/src/turtlebot2_ros2/install/ecl_errors:/home/a/soccer_ws/src/turtlebot2_ros2/install/ecl_eigen:/home/a/soccer_ws/src/turtlebot2_ros2/install/ecl_converters_lite:/home/a/soccer_ws/src/turtlebot2_ros2/install/ecl_console:/home/a/soccer_ws/src/turtlebot2_ros2/install/ecl_config:/home/a/soccer_ws/src/turtlebot2_ros2/install/ecl_command_line:/home/a/soccer_ws/src/turtlebot2_ros2/install/cmd_vel_mux:/home/a/soccer_ws/install/perception:/opt/ros/humble LD_LIBRARY_PATH=/home/a/soccer_ws/install/realsense2_camera_msgs/lib:/home/a/soccer_ws/src/turtlebot2_ros2/install/kobuki_safety_controller/lib:/home/a/soccer_ws/src/turtlebot2_ros2/install/kobuki_random_walker/lib:/home/a/soccer_ws/src/turtlebot2_ros2/install/kobuki_node/lib:/home/a/soccer_ws/src/turtlebot2_ros2/install/kobuki_keyop/lib:/home/a/soccer_ws/src/turtlebot2_ros2/install/kobuki_bumper2pc/lib:/home/a/soccer_ws/src/turtlebot2_ros2/install/kobuki_auto_docking/lib:/home/a/soccer_ws/src/turtlebot2_ros2/install/kobuki_ros_interfaces/lib:/home/a/soccer_ws/src/turtlebot2_ros2/install/kobuki_core/lib:/home/a/soccer_ws/src/turtlebot2_ros2/install/ecl_streams/lib:/home/a/soccer_ws/src/turtlebot2_ros2/install/ecl_ipc/lib:/home/a/soccer_ws/src/turtlebot2_ros2/install/ecl_devices/lib:/home/a/soccer_ws/src/turtlebot2_ros2/install/ecl_threads/lib:/home/a/soccer_ws/src/turtlebot2_ros2/install/ecl_mobile_robot/lib:/home/a/soccer_ws/src/turtlebot2_ros2/install/ecl_manipulators/lib:/home/a/soccer_ws/src/turtlebot2_ros2/install/ecl_geometry/lib:/home/a/soccer_ws/src/turtlebot2_ros2/install/ecl_statistics/lib:/home/a/soccer_ws/src/turtlebot2_ros2/install/ecl_linear_algebra/lib:/home/a/soccer_ws/src/turtlebot2_ros2/install/ecl_formatters/lib:/home/a/soccer_ws/src/turtlebot2_ros2/install/ecl_type_traits/lib:/home/a/soccer_ws/src/turtlebot2_ros2/install/ecl_time/lib:/home/a/soccer_ws/src/turtlebot2_ros2/install/ecl_time_lite/lib:/home/a/soccer_ws/src/turtlebot2_ros2/install/ecl_io/lib:/home/a/soccer_ws/src/turtlebot2_ros2/install/ecl_filesystem/lib:/home/a/soccer_ws/src/turtlebot2_ros2/install/ecl_exceptions/lib:/home/a/soccer_ws/src/turtlebot2_ros2/install/ecl_errors/lib:/home/a/soccer_ws/src/turtlebot2_ros2/install/cmd_vel_mux/lib:/opt/ros/humble/opt/rviz_ogre_vendor/lib:/opt/ros/humble/lib/x86_64-linux-gnu:/opt/ros/humble/lib:/home/a/mujoco/mujoco-3.2.3/bin PYTHONPATH=/home/a/soccer_ws/install/realsense2_camera_msgs/local/lib/python3.10/dist-packages:${PYTHONPATH} /usr/bin/cmake /home/a/soccer_ws/src/realsense-ros/realsense2_camera -DCMAKE_INSTALL_PREFIX=/home/a/soccer_ws/install/realsense2_camera
[0.379s] -- The C compiler identification is GNU 11.4.0
[0.717s] -- The CXX compiler identification is GNU 11.4.0
[0.739s] -- Detecting C compiler ABI info
[1.017s] -- Detecting C compiler ABI info - done
[1.062s] -- Check for working C compiler: /usr/bin/cc - skipped
[1.074s] -- Detecting C compile features
[1.075s] -- Detecting C compile features - done
[1.089s] -- Detecting CXX compiler ABI info
[1.413s] -- Detecting CXX compiler ABI info - done
[1.459s] -- Check for working CXX compiler: /usr/bin/c++ - skipped
[1.459s] -- Detecting CXX compile features
[1.459s] -- Detecting CXX compile features - done
[1.460s] -- Create Release Build.
[1.472s] -- Found ament_cmake: 1.3.12 (/opt/ros/humble/share/ament_cmake/cmake)
[1.788s] -- Found Python3: /usr/bin/python3 (found version "3.10.12") found components: Interpreter 
[2.027s] -- Found builtin_interfaces: 1.2.2 (/opt/ros/humble/share/builtin_interfaces/cmake)
[2.141s] -- Found rosidl_generator_c: 3.1.7 (/opt/ros/humble/share/rosidl_generator_c/cmake)
[2.157s] -- Found rosidl_adapter: 3.1.7 (/opt/ros/humble/share/rosidl_adapter/cmake)
[2.178s] -- Found rosidl_generator_cpp: 3.1.7 (/opt/ros/humble/share/rosidl_generator_cpp/cmake)
[2.207s] -- Using all available rosidl_typesupport_c: rosidl_typesupport_fastrtps_c;rosidl_typesupport_introspection_c
[2.266s] -- Using all available rosidl_typesupport_cpp: rosidl_typesupport_fastrtps_cpp;rosidl_typesupport_introspection_cpp
[2.315s] -- Found cv_bridge: 3.2.1 (/opt/ros/humble/share/cv_bridge/cmake)
[2.429s] -- Found image_transport: 3.1.12 (/opt/ros/humble/share/image_transport/cmake)
[2.566s] -- Found rmw_implementation_cmake: 6.1.2 (/opt/ros/humble/share/rmw_implementation_cmake/cmake)
[2.582s] -- Found rmw_fastrtps_cpp: 6.2.8 (/opt/ros/humble/share/rmw_fastrtps_cpp/cmake)
[2.817s] -- Found OpenSSL: /usr/lib/x86_64-linux-gnu/libcrypto.so (found version "3.0.2")  
[2.890s] -- Found FastRTPS: /opt/ros/humble/include  
[2.986s] -- Using RMW implementation 'rmw_fastrtps_cpp' as default
[3.031s] -- Looking for pthread.h
[3.219s] -- Looking for pthread.h - found
[3.219s] -- Performing Test CMAKE_HAVE_LIBC_PTHREAD
[3.359s] -- Performing Test CMAKE_HAVE_LIBC_PTHREAD - Success
[3.361s] -- Found Threads: TRUE  
[3.589s] -- Found rclcpp_action: 16.0.14 (/opt/ros/humble/share/rclcpp_action/cmake)
[3.701s] -- Found rclcpp_components: 16.0.14 (/opt/ros/humble/share/rclcpp_components/cmake)
[3.748s] -- Found realsense2_camera_msgs: 4.56.4 (/home/a/soccer_ws/install/realsense2_camera_msgs/share/realsense2_camera_msgs/cmake)
[3.790s] -- Found std_srvs: 4.9.0 (/opt/ros/humble/share/std_srvs/cmake)
[3.809s] -- Found nav_msgs: 4.9.0 (/opt/ros/humble/share/nav_msgs/cmake)
[3.837s] -- Found tf2_ros: 0.25.15 (/opt/ros/humble/share/tf2_ros/cmake)
[3.898s] -- Found diagnostic_updater: 4.0.6 (/opt/ros/humble/share/diagnostic_updater/cmake)
[3.934s] -- Found OpenCV: /usr (found version "4.5.4") found components: core 
[3.940s] -- Build for ROS2 Humble
[3.955s] -- Found ament_cmake_gtest: 1.3.12 (/opt/ros/humble/share/ament_cmake_gtest/cmake)
[3.962s] -- Found gtest sources under '/opt/ros/humble/src/gtest_vendor': C++ tests using 'Google Test' will be built
[3.973s] -- Found ament_cmake_pytest: 1.3.12 (/opt/ros/humble/share/ament_cmake_pytest/cmake)
[8.815s] -- rs_device_info:
[8.816s] --  26/08 14:27:37,197 ERROR [129581484458560] (context.cpp:40) No valid configuration file found at : /home/a/.realsense-config.json loading defaults
[8.816s] No device detected. Is it plugged in?
[8.816s] 
[8.969s] -- Configuring done
[9.005s] -- Generating done
[9.018s] -- Build files have been written to: /home/a/soccer_ws/build/realsense2_camera
[9.036s] Invoked command in '/home/a/soccer_ws/build/realsense2_camera' returned '0': AMENT_PREFIX_PATH=/home/a/soccer_ws/install/realsense2_camera_msgs:${AMENT_PREFIX_PATH} CMAKE_PREFIX_PATH=/home/a/soccer_ws/install/realsense2_camera_msgs:/home/a/soccer_ws/src/turtlebot2_ros2/install/kobuki_ros:/home/a/soccer_ws/src/turtlebot2_ros2/install/kobuki_safety_controller:/home/a/soccer_ws/src/turtlebot2_ros2/install/kobuki_random_walker:/home/a/soccer_ws/src/turtlebot2_ros2/install/kobuki_node:/home/a/soccer_ws/src/turtlebot2_ros2/install/kobuki_keyop:/home/a/soccer_ws/src/turtlebot2_ros2/install/kobuki_bumper2pc:/home/a/soccer_ws/src/turtlebot2_ros2/install/kobuki_auto_docking:/home/a/soccer_ws/src/turtlebot2_ros2/install/kobuki_ros_interfaces:/home/a/soccer_ws/src/turtlebot2_ros2/install/kobuki_description:/home/a/soccer_ws/src/turtlebot2_ros2/install/kobuki_core:/home/a/soccer_ws/src/turtlebot2_ros2/install/ecl_core:/home/a/soccer_ws/src/turtlebot2_ros2/install/ecl_core_apps:/home/a/soccer_ws/src/turtlebot2_ros2/install/ecl_streams:/home/a/soccer_ws/src/turtlebot2_ros2/install/ecl_sigslots:/home/a/soccer_ws/src/turtlebot2_ros2/install/ecl_ipc:/home/a/soccer_ws/src/turtlebot2_ros2/install/ecl_devices:/home/a/soccer_ws/src/turtlebot2_ros2/install/ecl_threads:/home/a/soccer_ws/src/turtlebot2_ros2/install/ecl_mobile_robot:/home/a/soccer_ws/src/turtlebot2_ros2/install/ecl_manipulators:/home/a/soccer_ws/src/turtlebot2_ros2/install/ecl_geometry:/home/a/soccer_ws/src/turtlebot2_ros2/install/ecl_containers:/home/a/soccer_ws/src/turtlebot2_ros2/install/ecl_utilities:/home/a/soccer_ws/src/turtlebot2_ros2/install/ecl_statistics:/home/a/soccer_ws/src/turtlebot2_ros2/install/ecl_linear_algebra:/home/a/soccer_ws/src/turtlebot2_ros2/install/ecl_math:/home/a/soccer_ws/src/turtlebot2_ros2/install/ecl_formatters:/home/a/soccer_ws/src/turtlebot2_ros2/install/ecl_converters:/home/a/soccer_ws/src/turtlebot2_ros2/install/ecl_concepts:/home/a/soccer_ws/src/turtlebot2_ros2/install/ecl_type_traits:/home/a/soccer_ws/src/turtlebot2_ros2/install/ecl_time:/home/a/soccer_ws/src/turtlebot2_ros2/install/ecl_lite:/home/a/soccer_ws/src/turtlebot2_ros2/install/ecl_time_lite:/home/a/soccer_ws/src/turtlebot2_ros2/install/ecl_sigslots_lite:/home/a/soccer_ws/src/turtlebot2_ros2/install/ecl_mpl:/home/a/soccer_ws/src/turtlebot2_ros2/install/ecl_io:/home/a/soccer_ws/src/turtlebot2_ros2/install/ecl_filesystem:/home/a/soccer_ws/src/turtlebot2_ros2/install/ecl_exceptions:/home/a/soccer_ws/src/turtlebot2_ros2/install/ecl_errors:/home/a/soccer_ws/src/turtlebot2_ros2/install/ecl_eigen:/home/a/soccer_ws/src/turtlebot2_ros2/install/ecl_converters_lite:/home/a/soccer_ws/src/turtlebot2_ros2/install/ecl_console:/home/a/soccer_ws/src/turtlebot2_ros2/install/ecl_config:/home/a/soccer_ws/src/turtlebot2_ros2/install/ecl_command_line:/home/a/soccer_ws/src/turtlebot2_ros2/install/cmd_vel_mux:/home/a/soccer_ws/install/perception:/opt/ros/humble LD_LIBRARY_PATH=/home/a/soccer_ws/install/realsense2_camera_msgs/lib:/home/a/soccer_ws/src/turtlebot2_ros2/install/kobuki_safety_controller/lib:/home/a/soccer_ws/src/turtlebot2_ros2/install/kobuki_random_walker/lib:/home/a/soccer_ws/src/turtlebot2_ros2/install/kobuki_node/lib:/home/a/soccer_ws/src/turtlebot2_ros2/install/kobuki_keyop/lib:/home/a/soccer_ws/src/turtlebot2_ros2/install/kobuki_bumper2pc/lib:/home/a/soccer_ws/src/turtlebot2_ros2/install/kobuki_auto_docking/lib:/home/a/soccer_ws/src/turtlebot2_ros2/install/kobuki_ros_interfaces/lib:/home/a/soccer_ws/src/turtlebot2_ros2/install/kobuki_core/lib:/home/a/soccer_ws/src/turtlebot2_ros2/install/ecl_streams/lib:/home/a/soccer_ws/src/turtlebot2_ros2/install/ecl_ipc/lib:/home/a/soccer_ws/src/turtlebot2_ros2/install/ecl_devices/lib:/home/a/soccer_ws/src/turtlebot2_ros2/install/ecl_threads/lib:/home/a/soccer_ws/src/turtlebot2_ros2/install/ecl_mobile_robot/lib:/home/a/soccer_ws/src/turtlebot2_ros2/install/ecl_manipulators/lib:/home/a/soccer_ws/src/turtlebot2_ros2/install/ecl_geometry/lib:/home/a/soccer_ws/src/turtlebot2_ros2/install/ecl_statistics/lib:/home/a/soccer_ws/src/turtlebot2_ros2/install/ecl_linear_algebra/lib:/home/a/soccer_ws/src/turtlebot2_ros2/install/ecl_formatters/lib:/home/a/soccer_ws/src/turtlebot2_ros2/install/ecl_type_traits/lib:/home/a/soccer_ws/src/turtlebot2_ros2/install/ecl_time/lib:/home/a/soccer_ws/src/turtlebot2_ros2/install/ecl_time_lite/lib:/home/a/soccer_ws/src/turtlebot2_ros2/install/ecl_io/lib:/home/a/soccer_ws/src/turtlebot2_ros2/install/ecl_filesystem/lib:/home/a/soccer_ws/src/turtlebot2_ros2/install/ecl_exceptions/lib:/home/a/soccer_ws/src/turtlebot2_ros2/install/ecl_errors/lib:/home/a/soccer_ws/src/turtlebot2_ros2/install/cmd_vel_mux/lib:/opt/ros/humble/opt/rviz_ogre_vendor/lib:/opt/ros/humble/lib/x86_64-linux-gnu:/opt/ros/humble/lib:/home/a/mujoco/mujoco-3.2.3/bin PYTHONPATH=/home/a/soccer_ws/install/realsense2_camera_msgs/local/lib/python3.10/dist-packages:${PYTHONPATH} /usr/bin/cmake /home/a/soccer_ws/src/realsense-ros/realsense2_camera -DCMAKE_INSTALL_PREFIX=/home/a/soccer_ws/install/realsense2_camera
[9.040s] Invoking command in '/home/a/soccer_ws/build/realsense2_camera': AMENT_PREFIX_PATH=/home/a/soccer_ws/install/realsense2_camera_msgs:${AMENT_PREFIX_PATH} CMAKE_PREFIX_PATH=/home/a/soccer_ws/install/realsense2_camera_msgs:/home/a/soccer_ws/src/turtlebot2_ros2/install/kobuki_ros:/home/a/soccer_ws/src/turtlebot2_ros2/install/kobuki_safety_controller:/home/a/soccer_ws/src/turtlebot2_ros2/install/kobuki_random_walker:/home/a/soccer_ws/src/turtlebot2_ros2/install/kobuki_node:/home/a/soccer_ws/src/turtlebot2_ros2/install/kobuki_keyop:/home/a/soccer_ws/src/turtlebot2_ros2/install/kobuki_bumper2pc:/home/a/soccer_ws/src/turtlebot2_ros2/install/kobuki_auto_docking:/home/a/soccer_ws/src/turtlebot2_ros2/install/kobuki_ros_interfaces:/home/a/soccer_ws/src/turtlebot2_ros2/install/kobuki_description:/home/a/soccer_ws/src/turtlebot2_ros2/install/kobuki_core:/home/a/soccer_ws/src/turtlebot2_ros2/install/ecl_core:/home/a/soccer_ws/src/turtlebot2_ros2/install/ecl_core_apps:/home/a/soccer_ws/src/turtlebot2_ros2/install/ecl_streams:/home/a/soccer_ws/src/turtlebot2_ros2/install/ecl_sigslots:/home/a/soccer_ws/src/turtlebot2_ros2/install/ecl_ipc:/home/a/soccer_ws/src/turtlebot2_ros2/install/ecl_devices:/home/a/soccer_ws/src/turtlebot2_ros2/install/ecl_threads:/home/a/soccer_ws/src/turtlebot2_ros2/install/ecl_mobile_robot:/home/a/soccer_ws/src/turtlebot2_ros2/install/ecl_manipulators:/home/a/soccer_ws/src/turtlebot2_ros2/install/ecl_geometry:/home/a/soccer_ws/src/turtlebot2_ros2/install/ecl_containers:/home/a/soccer_ws/src/turtlebot2_ros2/install/ecl_utilities:/home/a/soccer_ws/src/turtlebot2_ros2/install/ecl_statistics:/home/a/soccer_ws/src/turtlebot2_ros2/install/ecl_linear_algebra:/home/a/soccer_ws/src/turtlebot2_ros2/install/ecl_math:/home/a/soccer_ws/src/turtlebot2_ros2/install/ecl_formatters:/home/a/soccer_ws/src/turtlebot2_ros2/install/ecl_converters:/home/a/soccer_ws/src/turtlebot2_ros2/install/ecl_concepts:/home/a/soccer_ws/src/turtlebot2_ros2/install/ecl_type_traits:/home/a/soccer_ws/src/turtlebot2_ros2/install/ecl_time:/home/a/soccer_ws/src/turtlebot2_ros2/install/ecl_lite:/home/a/soccer_ws/src/turtlebot2_ros2/install/ecl_time_lite:/home/a/soccer_ws/src/turtlebot2_ros2/install/ecl_sigslots_lite:/home/a/soccer_ws/src/turtlebot2_ros2/install/ecl_mpl:/home/a/soccer_ws/src/turtlebot2_ros2/install/ecl_io:/home/a/soccer_ws/src/turtlebot2_ros2/install/ecl_filesystem:/home/a/soccer_ws/src/turtlebot2_ros2/install/ecl_exceptions:/home/a/soccer_ws/src/turtlebot2_ros2/install/ecl_errors:/home/a/soccer_ws/src/turtlebot2_ros2/install/ecl_eigen:/home/a/soccer_ws/src/turtlebot2_ros2/install/ecl_converters_lite:/home/a/soccer_ws/src/turtlebot2_ros2/install/ecl_console:/home/a/soccer_ws/src/turtlebot2_ros2/install/ecl_config:/home/a/soccer_ws/src/turtlebot2_ros2/install/ecl_command_line:/home/a/soccer_ws/src/turtlebot2_ros2/install/cmd_vel_mux:/home/a/soccer_ws/install/perception:/opt/ros/humble LD_LIBRARY_PATH=/home/a/soccer_ws/install/realsense2_camera_msgs/lib:/home/a/soccer_ws/src/turtlebot2_ros2/install/kobuki_safety_controller/lib:/home/a/soccer_ws/src/turtlebot2_ros2/install/kobuki_random_walker/lib:/home/a/soccer_ws/src/turtlebot2_ros2/install/kobuki_node/lib:/home/a/soccer_ws/src/turtlebot2_ros2/install/kobuki_keyop/lib:/home/a/soccer_ws/src/turtlebot2_ros2/install/kobuki_bumper2pc/lib:/home/a/soccer_ws/src/turtlebot2_ros2/install/kobuki_auto_docking/lib:/home/a/soccer_ws/src/turtlebot2_ros2/install/kobuki_ros_interfaces/lib:/home/a/soccer_ws/src/turtlebot2_ros2/install/kobuki_core/lib:/home/a/soccer_ws/src/turtlebot2_ros2/install/ecl_streams/lib:/home/a/soccer_ws/src/turtlebot2_ros2/install/ecl_ipc/lib:/home/a/soccer_ws/src/turtlebot2_ros2/install/ecl_devices/lib:/home/a/soccer_ws/src/turtlebot2_ros2/install/ecl_threads/lib:/home/a/soccer_ws/src/turtlebot2_ros2/install/ecl_mobile_robot/lib:/home/a/soccer_ws/src/turtlebot2_ros2/install/ecl_manipulators/lib:/home/a/soccer_ws/src/turtlebot2_ros2/install/ecl_geometry/lib:/home/a/soccer_ws/src/turtlebot2_ros2/install/ecl_statistics/lib:/home/a/soccer_ws/src/turtlebot2_ros2/install/ecl_linear_algebra/lib:/home/a/soccer_ws/src/turtlebot2_ros2/install/ecl_formatters/lib:/home/a/soccer_ws/src/turtlebot2_ros2/install/ecl_type_traits/lib:/home/a/soccer_ws/src/turtlebot2_ros2/install/ecl_time/lib:/home/a/soccer_ws/src/turtlebot2_ros2/install/ecl_time_lite/lib:/home/a/soccer_ws/src/turtlebot2_ros2/install/ecl_io/lib:/home/a/soccer_ws/src/turtlebot2_ros2/install/ecl_filesystem/lib:/home/a/soccer_ws/src/turtlebot2_ros2/install/ecl_exceptions/lib:/home/a/soccer_ws/src/turtlebot2_ros2/install/ecl_errors/lib:/home/a/soccer_ws/src/turtlebot2_ros2/install/cmd_vel_mux/lib:/opt/ros/humble/opt/rviz_ogre_vendor/lib:/opt/ros/humble/lib/x86_64-linux-gnu:/opt/ros/humble/lib:/home/a/mujoco/mujoco-3.2.3/bin PYTHONPATH=/home/a/soccer_ws/install/realsense2_camera_msgs/local/lib/python3.10/dist-packages:${PYTHONPATH} /usr/bin/cmake --build /home/a/soccer_ws/build/realsense2_camera -- -j16 -l16
[9.137s] [  4%] [32mBuilding CXX object gtest/CMakeFiles/gtest_main.dir/src/gtest_main.cc.o[0m
[9.140s] [  8%] [32mBuilding CXX object CMakeFiles/realsense2_camera.dir/src/parameters.cpp.o[0m
[9.143s] [ 12%] [32mBuilding CXX object CMakeFiles/realsense2_camera.dir/src/ros_sensor.cpp.o[0m
[9.149s] [ 16%] [32mBuilding CXX object CMakeFiles/realsense2_camera.dir/src/ros_utils.cpp.o[0m
[9.151s] [ 20%] [32mBuilding CXX object CMakeFiles/realsense2_camera.dir/src/base_realsense_node.cpp.o[0m
[9.151s] [ 24%] [32mBuilding CXX object CMakeFiles/realsense2_camera.dir/src/rs_node_setup.cpp.o[0m
[9.151s] [ 28%] [32mBuilding CXX object CMakeFiles/realsense2_camera.dir/src/realsense_node_factory.cpp.o[0m
[9.153s] [ 32%] [32mBuilding CXX object CMakeFiles/realsense2_camera.dir/src/pointcloud_filter.cpp.o[0m
[9.157s] [ 36%] [32mBuilding CXX object CMakeFiles/realsense2_camera.dir/src/sensor_params.cpp.o[0m
[9.160s] [ 40%] [32mBuilding CXX object gtest/CMakeFiles/gtest.dir/src/gtest-all.cc.o[0m
[9.164s] [ 44%] [32mBuilding CXX object CMakeFiles/realsense2_camera.dir/src/dynamic_params.cpp.o[0m
[9.169s] [ 48%] [32mBuilding CXX object CMakeFiles/realsense2_camera.dir/src/align_depth_filter.cpp.o[0m
[9.170s] [ 52%] [32mBuilding CXX object CMakeFiles/realsense2_camera.dir/src/named_filter.cpp.o[0m
[9.170s] [ 56%] [32mBuilding CXX object CMakeFiles/realsense2_camera_node.dir/rclcpp_components/node_main_realsense2_camera_node.cpp.o[0m
[9.170s] [ 60%] [32mBuilding CXX object CMakeFiles/realsense2_camera.dir/src/image_publisher.cpp.o[0m
[9.182s] [ 64%] [32mBuilding CXX object CMakeFiles/realsense2_camera.dir/src/profile_manager.cpp.o[0m
[10.910s] [ 68%] [32m[1mLinking CXX static library libgtest_main.a[0m
[11.116s] [ 68%] Built target gtest_main
[11.147s] [ 72%] [32mBuilding CXX object CMakeFiles/realsense2_camera.dir/src/tfs.cpp.o[0m
[18.964s] [ 76%] [32mBuilding CXX object CMakeFiles/realsense2_camera.dir/src/actions.cpp.o[0m
[20.973s] [ 80%] [32m[1mLinking CXX executable realsense2_camera_node[0m
[21.333s] [ 80%] Built target realsense2_camera_node
[21.381s] [ 84%] [32mBuilding CXX object CMakeFiles/realsense2_camera.dir/src/ros_param_backend.cpp.o[0m
[32.977s] [ 88%] [32m[1mLinking CXX static library libgtest.a[0m
[33.119s] [ 88%] Built target gtest
[33.210s] [ 92%] [32mBuilding CXX object CMakeFiles/gtest_template.dir/test/gtest_template.cpp.o[0m
[34.389s] [ 96%] [32m[1mLinking CXX executable gtest_template[0m
[34.612s] [ 96%] Built target gtest_template
[50.962s] [100%] [32m[1mLinking CXX shared library librealsense2_camera.so[0m
[51.574s] [100%] Built target realsense2_camera
[51.594s] Invoked command in '/home/a/soccer_ws/build/realsense2_camera' returned '0': AMENT_PREFIX_PATH=/home/a/soccer_ws/install/realsense2_camera_msgs:${AMENT_PREFIX_PATH} CMAKE_PREFIX_PATH=/home/a/soccer_ws/install/realsense2_camera_msgs:/home/a/soccer_ws/src/turtlebot2_ros2/install/kobuki_ros:/home/a/soccer_ws/src/turtlebot2_ros2/install/kobuki_safety_controller:/home/a/soccer_ws/src/turtlebot2_ros2/install/kobuki_random_walker:/home/a/soccer_ws/src/turtlebot2_ros2/install/kobuki_node:/home/a/soccer_ws/src/turtlebot2_ros2/install/kobuki_keyop:/home/a/soccer_ws/src/turtlebot2_ros2/install/kobuki_bumper2pc:/home/a/soccer_ws/src/turtlebot2_ros2/install/kobuki_auto_docking:/home/a/soccer_ws/src/turtlebot2_ros2/install/kobuki_ros_interfaces:/home/a/soccer_ws/src/turtlebot2_ros2/install/kobuki_description:/home/a/soccer_ws/src/turtlebot2_ros2/install/kobuki_core:/home/a/soccer_ws/src/turtlebot2_ros2/install/ecl_core:/home/a/soccer_ws/src/turtlebot2_ros2/install/ecl_core_apps:/home/a/soccer_ws/src/turtlebot2_ros2/install/ecl_streams:/home/a/soccer_ws/src/turtlebot2_ros2/install/ecl_sigslots:/home/a/soccer_ws/src/turtlebot2_ros2/install/ecl_ipc:/home/a/soccer_ws/src/turtlebot2_ros2/install/ecl_devices:/home/a/soccer_ws/src/turtlebot2_ros2/install/ecl_threads:/home/a/soccer_ws/src/turtlebot2_ros2/install/ecl_mobile_robot:/home/a/soccer_ws/src/turtlebot2_ros2/install/ecl_manipulators:/home/a/soccer_ws/src/turtlebot2_ros2/install/ecl_geometry:/home/a/soccer_ws/src/turtlebot2_ros2/install/ecl_containers:/home/a/soccer_ws/src/turtlebot2_ros2/install/ecl_utilities:/home/a/soccer_ws/src/turtlebot2_ros2/install/ecl_statistics:/home/a/soccer_ws/src/turtlebot2_ros2/install/ecl_linear_algebra:/home/a/soccer_ws/src/turtlebot2_ros2/install/ecl_math:/home/a/soccer_ws/src/turtlebot2_ros2/install/ecl_formatters:/home/a/soccer_ws/src/turtlebot2_ros2/install/ecl_converters:/home/a/soccer_ws/src/turtlebot2_ros2/install/ecl_concepts:/home/a/soccer_ws/src/turtlebot2_ros2/install/ecl_type_traits:/home/a/soccer_ws/src/turtlebot2_ros2/install/ecl_time:/home/a/soccer_ws/src/turtlebot2_ros2/install/ecl_lite:/home/a/soccer_ws/src/turtlebot2_ros2/install/ecl_time_lite:/home/a/soccer_ws/src/turtlebot2_ros2/install/ecl_sigslots_lite:/home/a/soccer_ws/src/turtlebot2_ros2/install/ecl_mpl:/home/a/soccer_ws/src/turtlebot2_ros2/install/ecl_io:/home/a/soccer_ws/src/turtlebot2_ros2/install/ecl_filesystem:/home/a/soccer_ws/src/turtlebot2_ros2/install/ecl_exceptions:/home/a/soccer_ws/src/turtlebot2_ros2/install/ecl_errors:/home/a/soccer_ws/src/turtlebot2_ros2/install/ecl_eigen:/home/a/soccer_ws/src/turtlebot2_ros2/install/ecl_converters_lite:/home/a/soccer_ws/src/turtlebot2_ros2/install/ecl_console:/home/a/soccer_ws/src/turtlebot2_ros2/install/ecl_config:/home/a/soccer_ws/src/turtlebot2_ros2/install/ecl_command_line:/home/a/soccer_ws/src/turtlebot2_ros2/install/cmd_vel_mux:/home/a/soccer_ws/install/perception:/opt/ros/humble LD_LIBRARY_PATH=/home/a/soccer_ws/install/realsense2_camera_msgs/lib:/home/a/soccer_ws/src/turtlebot2_ros2/install/kobuki_safety_controller/lib:/home/a/soccer_ws/src/turtlebot2_ros2/install/kobuki_random_walker/lib:/home/a/soccer_ws/src/turtlebot2_ros2/install/kobuki_node/lib:/home/a/soccer_ws/src/turtlebot2_ros2/install/kobuki_keyop/lib:/home/a/soccer_ws/src/turtlebot2_ros2/install/kobuki_bumper2pc/lib:/home/a/soccer_ws/src/turtlebot2_ros2/install/kobuki_auto_docking/lib:/home/a/soccer_ws/src/turtlebot2_ros2/install/kobuki_ros_interfaces/lib:/home/a/soccer_ws/src/turtlebot2_ros2/install/kobuki_core/lib:/home/a/soccer_ws/src/turtlebot2_ros2/install/ecl_streams/lib:/home/a/soccer_ws/src/turtlebot2_ros2/install/ecl_ipc/lib:/home/a/soccer_ws/src/turtlebot2_ros2/install/ecl_devices/lib:/home/a/soccer_ws/src/turtlebot2_ros2/install/ecl_threads/lib:/home/a/soccer_ws/src/turtlebot2_ros2/install/ecl_mobile_robot/lib:/home/a/soccer_ws/src/turtlebot2_ros2/install/ecl_manipulators/lib:/home/a/soccer_ws/src/turtlebot2_ros2/install/ecl_geometry/lib:/home/a/soccer_ws/src/turtlebot2_ros2/install/ecl_statistics/lib:/home/a/soccer_ws/src/turtlebot2_ros2/install/ecl_linear_algebra/lib:/home/a/soccer_ws/src/turtlebot2_ros2/install/ecl_formatters/lib:/home/a/soccer_ws/src/turtlebot2_ros2/install/ecl_type_traits/lib:/home/a/soccer_ws/src/turtlebot2_ros2/install/ecl_time/lib:/home/a/soccer_ws/src/turtlebot2_ros2/install/ecl_time_lite/lib:/home/a/soccer_ws/src/turtlebot2_ros2/install/ecl_io/lib:/home/a/soccer_ws/src/turtlebot2_ros2/install/ecl_filesystem/lib:/home/a/soccer_ws/src/turtlebot2_ros2/install/ecl_exceptions/lib:/home/a/soccer_ws/src/turtlebot2_ros2/install/ecl_errors/lib:/home/a/soccer_ws/src/turtlebot2_ros2/install/cmd_vel_mux/lib:/opt/ros/humble/opt/rviz_ogre_vendor/lib:/opt/ros/humble/lib/x86_64-linux-gnu:/opt/ros/humble/lib:/home/a/mujoco/mujoco-3.2.3/bin PYTHONPATH=/home/a/soccer_ws/install/realsense2_camera_msgs/local/lib/python3.10/dist-packages:${PYTHONPATH} /usr/bin/cmake --build /home/a/soccer_ws/build/realsense2_camera -- -j16 -l16
[51.596s] Invoking command in '/home/a/soccer_ws/build/realsense2_camera': AMENT_PREFIX_PATH=/home/a/soccer_ws/install/realsense2_camera_msgs:${AMENT_PREFIX_PATH} CMAKE_PREFIX_PATH=/home/a/soccer_ws/install/realsense2_camera_msgs:/home/a/soccer_ws/src/turtlebot2_ros2/install/kobuki_ros:/home/a/soccer_ws/src/turtlebot2_ros2/install/kobuki_safety_controller:/home/a/soccer_ws/src/turtlebot2_ros2/install/kobuki_random_walker:/home/a/soccer_ws/src/turtlebot2_ros2/install/kobuki_node:/home/a/soccer_ws/src/turtlebot2_ros2/install/kobuki_keyop:/home/a/soccer_ws/src/turtlebot2_ros2/install/kobuki_bumper2pc:/home/a/soccer_ws/src/turtlebot2_ros2/install/kobuki_auto_docking:/home/a/soccer_ws/src/turtlebot2_ros2/install/kobuki_ros_interfaces:/home/a/soccer_ws/src/turtlebot2_ros2/install/kobuki_description:/home/a/soccer_ws/src/turtlebot2_ros2/install/kobuki_core:/home/a/soccer_ws/src/turtlebot2_ros2/install/ecl_core:/home/a/soccer_ws/src/turtlebot2_ros2/install/ecl_core_apps:/home/a/soccer_ws/src/turtlebot2_ros2/install/ecl_streams:/home/a/soccer_ws/src/turtlebot2_ros2/install/ecl_sigslots:/home/a/soccer_ws/src/turtlebot2_ros2/install/ecl_ipc:/home/a/soccer_ws/src/turtlebot2_ros2/install/ecl_devices:/home/a/soccer_ws/src/turtlebot2_ros2/install/ecl_threads:/home/a/soccer_ws/src/turtlebot2_ros2/install/ecl_mobile_robot:/home/a/soccer_ws/src/turtlebot2_ros2/install/ecl_manipulators:/home/a/soccer_ws/src/turtlebot2_ros2/install/ecl_geometry:/home/a/soccer_ws/src/turtlebot2_ros2/install/ecl_containers:/home/a/soccer_ws/src/turtlebot2_ros2/install/ecl_utilities:/home/a/soccer_ws/src/turtlebot2_ros2/install/ecl_statistics:/home/a/soccer_ws/src/turtlebot2_ros2/install/ecl_linear_algebra:/home/a/soccer_ws/src/turtlebot2_ros2/install/ecl_math:/home/a/soccer_ws/src/turtlebot2_ros2/install/ecl_formatters:/home/a/soccer_ws/src/turtlebot2_ros2/install/ecl_converters:/home/a/soccer_ws/src/turtlebot2_ros2/install/ecl_concepts:/home/a/soccer_ws/src/turtlebot2_ros2/install/ecl_type_traits:/home/a/soccer_ws/src/turtlebot2_ros2/install/ecl_time:/home/a/soccer_ws/src/turtlebot2_ros2/install/ecl_lite:/home/a/soccer_ws/src/turtlebot2_ros2/install/ecl_time_lite:/home/a/soccer_ws/src/turtlebot2_ros2/install/ecl_sigslots_lite:/home/a/soccer_ws/src/turtlebot2_ros2/install/ecl_mpl:/home/a/soccer_ws/src/turtlebot2_ros2/install/ecl_io:/home/a/soccer_ws/src/turtlebot2_ros2/install/ecl_filesystem:/home/a/soccer_ws/src/turtlebot2_ros2/install/ecl_exceptions:/home/a/soccer_ws/src/turtlebot2_ros2/install/ecl_errors:/home/a/soccer_ws/src/turtlebot2_ros2/install/ecl_eigen:/home/a/soccer_ws/src/turtlebot2_ros2/install/ecl_converters_lite:/home/a/soccer_ws/src/turtlebot2_ros2/install/ecl_console:/home/a/soccer_ws/src/turtlebot2_ros2/install/ecl_config:/home/a/soccer_ws/src/turtlebot2_ros2/install/ecl_command_line:/home/a/soccer_ws/src/turtlebot2_ros2/install/cmd_vel_mux:/home/a/soccer_ws/install/perception:/opt/ros/humble LD_LIBRARY_PATH=/home/a/soccer_ws/install/realsense2_camera_msgs/lib:/home/a/soccer_ws/src/turtlebot2_ros2/install/kobuki_safety_controller/lib:/home/a/soccer_ws/src/turtlebot2_ros2/install/kobuki_random_walker/lib:/home/a/soccer_ws/src/turtlebot2_ros2/install/kobuki_node/lib:/home/a/soccer_ws/src/turtlebot2_ros2/install/kobuki_keyop/lib:/home/a/soccer_ws/src/turtlebot2_ros2/install/kobuki_bumper2pc/lib:/home/a/soccer_ws/src/turtlebot2_ros2/install/kobuki_auto_docking/lib:/home/a/soccer_ws/src/turtlebot2_ros2/install/kobuki_ros_interfaces/lib:/home/a/soccer_ws/src/turtlebot2_ros2/install/kobuki_core/lib:/home/a/soccer_ws/src/turtlebot2_ros2/install/ecl_streams/lib:/home/a/soccer_ws/src/turtlebot2_ros2/install/ecl_ipc/lib:/home/a/soccer_ws/src/turtlebot2_ros2/install/ecl_devices/lib:/home/a/soccer_ws/src/turtlebot2_ros2/install/ecl_threads/lib:/home/a/soccer_ws/src/turtlebot2_ros2/install/ecl_mobile_robot/lib:/home/a/soccer_ws/src/turtlebot2_ros2/install/ecl_manipulators/lib:/home/a/soccer_ws/src/turtlebot2_ros2/install/ecl_geometry/lib:/home/a/soccer_ws/src/turtlebot2_ros2/install/ecl_statistics/lib:/home/a/soccer_ws/src/turtlebot2_ros2/install/ecl_linear_algebra/lib:/home/a/soccer_ws/src/turtlebot2_ros2/install/ecl_formatters/lib:/home/a/soccer_ws/src/turtlebot2_ros2/install/ecl_type_traits/lib:/home/a/soccer_ws/src/turtlebot2_ros2/install/ecl_time/lib:/home/a/soccer_ws/src/turtlebot2_ros2/install/ecl_time_lite/lib:/home/a/soccer_ws/src/turtlebot2_ros2/install/ecl_io/lib:/home/a/soccer_ws/src/turtlebot2_ros2/install/ecl_filesystem/lib:/home/a/soccer_ws/src/turtlebot2_ros2/install/ecl_exceptions/lib:/home/a/soccer_ws/src/turtlebot2_ros2/install/ecl_errors/lib:/home/a/soccer_ws/src/turtlebot2_ros2/install/cmd_vel_mux/lib:/opt/ros/humble/opt/rviz_ogre_vendor/lib:/opt/ros/humble/lib/x86_64-linux-gnu:/opt/ros/humble/lib:/home/a/mujoco/mujoco-3.2.3/bin PYTHONPATH=/home/a/soccer_ws/install/realsense2_camera_msgs/local/lib/python3.10/dist-packages:${PYTHONPATH} /usr/bin/cmake --install /home/a/soccer_ws/build/realsense2_camera
[51.609s] -- Install configuration: "Release"
[51.609s] -- Installing: /home/a/soccer_ws/install/realsense2_camera/share/realsense2_camera/config/global_settings.yaml
[51.609s] -- Installing: /home/a/soccer_ws/install/realsense2_camera/lib/realsense2_camera/realsense2_camera_node
[51.609s] -- Set runtime path of "/home/a/soccer_ws/install/realsense2_camera/lib/realsense2_camera/realsense2_camera_node" to ""
[51.610s] -- Installing: /home/a/soccer_ws/install/realsense2_camera/lib/librealsense2_camera.so
[51.614s] -- Set runtime path of "/home/a/soccer_ws/install/realsense2_camera/lib/librealsense2_camera.so" to ""
[51.614s] -- Installing: /home/a/soccer_ws/install/realsense2_camera/include
[51.615s] -- Installing: /home/a/soccer_ws/install/realsense2_camera/include/ros_sensor.h
[51.615s] -- Installing: /home/a/soccer_ws/install/realsense2_camera/include/ros_utils.h
[51.615s] -- Installing: /home/a/soccer_ws/install/realsense2_camera/include/dynamic_params.h
[51.615s] -- Installing: /home/a/soccer_ws/install/realsense2_camera/include/constants.h
[51.615s] -- Installing: /home/a/soccer_ws/install/realsense2_camera/include/realsense_node_factory.h
[51.615s] -- Installing: /home/a/soccer_ws/install/realsense2_camera/include/image_publisher.h
[51.616s] -- Installing: /home/a/soccer_ws/install/realsense2_camera/include/ros_param_backend.h
[51.616s] -- Installing: /home/a/soccer_ws/install/realsense2_camera/include/ros_node_base.h
[51.616s] -- Installing: /home/a/soccer_ws/install/realsense2_camera/include/named_filter.h
[51.616s] -- Installing: /home/a/soccer_ws/install/realsense2_camera/include/profile_manager.h
[51.616s] -- Installing: /home/a/soccer_ws/install/realsense2_camera/include/gl_window.h
[51.617s] -- Installing: /home/a/soccer_ws/install/realsense2_camera/include/pointcloud_filter.h
[51.617s] -- Installing: /home/a/soccer_ws/install/realsense2_camera/include/align_depth_filter.h
[51.617s] -- Installing: /home/a/soccer_ws/install/realsense2_camera/include/base_realsense_node.h
[51.617s] -- Installing: /home/a/soccer_ws/install/realsense2_camera/include/sensor_params.h
[51.617s] -- Installing: /home/a/soccer_ws/install/realsense2_camera/share/realsense2_camera/launch
[51.617s] -- Installing: /home/a/soccer_ws/install/realsense2_camera/share/realsense2_camera/launch/default.rviz
[51.618s] -- Installing: /home/a/soccer_ws/install/realsense2_camera/share/realsense2_camera/launch/rs_multi_camera_launch.py
[51.618s] -- Installing: /home/a/soccer_ws/install/realsense2_camera/share/realsense2_camera/launch/rs_intra_process_demo_launch.py
[51.618s] -- Installing: /home/a/soccer_ws/install/realsense2_camera/share/realsense2_camera/launch/rs_launch.py
[51.618s] -- Installing: /home/a/soccer_ws/install/realsense2_camera/share/realsense2_camera/launch/rs_multi_camera_launch_sync.py
[51.619s] -- Installing: /home/a/soccer_ws/install/realsense2_camera/share/realsense2_camera/examples
[51.619s] -- Installing: /home/a/soccer_ws/install/realsense2_camera/share/realsense2_camera/examples/launch_params_from_file
[51.619s] -- Installing: /home/a/soccer_ws/install/realsense2_camera/share/realsense2_camera/examples/launch_params_from_file/config
[51.619s] -- Installing: /home/a/soccer_ws/install/realsense2_camera/share/realsense2_camera/examples/launch_params_from_file/config/config.yaml
[51.619s] -- Installing: /home/a/soccer_ws/install/realsense2_camera/share/realsense2_camera/examples/launch_params_from_file/rs_launch_get_params_from_yaml.py
[51.619s] -- Installing: /home/a/soccer_ws/install/realsense2_camera/share/realsense2_camera/examples/launch_params_from_file/README.md
[51.620s] -- Installing: /home/a/soccer_ws/install/realsense2_camera/share/realsense2_camera/examples/d500_tables
[51.620s] -- Installing: /home/a/soccer_ws/install/realsense2_camera/share/realsense2_camera/examples/d500_tables/calib_config_example.json
[51.620s] -- Installing: /home/a/soccer_ws/install/realsense2_camera/share/realsense2_camera/examples/pointcloud
[51.620s] -- Installing: /home/a/soccer_ws/install/realsense2_camera/share/realsense2_camera/examples/pointcloud/rs_d405_pointcloud_launch.py
[51.620s] -- Installing: /home/a/soccer_ws/install/realsense2_camera/share/realsense2_camera/examples/pointcloud/rs_pointcloud_launch.py
[51.620s] -- Installing: /home/a/soccer_ws/install/realsense2_camera/share/realsense2_camera/examples/pointcloud/rs_pointcloud_infra_launch.py
[51.621s] -- Installing: /home/a/soccer_ws/install/realsense2_camera/share/realsense2_camera/examples/pointcloud/rviz
[51.621s] -- Installing: /home/a/soccer_ws/install/realsense2_camera/share/realsense2_camera/examples/pointcloud/rviz/urdf_pointcloud.rviz
[51.621s] -- Installing: /home/a/soccer_ws/install/realsense2_camera/share/realsense2_camera/examples/pointcloud/rviz/pointcloud.rviz
[51.621s] -- Installing: /home/a/soccer_ws/install/realsense2_camera/share/realsense2_camera/examples/pointcloud/rs_d455_pointcloud_launch.py
[51.621s] -- Installing: /home/a/soccer_ws/install/realsense2_camera/share/realsense2_camera/examples/pointcloud/README.md
[51.621s] -- Installing: /home/a/soccer_ws/install/realsense2_camera/share/realsense2_camera/examples/align_depth
[51.621s] -- Installing: /home/a/soccer_ws/install/realsense2_camera/share/realsense2_camera/examples/align_depth/rs_align_depth_launch.py
[51.622s] -- Installing: /home/a/soccer_ws/install/realsense2_camera/share/realsense2_camera/examples/align_depth/README.md
[51.622s] -- Installing: /home/a/soccer_ws/install/realsense2_camera/share/realsense2_camera/examples/dual_camera
[51.622s] -- Installing: /home/a/soccer_ws/install/realsense2_camera/share/realsense2_camera/examples/dual_camera/rs_dual_camera_launch.py
[51.622s] -- Installing: /home/a/soccer_ws/install/realsense2_camera/share/realsense2_camera/examples/dual_camera/rviz
[51.622s] -- Installing: /home/a/soccer_ws/install/realsense2_camera/share/realsense2_camera/examples/dual_camera/rviz/dual_camera_pointcloud.rviz
[51.623s] -- Installing: /home/a/soccer_ws/install/realsense2_camera/share/realsense2_camera/examples/dual_camera/README.md
[51.623s] -- Installing: /home/a/soccer_ws/install/realsense2_camera/share/realsense2_camera/examples/launch_from_rosbag
[51.623s] -- Installing: /home/a/soccer_ws/install/realsense2_camera/share/realsense2_camera/examples/launch_from_rosbag/rs_launch_from_rosbag.py
[51.623s] -- Installing: /home/a/soccer_ws/install/realsense2_camera/share/realsense2_camera/examples/launch_from_rosbag/README.md
[51.623s] -- Installing: /home/a/soccer_ws/install/realsense2_camera/share/realsense2_camera/environment/library_path.sh
[51.623s] -- Installing: /home/a/soccer_ws/install/realsense2_camera/share/realsense2_camera/environment/library_path.dsv
[51.623s] -- Installing: /home/a/soccer_ws/install/realsense2_camera/share/ament_index/resource_index/package_run_dependencies/realsense2_camera
[51.624s] -- Installing: /home/a/soccer_ws/install/realsense2_camera/share/ament_index/resource_index/parent_prefix_path/realsense2_camera
[51.624s] -- Installing: /home/a/soccer_ws/install/realsense2_camera/share/realsense2_camera/environment/ament_prefix_path.sh
[51.624s] -- Installing: /home/a/soccer_ws/install/realsense2_camera/share/realsense2_camera/environment/ament_prefix_path.dsv
[51.624s] -- Installing: /home/a/soccer_ws/install/realsense2_camera/share/realsense2_camera/environment/path.sh
[51.624s] -- Installing: /home/a/soccer_ws/install/realsense2_camera/share/realsense2_camera/environment/path.dsv
[51.624s] -- Installing: /home/a/soccer_ws/install/realsense2_camera/share/realsense2_camera/local_setup.bash
[51.624s] -- Installing: /home/a/soccer_ws/install/realsense2_camera/share/realsense2_camera/local_setup.sh
[51.624s] -- Installing: /home/a/soccer_ws/install/realsense2_camera/share/realsense2_camera/local_setup.zsh
[51.625s] -- Installing: /home/a/soccer_ws/install/realsense2_camera/share/realsense2_camera/local_setup.dsv
[51.625s] -- Installing: /home/a/soccer_ws/install/realsense2_camera/share/realsense2_camera/package.dsv
[51.625s] -- Installing: /home/a/soccer_ws/install/realsense2_camera/share/ament_index/resource_index/packages/realsense2_camera
[51.625s] -- Installing: /home/a/soccer_ws/install/realsense2_camera/share/ament_index/resource_index/rclcpp_components/realsense2_camera
[51.625s] -- Installing: /home/a/soccer_ws/install/realsense2_camera/share/realsense2_camera/cmake/ament_cmake_export_include_directories-extras.cmake
[51.625s] -- Installing: /home/a/soccer_ws/install/realsense2_camera/share/realsense2_camera/cmake/ament_cmake_export_libraries-extras.cmake
[51.626s] -- Installing: /home/a/soccer_ws/install/realsense2_camera/share/realsense2_camera/cmake/ament_cmake_export_dependencies-extras.cmake
[51.626s] -- Installing: /home/a/soccer_ws/install/realsense2_camera/share/realsense2_camera/cmake/realsense2_cameraConfig.cmake
[51.626s] -- Installing: /home/a/soccer_ws/install/realsense2_camera/share/realsense2_camera/cmake/realsense2_cameraConfig-version.cmake
[51.626s] -- Installing: /home/a/soccer_ws/install/realsense2_camera/share/realsense2_camera/package.xml
[51.628s] Invoked command in '/home/a/soccer_ws/build/realsense2_camera' returned '0': AMENT_PREFIX_PATH=/home/a/soccer_ws/install/realsense2_camera_msgs:${AMENT_PREFIX_PATH} CMAKE_PREFIX_PATH=/home/a/soccer_ws/install/realsense2_camera_msgs:/home/a/soccer_ws/src/turtlebot2_ros2/install/kobuki_ros:/home/a/soccer_ws/src/turtlebot2_ros2/install/kobuki_safety_controller:/home/a/soccer_ws/src/turtlebot2_ros2/install/kobuki_random_walker:/home/a/soccer_ws/src/turtlebot2_ros2/install/kobuki_node:/home/a/soccer_ws/src/turtlebot2_ros2/install/kobuki_keyop:/home/a/soccer_ws/src/turtlebot2_ros2/install/kobuki_bumper2pc:/home/a/soccer_ws/src/turtlebot2_ros2/install/kobuki_auto_docking:/home/a/soccer_ws/src/turtlebot2_ros2/install/kobuki_ros_interfaces:/home/a/soccer_ws/src/turtlebot2_ros2/install/kobuki_description:/home/a/soccer_ws/src/turtlebot2_ros2/install/kobuki_core:/home/a/soccer_ws/src/turtlebot2_ros2/install/ecl_core:/home/a/soccer_ws/src/turtlebot2_ros2/install/ecl_core_apps:/home/a/soccer_ws/src/turtlebot2_ros2/install/ecl_streams:/home/a/soccer_ws/src/turtlebot2_ros2/install/ecl_sigslots:/home/a/soccer_ws/src/turtlebot2_ros2/install/ecl_ipc:/home/a/soccer_ws/src/turtlebot2_ros2/install/ecl_devices:/home/a/soccer_ws/src/turtlebot2_ros2/install/ecl_threads:/home/a/soccer_ws/src/turtlebot2_ros2/install/ecl_mobile_robot:/home/a/soccer_ws/src/turtlebot2_ros2/install/ecl_manipulators:/home/a/soccer_ws/src/turtlebot2_ros2/install/ecl_geometry:/home/a/soccer_ws/src/turtlebot2_ros2/install/ecl_containers:/home/a/soccer_ws/src/turtlebot2_ros2/install/ecl_utilities:/home/a/soccer_ws/src/turtlebot2_ros2/install/ecl_statistics:/home/a/soccer_ws/src/turtlebot2_ros2/install/ecl_linear_algebra:/home/a/soccer_ws/src/turtlebot2_ros2/install/ecl_math:/home/a/soccer_ws/src/turtlebot2_ros2/install/ecl_formatters:/home/a/soccer_ws/src/turtlebot2_ros2/install/ecl_converters:/home/a/soccer_ws/src/turtlebot2_ros2/install/ecl_concepts:/home/a/soccer_ws/src/turtlebot2_ros2/install/ecl_type_traits:/home/a/soccer_ws/src/turtlebot2_ros2/install/ecl_time:/home/a/soccer_ws/src/turtlebot2_ros2/install/ecl_lite:/home/a/soccer_ws/src/turtlebot2_ros2/install/ecl_time_lite:/home/a/soccer_ws/src/turtlebot2_ros2/install/ecl_sigslots_lite:/home/a/soccer_ws/src/turtlebot2_ros2/install/ecl_mpl:/home/a/soccer_ws/src/turtlebot2_ros2/install/ecl_io:/home/a/soccer_ws/src/turtlebot2_ros2/install/ecl_filesystem:/home/a/soccer_ws/src/turtlebot2_ros2/install/ecl_exceptions:/home/a/soccer_ws/src/turtlebot2_ros2/install/ecl_errors:/home/a/soccer_ws/src/turtlebot2_ros2/install/ecl_eigen:/home/a/soccer_ws/src/turtlebot2_ros2/install/ecl_converters_lite:/home/a/soccer_ws/src/turtlebot2_ros2/install/ecl_console:/home/a/soccer_ws/src/turtlebot2_ros2/install/ecl_config:/home/a/soccer_ws/src/turtlebot2_ros2/install/ecl_command_line:/home/a/soccer_ws/src/turtlebot2_ros2/install/cmd_vel_mux:/home/a/soccer_ws/install/perception:/opt/ros/humble LD_LIBRARY_PATH=/home/a/soccer_ws/install/realsense2_camera_msgs/lib:/home/a/soccer_ws/src/turtlebot2_ros2/install/kobuki_safety_controller/lib:/home/a/soccer_ws/src/turtlebot2_ros2/install/kobuki_random_walker/lib:/home/a/soccer_ws/src/turtlebot2_ros2/install/kobuki_node/lib:/home/a/soccer_ws/src/turtlebot2_ros2/install/kobuki_keyop/lib:/home/a/soccer_ws/src/turtlebot2_ros2/install/kobuki_bumper2pc/lib:/home/a/soccer_ws/src/turtlebot2_ros2/install/kobuki_auto_docking/lib:/home/a/soccer_ws/src/turtlebot2_ros2/install/kobuki_ros_interfaces/lib:/home/a/soccer_ws/src/turtlebot2_ros2/install/kobuki_core/lib:/home/a/soccer_ws/src/turtlebot2_ros2/install/ecl_streams/lib:/home/a/soccer_ws/src/turtlebot2_ros2/install/ecl_ipc/lib:/home/a/soccer_ws/src/turtlebot2_ros2/install/ecl_devices/lib:/home/a/soccer_ws/src/turtlebot2_ros2/install/ecl_threads/lib:/home/a/soccer_ws/src/turtlebot2_ros2/install/ecl_mobile_robot/lib:/home/a/soccer_ws/src/turtlebot2_ros2/install/ecl_manipulators/lib:/home/a/soccer_ws/src/turtlebot2_ros2/install/ecl_geometry/lib:/home/a/soccer_ws/src/turtlebot2_ros2/install/ecl_statistics/lib:/home/a/soccer_ws/src/turtlebot2_ros2/install/ecl_linear_algebra/lib:/home/a/soccer_ws/src/turtlebot2_ros2/install/ecl_formatters/lib:/home/a/soccer_ws/src/turtlebot2_ros2/install/ecl_type_traits/lib:/home/a/soccer_ws/src/turtlebot2_ros2/install/ecl_time/lib:/home/a/soccer_ws/src/turtlebot2_ros2/install/ecl_time_lite/lib:/home/a/soccer_ws/src/turtlebot2_ros2/install/ecl_io/lib:/home/a/soccer_ws/src/turtlebot2_ros2/install/ecl_filesystem/lib:/home/a/soccer_ws/src/turtlebot2_ros2/install/ecl_exceptions/lib:/home/a/soccer_ws/src/turtlebot2_ros2/install/ecl_errors/lib:/home/a/soccer_ws/src/turtlebot2_ros2/install/cmd_vel_mux/lib:/opt/ros/humble/opt/rviz_ogre_vendor/lib:/opt/ros/humble/lib/x86_64-linux-gnu:/opt/ros/humble/lib:/home/a/mujoco/mujoco-3.2.3/bin PYTHONPATH=/home/a/soccer_ws/install/realsense2_camera_msgs/local/lib/python3.10/dist-packages:${PYTHONPATH} /usr/bin/cmake --install /home/a/soccer_ws/build/realsense2_camera
