[0.060s] Invoking command in '/home/a/soccer_ws/build/kobuki_description': CMAKE_PREFIX_PATH=${CMAKE_PREFIX_PATH}:/home/a/soccer_ws/install/perception:/opt/ros/humble /usr/bin/cmake --build /home/a/soccer_ws/build/kobuki_description -- -j16 -l16
[0.609s] Invoked command in '/home/a/soccer_ws/build/kobuki_description' returned '0': CMAKE_PREFIX_PATH=${CMAKE_PREFIX_PATH}:/home/a/soccer_ws/install/perception:/opt/ros/humble /usr/bin/cmake --build /home/a/soccer_ws/build/kobuki_description -- -j16 -l16
[0.611s] Invoking command in '/home/a/soccer_ws/build/kobuki_description': CMAKE_PREFIX_PATH=${CMAKE_PREFIX_PATH}:/home/a/soccer_ws/install/perception:/opt/ros/humble /usr/bin/cmake --install /home/a/soccer_ws/build/kobuki_description
[0.646s] -- Install configuration: ""
[0.647s] -- Up-to-date: /home/a/soccer_ws/install/kobuki_description/share/kobuki_description/launch
[0.647s] -- Up-to-date: /home/a/soccer_ws/install/kobuki_description/share/kobuki_description/launch/robot_description.launch.py
[0.647s] -- Up-to-date: /home/a/soccer_ws/install/kobuki_description/share/kobuki_description/meshes
[0.647s] -- Up-to-date: /home/a/soccer_ws/install/kobuki_description/share/kobuki_description/meshes/wheel.dae
[0.647s] -- Up-to-date: /home/a/soccer_ws/install/kobuki_description/share/kobuki_description/meshes/images
[0.647s] -- Up-to-date: /home/a/soccer_ws/install/kobuki_description/share/kobuki_description/meshes/images/main_body.jpg
[0.648s] -- Up-to-date: /home/a/soccer_ws/install/kobuki_description/share/kobuki_description/meshes/images/wheel.jpg
[0.648s] -- Up-to-date: /home/a/soccer_ws/install/kobuki_description/share/kobuki_description/meshes/main_body.dae
[0.650s] -- Up-to-date: /home/a/soccer_ws/install/kobuki_description/share/kobuki_description/rviz
[0.651s] -- Up-to-date: /home/a/soccer_ws/install/kobuki_description/share/kobuki_description/rviz/model.rviz
[0.652s] -- Up-to-date: /home/a/soccer_ws/install/kobuki_description/share/kobuki_description/urdf
[0.652s] -- Up-to-date: /home/a/soccer_ws/install/kobuki_description/share/kobuki_description/urdf/kobuki.urdf.xacro
[0.652s] -- Up-to-date: /home/a/soccer_ws/install/kobuki_description/share/kobuki_description/urdf/kobuki_standalone.urdf.xacro
[0.652s] -- Up-to-date: /home/a/soccer_ws/install/kobuki_description/share/kobuki_description/urdf/common_properties.urdf.xacro
[0.652s] -- Up-to-date: /home/a/soccer_ws/install/kobuki_description/share/kobuki_description/urdf/kobuki_gazebo.urdf.xacro
[0.652s] -- Up-to-date: /home/a/soccer_ws/install/kobuki_description/share/ament_index/resource_index/package_run_dependencies/kobuki_description
[0.652s] -- Up-to-date: /home/a/soccer_ws/install/kobuki_description/share/ament_index/resource_index/parent_prefix_path/kobuki_description
[0.653s] -- Up-to-date: /home/a/soccer_ws/install/kobuki_description/share/kobuki_description/environment/ament_prefix_path.sh
[0.653s] -- Up-to-date: /home/a/soccer_ws/install/kobuki_description/share/kobuki_description/environment/ament_prefix_path.dsv
[0.653s] -- Up-to-date: /home/a/soccer_ws/install/kobuki_description/share/kobuki_description/environment/path.sh
[0.653s] -- Up-to-date: /home/a/soccer_ws/install/kobuki_description/share/kobuki_description/environment/path.dsv
[0.653s] -- Up-to-date: /home/a/soccer_ws/install/kobuki_description/share/kobuki_description/local_setup.bash
[0.653s] -- Up-to-date: /home/a/soccer_ws/install/kobuki_description/share/kobuki_description/local_setup.sh
[0.653s] -- Up-to-date: /home/a/soccer_ws/install/kobuki_description/share/kobuki_description/local_setup.zsh
[0.653s] -- Up-to-date: /home/a/soccer_ws/install/kobuki_description/share/kobuki_description/local_setup.dsv
[0.655s] -- Installing: /home/a/soccer_ws/install/kobuki_description/share/kobuki_description/package.dsv
[0.655s] -- Up-to-date: /home/a/soccer_ws/install/kobuki_description/share/ament_index/resource_index/packages/kobuki_description
[0.655s] -- Up-to-date: /home/a/soccer_ws/install/kobuki_description/share/kobuki_description/cmake/kobuki_descriptionConfig.cmake
[0.655s] -- Up-to-date: /home/a/soccer_ws/install/kobuki_description/share/kobuki_description/cmake/kobuki_descriptionConfig-version.cmake
[0.656s] -- Up-to-date: /home/a/soccer_ws/install/kobuki_description/share/kobuki_description/package.xml
[0.715s] Invoked command in '/home/a/soccer_ws/build/kobuki_description' returned '0': CMAKE_PREFIX_PATH=${CMAKE_PREFIX_PATH}:/home/a/soccer_ws/install/perception:/opt/ros/humble /usr/bin/cmake --install /home/a/soccer_ws/build/kobuki_description
