[0.101s] Invoking command in '/home/a/soccer_ws/build/ecl_config': CMAKE_PREFIX_PATH=${CMAKE_PREFIX_PATH}:/home/a/soccer_ws/install/perception:/opt/ros/humble /usr/bin/cmake --build /home/a/soccer_ws/build/ecl_config -- -j16 -l16
[0.240s] [ 12%] Built target gtest_main
[0.244s] [ 25%] Built target ecl_detect_posix
[0.245s] [ 37%] Built target ecl_detect_endian
[0.258s] [ 50%] Built target gtest
[0.369s] [ 62%] Built target ecl_test_macros
[0.373s] [ 75%] Built target ecl_test_char_sign
[0.378s] [ 87%] Built target ecl_test_portable_types
[0.396s] [100%] Built target ecl_test_endianness
[0.695s] Invoked command in '/home/a/soccer_ws/build/ecl_config' returned '0': CMAKE_PREFIX_PATH=${CMAKE_PREFIX_PATH}:/home/a/soccer_ws/install/perception:/opt/ros/humble /usr/bin/cmake --build /home/a/soccer_ws/build/ecl_config -- -j16 -l16
[0.697s] Invoking command in '/home/a/soccer_ws/build/ecl_config': CMAKE_PREFIX_PATH=${CMAKE_PREFIX_PATH}:/home/a/soccer_ws/install/perception:/opt/ros/humble /usr/bin/cmake --install /home/a/soccer_ws/build/ecl_config
[0.718s] -- Install configuration: ""
[0.718s] -- Up-to-date: /home/a/soccer_ws/install/ecl_config/share/ament_index/resource_index/package_run_dependencies/ecl_config
[0.718s] -- Up-to-date: /home/a/soccer_ws/install/ecl_config/share/ament_index/resource_index/parent_prefix_path/ecl_config
[0.718s] -- Up-to-date: /home/a/soccer_ws/install/ecl_config/share/ecl_config/environment/ament_prefix_path.sh
[0.718s] -- Up-to-date: /home/a/soccer_ws/install/ecl_config/share/ecl_config/environment/ament_prefix_path.dsv
[0.718s] -- Up-to-date: /home/a/soccer_ws/install/ecl_config/share/ecl_config/environment/path.sh
[0.718s] -- Up-to-date: /home/a/soccer_ws/install/ecl_config/share/ecl_config/environment/path.dsv
[0.719s] -- Up-to-date: /home/a/soccer_ws/install/ecl_config/share/ecl_config/local_setup.bash
[0.719s] -- Up-to-date: /home/a/soccer_ws/install/ecl_config/share/ecl_config/local_setup.sh
[0.719s] -- Up-to-date: /home/a/soccer_ws/install/ecl_config/share/ecl_config/local_setup.zsh
[0.719s] -- Up-to-date: /home/a/soccer_ws/install/ecl_config/share/ecl_config/local_setup.dsv
[0.719s] -- Installing: /home/a/soccer_ws/install/ecl_config/share/ecl_config/package.dsv
[0.719s] -- Up-to-date: /home/a/soccer_ws/install/ecl_config/share/ament_index/resource_index/packages/ecl_config
[0.719s] -- Up-to-date: /home/a/soccer_ws/install/ecl_config/share/ecl_config/cmake/ecl_configExport.cmake
[0.719s] -- Up-to-date: /home/a/soccer_ws/install/ecl_config/share/ecl_config/cmake/ament_cmake_export_targets-extras.cmake
[0.719s] -- Up-to-date: /home/a/soccer_ws/install/ecl_config/share/ecl_config/cmake/ament_cmake_export_include_directories-extras.cmake
[0.719s] -- Up-to-date: /home/a/soccer_ws/install/ecl_config/share/ecl_config/cmake/ecl_configConfig.cmake
[0.719s] -- Up-to-date: /home/a/soccer_ws/install/ecl_config/share/ecl_config/cmake/ecl_configConfig-version.cmake
[0.719s] -- Up-to-date: /home/a/soccer_ws/install/ecl_config/share/ecl_config/package.xml
[0.719s] -- Up-to-date: /home/a/soccer_ws/install/ecl_config/include/ecl/config.hpp
[0.719s] -- Up-to-date: /home/a/soccer_ws/install/ecl_config/include/ecl/config/ecl.hpp
[0.720s] -- Up-to-date: /home/a/soccer_ws/install/ecl_config/include/ecl/config/char_sign.hpp
[0.720s] -- Up-to-date: /home/a/soccer_ws/install/ecl_config/include/ecl/config/ecl_unknown.hpp
[0.720s] -- Up-to-date: /home/a/soccer_ws/install/ecl_config/include/ecl/config/endianness.hpp
[0.720s] -- Up-to-date: /home/a/soccer_ws/install/ecl_config/include/ecl/config/macros.hpp
[0.720s] -- Up-to-date: /home/a/soccer_ws/install/ecl_config/include/ecl/config/portable_types.hpp
[0.720s] -- Up-to-date: /home/a/soccer_ws/install/ecl_config/include/ecl/config/windows.hpp
[0.721s] -- Up-to-date: /home/a/soccer_ws/install/ecl_config/bin/ecl_detect_endian
[0.721s] -- Up-to-date: /home/a/soccer_ws/install/ecl_config/bin/ecl_detect_posix
[0.820s] Invoked command in '/home/a/soccer_ws/build/ecl_config' returned '0': CMAKE_PREFIX_PATH=${CMAKE_PREFIX_PATH}:/home/a/soccer_ws/install/perception:/opt/ros/humble /usr/bin/cmake --install /home/a/soccer_ws/build/ecl_config
