[0.088s] Invoking command in '/home/a/soccer_ws/build/ecl_mpl': CMAKE_PREFIX_PATH=${CMAKE_PREFIX_PATH}:/home/a/soccer_ws/install/perception:/opt/ros/humble /usr/bin/cmake --build /home/a/soccer_ws/build/ecl_mpl -- -j16 -l16
[0.183s] [35m[1mConsolidate compiler generated dependencies of target gtest[0m
[0.190s] [35m[1mConsolidate compiler generated dependencies of target gtest_main[0m
[0.225s] [ 33%] Built target gtest
[0.238s] [ 66%] Built target gtest_main
[0.277s] [35m[1mConsolidate compiler generated dependencies of target test_enable_if[0m
[0.330s] [100%] Built target test_enable_if
[0.654s] Invoked command in '/home/a/soccer_ws/build/ecl_mpl' returned '0': CMAKE_PREFIX_PATH=${CMAKE_PREFIX_PATH}:/home/a/soccer_ws/install/perception:/opt/ros/humble /usr/bin/cmake --build /home/a/soccer_ws/build/ecl_mpl -- -j16 -l16
[0.658s] Invoking command in '/home/a/soccer_ws/build/ecl_mpl': CMAKE_PREFIX_PATH=${CMAKE_PREFIX_PATH}:/home/a/soccer_ws/install/perception:/opt/ros/humble /usr/bin/cmake --install /home/a/soccer_ws/build/ecl_mpl
[0.699s] -- Install configuration: ""
[0.699s] -- Up-to-date: /home/a/soccer_ws/install/ecl_mpl/share/ament_index/resource_index/package_run_dependencies/ecl_mpl
[0.699s] -- Up-to-date: /home/a/soccer_ws/install/ecl_mpl/share/ament_index/resource_index/parent_prefix_path/ecl_mpl
[0.699s] -- Up-to-date: /home/a/soccer_ws/install/ecl_mpl/share/ecl_mpl/environment/ament_prefix_path.sh
[0.699s] -- Up-to-date: /home/a/soccer_ws/install/ecl_mpl/share/ecl_mpl/environment/ament_prefix_path.dsv
[0.699s] -- Up-to-date: /home/a/soccer_ws/install/ecl_mpl/share/ecl_mpl/environment/path.sh
[0.699s] -- Up-to-date: /home/a/soccer_ws/install/ecl_mpl/share/ecl_mpl/environment/path.dsv
[0.700s] -- Up-to-date: /home/a/soccer_ws/install/ecl_mpl/share/ecl_mpl/local_setup.bash
[0.700s] -- Up-to-date: /home/a/soccer_ws/install/ecl_mpl/share/ecl_mpl/local_setup.sh
[0.700s] -- Up-to-date: /home/a/soccer_ws/install/ecl_mpl/share/ecl_mpl/local_setup.zsh
[0.700s] -- Up-to-date: /home/a/soccer_ws/install/ecl_mpl/share/ecl_mpl/local_setup.dsv
[0.700s] -- Installing: /home/a/soccer_ws/install/ecl_mpl/share/ecl_mpl/package.dsv
[0.700s] -- Up-to-date: /home/a/soccer_ws/install/ecl_mpl/share/ament_index/resource_index/packages/ecl_mpl
[0.700s] -- Up-to-date: /home/a/soccer_ws/install/ecl_mpl/share/ecl_mpl/cmake/ecl_mplExport.cmake
[0.700s] -- Up-to-date: /home/a/soccer_ws/install/ecl_mpl/share/ecl_mpl/cmake/ament_cmake_export_targets-extras.cmake
[0.700s] -- Up-to-date: /home/a/soccer_ws/install/ecl_mpl/share/ecl_mpl/cmake/ament_cmake_export_include_directories-extras.cmake
[0.700s] -- Up-to-date: /home/a/soccer_ws/install/ecl_mpl/share/ecl_mpl/cmake/ecl_mplConfig.cmake
[0.700s] -- Up-to-date: /home/a/soccer_ws/install/ecl_mpl/share/ecl_mpl/cmake/ecl_mplConfig-version.cmake
[0.700s] -- Up-to-date: /home/a/soccer_ws/install/ecl_mpl/share/ecl_mpl/package.xml
[0.700s] -- Up-to-date: /home/a/soccer_ws/install/ecl_mpl/include/ecl/mpl.hpp
[0.701s] -- Up-to-date: /home/a/soccer_ws/install/ecl_mpl/include/ecl/mpl/bool.hpp
[0.701s] -- Up-to-date: /home/a/soccer_ws/install/ecl_mpl/include/ecl/mpl/converters.hpp
[0.701s] -- Up-to-date: /home/a/soccer_ws/install/ecl_mpl/include/ecl/mpl/enable_if.hpp
[0.701s] -- Up-to-date: /home/a/soccer_ws/install/ecl_mpl/include/ecl/mpl/failed_object.hpp
[0.701s] -- Up-to-date: /home/a/soccer_ws/install/ecl_mpl/include/ecl/mpl/if.hpp
[0.802s] Invoked command in '/home/a/soccer_ws/build/ecl_mpl' returned '0': CMAKE_PREFIX_PATH=${CMAKE_PREFIX_PATH}:/home/a/soccer_ws/install/perception:/opt/ros/humble /usr/bin/cmake --install /home/a/soccer_ws/build/ecl_mpl
