running egg_info
writing ../../build/perception/perception.egg-info/PKG-INFO
writing dependency_links to ../../build/perception/perception.egg-info/dependency_links.txt
writing entry points to ../../build/perception/perception.egg-info/entry_points.txt
writing requirements to ../../build/perception/perception.egg-info/requires.txt
writing top-level names to ../../build/perception/perception.egg-info/top_level.txt
reading manifest file '../../build/perception/perception.egg-info/SOURCES.txt'
writing manifest file '../../build/perception/perception.egg-info/SOURCES.txt'
running build
running build_py
copying perception/ball_detector_node copy.py -> /home/a/soccer_ws/build/perception/build/lib/perception
copying perception/integration.py -> /home/a/soccer_ws/build/perception/build/lib/perception
copying perception/ball_detector_node.py -> /home/a/soccer_ws/build/perception/build/lib/perception
running install
running install_lib
copying /home/a/soccer_ws/build/perception/build/lib/perception/ball_detector_node copy.py -> /home/a/soccer_ws/install/perception/lib/python3.10/site-packages/perception
copying /home/a/soccer_ws/build/perception/build/lib/perception/integration.py -> /home/a/soccer_ws/install/perception/lib/python3.10/site-packages/perception
copying /home/a/soccer_ws/build/perception/build/lib/perception/ball_detector_node.py -> /home/a/soccer_ws/install/perception/lib/python3.10/site-packages/perception
byte-compiling /home/a/soccer_ws/install/perception/lib/python3.10/site-packages/perception/ball_detector_node copy.py to ball_detector_node copy.cpython-310.pyc
byte-compiling /home/a/soccer_ws/install/perception/lib/python3.10/site-packages/perception/integration.py to integration.cpython-310.pyc
byte-compiling /home/a/soccer_ws/install/perception/lib/python3.10/site-packages/perception/ball_detector_node.py to ball_detector_node.cpython-310.pyc
running install_data
running install_egg_info
removing '/home/a/soccer_ws/install/perception/lib/python3.10/site-packages/perception-0.0.0-py3.10.egg-info' (and everything under it)
Copying ../../build/perception/perception.egg-info to /home/a/soccer_ws/install/perception/lib/python3.10/site-packages/perception-0.0.0-py3.10.egg-info
running install_scripts
Installing ball_detector script to /home/a/soccer_ws/install/perception/lib/perception
Installing ball_follower script to /home/a/soccer_ws/install/perception/lib/perception
writing list of installed files to '/home/a/soccer_ws/build/perception/install.log'
