[0.067s] Invoking command in '/home/a/soccer_ws/build/kobuki_ros_interfaces': CMAKE_PREFIX_PATH=${CMAKE_PREFIX_PATH}:/home/a/soccer_ws/install/perception:/opt/ros/humble /usr/bin/cmake --build /home/a/soccer_ws/build/kobuki_ros_interfaces -- -j16 -l16
[0.264s] [  0%] Built target kobuki_ros_interfaces__cpp
[0.276s] [ 12%] Built target kobuki_ros_interfaces__rosidl_generator_c
[0.318s] [ 12%] Built target ament_cmake_python_copy_kobuki_ros_interfaces
[0.412s] [ 26%] Built target kobuki_ros_interfaces__rosidl_typesupport_cpp
[0.412s] [ 36%] Built target kobuki_ros_interfaces__rosidl_typesupport_introspection_cpp
[0.414s] [ 48%] Built target kobuki_ros_interfaces__rosidl_typesupport_introspection_c
[0.414s] [ 60%] Built target kobuki_ros_interfaces__rosidl_typesupport_c
[0.415s] [ 72%] Built target kobuki_ros_interfaces__rosidl_typesupport_fastrtps_c
[0.427s] [ 84%] Built target kobuki_ros_interfaces__rosidl_typesupport_fastrtps_cpp
[0.479s] [ 84%] Built target kobuki_ros_interfaces
[0.532s] [ 85%] Built target kobuki_ros_interfaces__py
[0.601s] [ 96%] Built target kobuki_ros_interfaces__rosidl_generator_py
[0.675s] [ 97%] Built target kobuki_ros_interfaces__rosidl_typesupport_c__pyext
[0.676s] [ 99%] Built target kobuki_ros_interfaces__rosidl_typesupport_introspection_c__pyext
[0.680s] [100%] Built target kobuki_ros_interfaces__rosidl_typesupport_fastrtps_c__pyext
[0.764s] running egg_info
[0.767s] writing kobuki_ros_interfaces.egg-info/PKG-INFO
[0.767s] writing dependency_links to kobuki_ros_interfaces.egg-info/dependency_links.txt
[0.767s] writing top-level names to kobuki_ros_interfaces.egg-info/top_level.txt
[0.773s] reading manifest file 'kobuki_ros_interfaces.egg-info/SOURCES.txt'
[0.774s] writing manifest file 'kobuki_ros_interfaces.egg-info/SOURCES.txt'
[0.824s] [100%] Built target ament_cmake_python_build_kobuki_ros_interfaces_egg
[0.854s] Invoked command in '/home/a/soccer_ws/build/kobuki_ros_interfaces' returned '0': CMAKE_PREFIX_PATH=${CMAKE_PREFIX_PATH}:/home/a/soccer_ws/install/perception:/opt/ros/humble /usr/bin/cmake --build /home/a/soccer_ws/build/kobuki_ros_interfaces -- -j16 -l16
[0.856s] Invoking command in '/home/a/soccer_ws/build/kobuki_ros_interfaces': CMAKE_PREFIX_PATH=${CMAKE_PREFIX_PATH}:/home/a/soccer_ws/install/perception:/opt/ros/humble /usr/bin/cmake --install /home/a/soccer_ws/build/kobuki_ros_interfaces
[0.873s] -- Install configuration: ""
[0.874s] -- Up-to-date: /home/a/soccer_ws/install/kobuki_ros_interfaces/share/ament_index/resource_index/rosidl_interfaces/kobuki_ros_interfaces
[0.874s] -- Up-to-date: /home/a/soccer_ws/install/kobuki_ros_interfaces/include/kobuki_ros_interfaces/kobuki_ros_interfaces
[0.874s] -- Up-to-date: /home/a/soccer_ws/install/kobuki_ros_interfaces/include/kobuki_ros_interfaces/kobuki_ros_interfaces/action
[0.874s] -- Up-to-date: /home/a/soccer_ws/install/kobuki_ros_interfaces/include/kobuki_ros_interfaces/kobuki_ros_interfaces/action/auto_docking.h
[0.874s] -- Up-to-date: /home/a/soccer_ws/install/kobuki_ros_interfaces/include/kobuki_ros_interfaces/kobuki_ros_interfaces/action/detail
[0.874s] -- Up-to-date: /home/a/soccer_ws/install/kobuki_ros_interfaces/include/kobuki_ros_interfaces/kobuki_ros_interfaces/action/detail/auto_docking__struct.h
[0.874s] -- Up-to-date: /home/a/soccer_ws/install/kobuki_ros_interfaces/include/kobuki_ros_interfaces/kobuki_ros_interfaces/action/detail/auto_docking__functions.h
[0.874s] -- Up-to-date: /home/a/soccer_ws/install/kobuki_ros_interfaces/include/kobuki_ros_interfaces/kobuki_ros_interfaces/action/detail/auto_docking__type_support.h
[0.874s] -- Up-to-date: /home/a/soccer_ws/install/kobuki_ros_interfaces/include/kobuki_ros_interfaces/kobuki_ros_interfaces/action/detail/auto_docking__functions.c
[0.875s] -- Up-to-date: /home/a/soccer_ws/install/kobuki_ros_interfaces/include/kobuki_ros_interfaces/kobuki_ros_interfaces/msg
[0.875s] -- Up-to-date: /home/a/soccer_ws/install/kobuki_ros_interfaces/include/kobuki_ros_interfaces/kobuki_ros_interfaces/msg/sensor_state.h
[0.875s] -- Up-to-date: /home/a/soccer_ws/install/kobuki_ros_interfaces/include/kobuki_ros_interfaces/kobuki_ros_interfaces/msg/bumper_event.h
[0.876s] -- Up-to-date: /home/a/soccer_ws/install/kobuki_ros_interfaces/include/kobuki_ros_interfaces/kobuki_ros_interfaces/msg/wheel_drop_event.h
[0.877s] -- Up-to-date: /home/a/soccer_ws/install/kobuki_ros_interfaces/include/kobuki_ros_interfaces/kobuki_ros_interfaces/msg/external_power.h
[0.877s] -- Up-to-date: /home/a/soccer_ws/install/kobuki_ros_interfaces/include/kobuki_ros_interfaces/kobuki_ros_interfaces/msg/digital_output.h
[0.877s] -- Up-to-date: /home/a/soccer_ws/install/kobuki_ros_interfaces/include/kobuki_ros_interfaces/kobuki_ros_interfaces/msg/sound.h
[0.877s] -- Up-to-date: /home/a/soccer_ws/install/kobuki_ros_interfaces/include/kobuki_ros_interfaces/kobuki_ros_interfaces/msg/robot_state_event.h
[0.877s] -- Up-to-date: /home/a/soccer_ws/install/kobuki_ros_interfaces/include/kobuki_ros_interfaces/kobuki_ros_interfaces/msg/led.h
[0.877s] -- Up-to-date: /home/a/soccer_ws/install/kobuki_ros_interfaces/include/kobuki_ros_interfaces/kobuki_ros_interfaces/msg/controller_info.h
[0.878s] -- Up-to-date: /home/a/soccer_ws/install/kobuki_ros_interfaces/include/kobuki_ros_interfaces/kobuki_ros_interfaces/msg/dock_infra_red.h
[0.878s] -- Up-to-date: /home/a/soccer_ws/install/kobuki_ros_interfaces/include/kobuki_ros_interfaces/kobuki_ros_interfaces/msg/version_info.h
[0.878s] -- Up-to-date: /home/a/soccer_ws/install/kobuki_ros_interfaces/include/kobuki_ros_interfaces/kobuki_ros_interfaces/msg/motor_power.h
[0.878s] -- Up-to-date: /home/a/soccer_ws/install/kobuki_ros_interfaces/include/kobuki_ros_interfaces/kobuki_ros_interfaces/msg/cliff_event.h
[0.878s] -- Up-to-date: /home/a/soccer_ws/install/kobuki_ros_interfaces/include/kobuki_ros_interfaces/kobuki_ros_interfaces/msg/keyboard_input.h
[0.878s] -- Up-to-date: /home/a/soccer_ws/install/kobuki_ros_interfaces/include/kobuki_ros_interfaces/kobuki_ros_interfaces/msg/power_system_event.h
[0.878s] -- Up-to-date: /home/a/soccer_ws/install/kobuki_ros_interfaces/include/kobuki_ros_interfaces/kobuki_ros_interfaces/msg/digital_input_event.h
[0.878s] -- Up-to-date: /home/a/soccer_ws/install/kobuki_ros_interfaces/include/kobuki_ros_interfaces/kobuki_ros_interfaces/msg/button_event.h
[0.878s] -- Up-to-date: /home/a/soccer_ws/install/kobuki_ros_interfaces/include/kobuki_ros_interfaces/kobuki_ros_interfaces/msg/scan_angle.h
[0.879s] -- Up-to-date: /home/a/soccer_ws/install/kobuki_ros_interfaces/include/kobuki_ros_interfaces/kobuki_ros_interfaces/msg/detail
[0.879s] -- Up-to-date: /home/a/soccer_ws/install/kobuki_ros_interfaces/include/kobuki_ros_interfaces/kobuki_ros_interfaces/msg/detail/robot_state_event__struct.h
[0.879s] -- Up-to-date: /home/a/soccer_ws/install/kobuki_ros_interfaces/include/kobuki_ros_interfaces/kobuki_ros_interfaces/msg/detail/power_system_event__functions.c
[0.879s] -- Up-to-date: /home/a/soccer_ws/install/kobuki_ros_interfaces/include/kobuki_ros_interfaces/kobuki_ros_interfaces/msg/detail/wheel_drop_event__functions.c
[0.880s] -- Up-to-date: /home/a/soccer_ws/install/kobuki_ros_interfaces/include/kobuki_ros_interfaces/kobuki_ros_interfaces/msg/detail/power_system_event__type_support.h
[0.880s] -- Up-to-date: /home/a/soccer_ws/install/kobuki_ros_interfaces/include/kobuki_ros_interfaces/kobuki_ros_interfaces/msg/detail/keyboard_input__functions.c
[0.880s] -- Up-to-date: /home/a/soccer_ws/install/kobuki_ros_interfaces/include/kobuki_ros_interfaces/kobuki_ros_interfaces/msg/detail/version_info__struct.h
[0.880s] -- Up-to-date: /home/a/soccer_ws/install/kobuki_ros_interfaces/include/kobuki_ros_interfaces/kobuki_ros_interfaces/msg/detail/version_info__type_support.h
[0.880s] -- Up-to-date: /home/a/soccer_ws/install/kobuki_ros_interfaces/include/kobuki_ros_interfaces/kobuki_ros_interfaces/msg/detail/sensor_state__struct.h
[0.880s] -- Up-to-date: /home/a/soccer_ws/install/kobuki_ros_interfaces/include/kobuki_ros_interfaces/kobuki_ros_interfaces/msg/detail/button_event__struct.h
[0.880s] -- Up-to-date: /home/a/soccer_ws/install/kobuki_ros_interfaces/include/kobuki_ros_interfaces/kobuki_ros_interfaces/msg/detail/controller_info__functions.h
[0.880s] -- Up-to-date: /home/a/soccer_ws/install/kobuki_ros_interfaces/include/kobuki_ros_interfaces/kobuki_ros_interfaces/msg/detail/motor_power__type_support.h
[0.880s] -- Up-to-date: /home/a/soccer_ws/install/kobuki_ros_interfaces/include/kobuki_ros_interfaces/kobuki_ros_interfaces/msg/detail/version_info__functions.h
[0.881s] -- Up-to-date: /home/a/soccer_ws/install/kobuki_ros_interfaces/include/kobuki_ros_interfaces/kobuki_ros_interfaces/msg/detail/version_info__functions.c
[0.881s] -- Up-to-date: /home/a/soccer_ws/install/kobuki_ros_interfaces/include/kobuki_ros_interfaces/kobuki_ros_interfaces/msg/detail/dock_infra_red__functions.h
[0.881s] -- Up-to-date: /home/a/soccer_ws/install/kobuki_ros_interfaces/include/kobuki_ros_interfaces/kobuki_ros_interfaces/msg/detail/sound__functions.c
[0.881s] -- Up-to-date: /home/a/soccer_ws/install/kobuki_ros_interfaces/include/kobuki_ros_interfaces/kobuki_ros_interfaces/msg/detail/bumper_event__struct.h
[0.881s] -- Up-to-date: /home/a/soccer_ws/install/kobuki_ros_interfaces/include/kobuki_ros_interfaces/kobuki_ros_interfaces/msg/detail/sensor_state__type_support.h
[0.881s] -- Up-to-date: /home/a/soccer_ws/install/kobuki_ros_interfaces/include/kobuki_ros_interfaces/kobuki_ros_interfaces/msg/detail/dock_infra_red__functions.c
[0.881s] -- Up-to-date: /home/a/soccer_ws/install/kobuki_ros_interfaces/include/kobuki_ros_interfaces/kobuki_ros_interfaces/msg/detail/power_system_event__functions.h
[0.881s] -- Up-to-date: /home/a/soccer_ws/install/kobuki_ros_interfaces/include/kobuki_ros_interfaces/kobuki_ros_interfaces/msg/detail/motor_power__functions.h
[0.882s] -- Up-to-date: /home/a/soccer_ws/install/kobuki_ros_interfaces/include/kobuki_ros_interfaces/kobuki_ros_interfaces/msg/detail/digital_input_event__type_support.h
[0.882s] -- Up-to-date: /home/a/soccer_ws/install/kobuki_ros_interfaces/include/kobuki_ros_interfaces/kobuki_ros_interfaces/msg/detail/external_power__type_support.h
[0.882s] -- Up-to-date: /home/a/soccer_ws/install/kobuki_ros_interfaces/include/kobuki_ros_interfaces/kobuki_ros_interfaces/msg/detail/button_event__functions.h
[0.882s] -- Up-to-date: /home/a/soccer_ws/install/kobuki_ros_interfaces/include/kobuki_ros_interfaces/kobuki_ros_interfaces/msg/detail/scan_angle__functions.h
[0.882s] -- Up-to-date: /home/a/soccer_ws/install/kobuki_ros_interfaces/include/kobuki_ros_interfaces/kobuki_ros_interfaces/msg/detail/controller_info__functions.c
[0.882s] -- Up-to-date: /home/a/soccer_ws/install/kobuki_ros_interfaces/include/kobuki_ros_interfaces/kobuki_ros_interfaces/msg/detail/robot_state_event__functions.c
[0.882s] -- Up-to-date: /home/a/soccer_ws/install/kobuki_ros_interfaces/include/kobuki_ros_interfaces/kobuki_ros_interfaces/msg/detail/sound__struct.h
[0.882s] -- Up-to-date: /home/a/soccer_ws/install/kobuki_ros_interfaces/include/kobuki_ros_interfaces/kobuki_ros_interfaces/msg/detail/controller_info__type_support.h
[0.883s] -- Up-to-date: /home/a/soccer_ws/install/kobuki_ros_interfaces/include/kobuki_ros_interfaces/kobuki_ros_interfaces/msg/detail/dock_infra_red__struct.h
[0.883s] -- Up-to-date: /home/a/soccer_ws/install/kobuki_ros_interfaces/include/kobuki_ros_interfaces/kobuki_ros_interfaces/msg/detail/scan_angle__struct.h
[0.883s] -- Up-to-date: /home/a/soccer_ws/install/kobuki_ros_interfaces/include/kobuki_ros_interfaces/kobuki_ros_interfaces/msg/detail/digital_output__type_support.h
[0.883s] -- Up-to-date: /home/a/soccer_ws/install/kobuki_ros_interfaces/include/kobuki_ros_interfaces/kobuki_ros_interfaces/msg/detail/digital_input_event__struct.h
[0.883s] -- Up-to-date: /home/a/soccer_ws/install/kobuki_ros_interfaces/include/kobuki_ros_interfaces/kobuki_ros_interfaces/msg/detail/led__type_support.h
[0.883s] -- Up-to-date: /home/a/soccer_ws/install/kobuki_ros_interfaces/include/kobuki_ros_interfaces/kobuki_ros_interfaces/msg/detail/keyboard_input__struct.h
[0.883s] -- Up-to-date: /home/a/soccer_ws/install/kobuki_ros_interfaces/include/kobuki_ros_interfaces/kobuki_ros_interfaces/msg/detail/bumper_event__functions.h
[0.883s] -- Up-to-date: /home/a/soccer_ws/install/kobuki_ros_interfaces/include/kobuki_ros_interfaces/kobuki_ros_interfaces/msg/detail/external_power__struct.h
[0.883s] -- Up-to-date: /home/a/soccer_ws/install/kobuki_ros_interfaces/include/kobuki_ros_interfaces/kobuki_ros_interfaces/msg/detail/wheel_drop_event__type_support.h
[0.884s] -- Up-to-date: /home/a/soccer_ws/install/kobuki_ros_interfaces/include/kobuki_ros_interfaces/kobuki_ros_interfaces/msg/detail/button_event__functions.c
[0.884s] -- Up-to-date: /home/a/soccer_ws/install/kobuki_ros_interfaces/include/kobuki_ros_interfaces/kobuki_ros_interfaces/msg/detail/power_system_event__struct.h
[0.884s] -- Up-to-date: /home/a/soccer_ws/install/kobuki_ros_interfaces/include/kobuki_ros_interfaces/kobuki_ros_interfaces/msg/detail/wheel_drop_event__functions.h
[0.884s] -- Up-to-date: /home/a/soccer_ws/install/kobuki_ros_interfaces/include/kobuki_ros_interfaces/kobuki_ros_interfaces/msg/detail/digital_input_event__functions.h
[0.884s] -- Up-to-date: /home/a/soccer_ws/install/kobuki_ros_interfaces/include/kobuki_ros_interfaces/kobuki_ros_interfaces/msg/detail/sound__functions.h
[0.884s] -- Up-to-date: /home/a/soccer_ws/install/kobuki_ros_interfaces/include/kobuki_ros_interfaces/kobuki_ros_interfaces/msg/detail/motor_power__struct.h
[0.884s] -- Up-to-date: /home/a/soccer_ws/install/kobuki_ros_interfaces/include/kobuki_ros_interfaces/kobuki_ros_interfaces/msg/detail/wheel_drop_event__struct.h
[0.884s] -- Up-to-date: /home/a/soccer_ws/install/kobuki_ros_interfaces/include/kobuki_ros_interfaces/kobuki_ros_interfaces/msg/detail/scan_angle__functions.c
[0.884s] -- Up-to-date: /home/a/soccer_ws/install/kobuki_ros_interfaces/include/kobuki_ros_interfaces/kobuki_ros_interfaces/msg/detail/scan_angle__type_support.h
[0.884s] -- Up-to-date: /home/a/soccer_ws/install/kobuki_ros_interfaces/include/kobuki_ros_interfaces/kobuki_ros_interfaces/msg/detail/digital_input_event__functions.c
[0.884s] -- Up-to-date: /home/a/soccer_ws/install/kobuki_ros_interfaces/include/kobuki_ros_interfaces/kobuki_ros_interfaces/msg/detail/digital_output__functions.c
[0.885s] -- Up-to-date: /home/a/soccer_ws/install/kobuki_ros_interfaces/include/kobuki_ros_interfaces/kobuki_ros_interfaces/msg/detail/bumper_event__functions.c
[0.885s] -- Up-to-date: /home/a/soccer_ws/install/kobuki_ros_interfaces/include/kobuki_ros_interfaces/kobuki_ros_interfaces/msg/detail/sensor_state__functions.h
[0.885s] -- Up-to-date: /home/a/soccer_ws/install/kobuki_ros_interfaces/include/kobuki_ros_interfaces/kobuki_ros_interfaces/msg/detail/button_event__type_support.h
[0.885s] -- Up-to-date: /home/a/soccer_ws/install/kobuki_ros_interfaces/include/kobuki_ros_interfaces/kobuki_ros_interfaces/msg/detail/keyboard_input__type_support.h
[0.885s] -- Up-to-date: /home/a/soccer_ws/install/kobuki_ros_interfaces/include/kobuki_ros_interfaces/kobuki_ros_interfaces/msg/detail/keyboard_input__functions.h
[0.885s] -- Up-to-date: /home/a/soccer_ws/install/kobuki_ros_interfaces/include/kobuki_ros_interfaces/kobuki_ros_interfaces/msg/detail/led__struct.h
[0.885s] -- Up-to-date: /home/a/soccer_ws/install/kobuki_ros_interfaces/include/kobuki_ros_interfaces/kobuki_ros_interfaces/msg/detail/cliff_event__struct.h
[0.885s] -- Up-to-date: /home/a/soccer_ws/install/kobuki_ros_interfaces/include/kobuki_ros_interfaces/kobuki_ros_interfaces/msg/detail/led__functions.c
[0.885s] -- Up-to-date: /home/a/soccer_ws/install/kobuki_ros_interfaces/include/kobuki_ros_interfaces/kobuki_ros_interfaces/msg/detail/robot_state_event__type_support.h
[0.885s] -- Up-to-date: /home/a/soccer_ws/install/kobuki_ros_interfaces/include/kobuki_ros_interfaces/kobuki_ros_interfaces/msg/detail/bumper_event__type_support.h
[0.886s] -- Up-to-date: /home/a/soccer_ws/install/kobuki_ros_interfaces/include/kobuki_ros_interfaces/kobuki_ros_interfaces/msg/detail/led__functions.h
[0.886s] -- Up-to-date: /home/a/soccer_ws/install/kobuki_ros_interfaces/include/kobuki_ros_interfaces/kobuki_ros_interfaces/msg/detail/external_power__functions.h
[0.886s] -- Up-to-date: /home/a/soccer_ws/install/kobuki_ros_interfaces/include/kobuki_ros_interfaces/kobuki_ros_interfaces/msg/detail/external_power__functions.c
[0.886s] -- Up-to-date: /home/a/soccer_ws/install/kobuki_ros_interfaces/include/kobuki_ros_interfaces/kobuki_ros_interfaces/msg/detail/cliff_event__functions.c
[0.886s] -- Up-to-date: /home/a/soccer_ws/install/kobuki_ros_interfaces/include/kobuki_ros_interfaces/kobuki_ros_interfaces/msg/detail/digital_output__functions.h
[0.887s] -- Up-to-date: /home/a/soccer_ws/install/kobuki_ros_interfaces/include/kobuki_ros_interfaces/kobuki_ros_interfaces/msg/detail/sensor_state__functions.c
[0.887s] -- Up-to-date: /home/a/soccer_ws/install/kobuki_ros_interfaces/include/kobuki_ros_interfaces/kobuki_ros_interfaces/msg/detail/sound__type_support.h
[0.887s] -- Up-to-date: /home/a/soccer_ws/install/kobuki_ros_interfaces/include/kobuki_ros_interfaces/kobuki_ros_interfaces/msg/detail/cliff_event__type_support.h
[0.887s] -- Up-to-date: /home/a/soccer_ws/install/kobuki_ros_interfaces/include/kobuki_ros_interfaces/kobuki_ros_interfaces/msg/detail/motor_power__functions.c
[0.887s] -- Up-to-date: /home/a/soccer_ws/install/kobuki_ros_interfaces/include/kobuki_ros_interfaces/kobuki_ros_interfaces/msg/detail/controller_info__struct.h
[0.888s] -- Up-to-date: /home/a/soccer_ws/install/kobuki_ros_interfaces/include/kobuki_ros_interfaces/kobuki_ros_interfaces/msg/detail/cliff_event__functions.h
[0.888s] -- Up-to-date: /home/a/soccer_ws/install/kobuki_ros_interfaces/include/kobuki_ros_interfaces/kobuki_ros_interfaces/msg/detail/dock_infra_red__type_support.h
[0.888s] -- Up-to-date: /home/a/soccer_ws/install/kobuki_ros_interfaces/include/kobuki_ros_interfaces/kobuki_ros_interfaces/msg/detail/digital_output__struct.h
[0.888s] -- Up-to-date: /home/a/soccer_ws/install/kobuki_ros_interfaces/include/kobuki_ros_interfaces/kobuki_ros_interfaces/msg/detail/robot_state_event__functions.h
[0.889s] -- Up-to-date: /home/a/soccer_ws/install/kobuki_ros_interfaces/include/kobuki_ros_interfaces/kobuki_ros_interfaces/msg/rosidl_generator_c__visibility_control.h
[0.890s] -- Up-to-date: /home/a/soccer_ws/install/kobuki_ros_interfaces/share/kobuki_ros_interfaces/environment/library_path.sh
[0.891s] -- Up-to-date: /home/a/soccer_ws/install/kobuki_ros_interfaces/share/kobuki_ros_interfaces/environment/library_path.dsv
[0.891s] -- Up-to-date: /home/a/soccer_ws/install/kobuki_ros_interfaces/lib/libkobuki_ros_interfaces__rosidl_generator_c.so
[0.891s] -- Up-to-date: /home/a/soccer_ws/install/kobuki_ros_interfaces/include/kobuki_ros_interfaces/kobuki_ros_interfaces
[0.891s] -- Up-to-date: /home/a/soccer_ws/install/kobuki_ros_interfaces/include/kobuki_ros_interfaces/kobuki_ros_interfaces/action
[0.892s] -- Up-to-date: /home/a/soccer_ws/install/kobuki_ros_interfaces/include/kobuki_ros_interfaces/kobuki_ros_interfaces/action/detail
[0.892s] -- Up-to-date: /home/a/soccer_ws/install/kobuki_ros_interfaces/include/kobuki_ros_interfaces/kobuki_ros_interfaces/action/detail/auto_docking__rosidl_typesupport_fastrtps_c.h
[0.892s] -- Up-to-date: /home/a/soccer_ws/install/kobuki_ros_interfaces/include/kobuki_ros_interfaces/kobuki_ros_interfaces/msg
[0.892s] -- Up-to-date: /home/a/soccer_ws/install/kobuki_ros_interfaces/include/kobuki_ros_interfaces/kobuki_ros_interfaces/msg/rosidl_typesupport_fastrtps_c__visibility_control.h
[0.892s] -- Up-to-date: /home/a/soccer_ws/install/kobuki_ros_interfaces/include/kobuki_ros_interfaces/kobuki_ros_interfaces/msg/detail
[0.892s] -- Up-to-date: /home/a/soccer_ws/install/kobuki_ros_interfaces/include/kobuki_ros_interfaces/kobuki_ros_interfaces/msg/detail/keyboard_input__rosidl_typesupport_fastrtps_c.h
[0.892s] -- Up-to-date: /home/a/soccer_ws/install/kobuki_ros_interfaces/include/kobuki_ros_interfaces/kobuki_ros_interfaces/msg/detail/external_power__rosidl_typesupport_fastrtps_c.h
[0.892s] -- Up-to-date: /home/a/soccer_ws/install/kobuki_ros_interfaces/include/kobuki_ros_interfaces/kobuki_ros_interfaces/msg/detail/power_system_event__rosidl_typesupport_fastrtps_c.h
[0.892s] -- Up-to-date: /home/a/soccer_ws/install/kobuki_ros_interfaces/include/kobuki_ros_interfaces/kobuki_ros_interfaces/msg/detail/digital_output__rosidl_typesupport_fastrtps_c.h
[0.893s] -- Up-to-date: /home/a/soccer_ws/install/kobuki_ros_interfaces/include/kobuki_ros_interfaces/kobuki_ros_interfaces/msg/detail/digital_input_event__rosidl_typesupport_fastrtps_c.h
[0.894s] -- Up-to-date: /home/a/soccer_ws/install/kobuki_ros_interfaces/include/kobuki_ros_interfaces/kobuki_ros_interfaces/msg/detail/dock_infra_red__rosidl_typesupport_fastrtps_c.h
[0.894s] -- Up-to-date: /home/a/soccer_ws/install/kobuki_ros_interfaces/include/kobuki_ros_interfaces/kobuki_ros_interfaces/msg/detail/sensor_state__rosidl_typesupport_fastrtps_c.h
[0.895s] -- Up-to-date: /home/a/soccer_ws/install/kobuki_ros_interfaces/include/kobuki_ros_interfaces/kobuki_ros_interfaces/msg/detail/version_info__rosidl_typesupport_fastrtps_c.h
[0.895s] -- Up-to-date: /home/a/soccer_ws/install/kobuki_ros_interfaces/include/kobuki_ros_interfaces/kobuki_ros_interfaces/msg/detail/controller_info__rosidl_typesupport_fastrtps_c.h
[0.895s] -- Up-to-date: /home/a/soccer_ws/install/kobuki_ros_interfaces/include/kobuki_ros_interfaces/kobuki_ros_interfaces/msg/detail/cliff_event__rosidl_typesupport_fastrtps_c.h
[0.895s] -- Up-to-date: /home/a/soccer_ws/install/kobuki_ros_interfaces/include/kobuki_ros_interfaces/kobuki_ros_interfaces/msg/detail/motor_power__rosidl_typesupport_fastrtps_c.h
[0.895s] -- Up-to-date: /home/a/soccer_ws/install/kobuki_ros_interfaces/include/kobuki_ros_interfaces/kobuki_ros_interfaces/msg/detail/scan_angle__rosidl_typesupport_fastrtps_c.h
[0.895s] -- Up-to-date: /home/a/soccer_ws/install/kobuki_ros_interfaces/include/kobuki_ros_interfaces/kobuki_ros_interfaces/msg/detail/wheel_drop_event__rosidl_typesupport_fastrtps_c.h
[0.896s] -- Up-to-date: /home/a/soccer_ws/install/kobuki_ros_interfaces/include/kobuki_ros_interfaces/kobuki_ros_interfaces/msg/detail/sound__rosidl_typesupport_fastrtps_c.h
[0.896s] -- Up-to-date: /home/a/soccer_ws/install/kobuki_ros_interfaces/include/kobuki_ros_interfaces/kobuki_ros_interfaces/msg/detail/led__rosidl_typesupport_fastrtps_c.h
[0.896s] -- Up-to-date: /home/a/soccer_ws/install/kobuki_ros_interfaces/include/kobuki_ros_interfaces/kobuki_ros_interfaces/msg/detail/robot_state_event__rosidl_typesupport_fastrtps_c.h
[0.896s] -- Up-to-date: /home/a/soccer_ws/install/kobuki_ros_interfaces/include/kobuki_ros_interfaces/kobuki_ros_interfaces/msg/detail/button_event__rosidl_typesupport_fastrtps_c.h
[0.896s] -- Up-to-date: /home/a/soccer_ws/install/kobuki_ros_interfaces/include/kobuki_ros_interfaces/kobuki_ros_interfaces/msg/detail/bumper_event__rosidl_typesupport_fastrtps_c.h
[0.896s] -- Up-to-date: /home/a/soccer_ws/install/kobuki_ros_interfaces/lib/libkobuki_ros_interfaces__rosidl_typesupport_fastrtps_c.so
[0.896s] -- Up-to-date: /home/a/soccer_ws/install/kobuki_ros_interfaces/include/kobuki_ros_interfaces/kobuki_ros_interfaces
[0.896s] -- Up-to-date: /home/a/soccer_ws/install/kobuki_ros_interfaces/include/kobuki_ros_interfaces/kobuki_ros_interfaces/action
[0.896s] -- Up-to-date: /home/a/soccer_ws/install/kobuki_ros_interfaces/include/kobuki_ros_interfaces/kobuki_ros_interfaces/action/auto_docking.hpp
[0.897s] -- Up-to-date: /home/a/soccer_ws/install/kobuki_ros_interfaces/include/kobuki_ros_interfaces/kobuki_ros_interfaces/action/detail
[0.897s] -- Up-to-date: /home/a/soccer_ws/install/kobuki_ros_interfaces/include/kobuki_ros_interfaces/kobuki_ros_interfaces/action/detail/auto_docking__builder.hpp
[0.897s] -- Up-to-date: /home/a/soccer_ws/install/kobuki_ros_interfaces/include/kobuki_ros_interfaces/kobuki_ros_interfaces/action/detail/auto_docking__traits.hpp
[0.897s] -- Up-to-date: /home/a/soccer_ws/install/kobuki_ros_interfaces/include/kobuki_ros_interfaces/kobuki_ros_interfaces/action/detail/auto_docking__type_support.hpp
[0.897s] -- Up-to-date: /home/a/soccer_ws/install/kobuki_ros_interfaces/include/kobuki_ros_interfaces/kobuki_ros_interfaces/action/detail/auto_docking__struct.hpp
[0.897s] -- Up-to-date: /home/a/soccer_ws/install/kobuki_ros_interfaces/include/kobuki_ros_interfaces/kobuki_ros_interfaces/msg
[0.897s] -- Up-to-date: /home/a/soccer_ws/install/kobuki_ros_interfaces/include/kobuki_ros_interfaces/kobuki_ros_interfaces/msg/button_event.hpp
[0.898s] -- Up-to-date: /home/a/soccer_ws/install/kobuki_ros_interfaces/include/kobuki_ros_interfaces/kobuki_ros_interfaces/msg/digital_input_event.hpp
[0.898s] -- Up-to-date: /home/a/soccer_ws/install/kobuki_ros_interfaces/include/kobuki_ros_interfaces/kobuki_ros_interfaces/msg/sensor_state.hpp
[0.898s] -- Up-to-date: /home/a/soccer_ws/install/kobuki_ros_interfaces/include/kobuki_ros_interfaces/kobuki_ros_interfaces/msg/scan_angle.hpp
[0.898s] -- Up-to-date: /home/a/soccer_ws/install/kobuki_ros_interfaces/include/kobuki_ros_interfaces/kobuki_ros_interfaces/msg/controller_info.hpp
[0.898s] -- Up-to-date: /home/a/soccer_ws/install/kobuki_ros_interfaces/include/kobuki_ros_interfaces/kobuki_ros_interfaces/msg/external_power.hpp
[0.898s] -- Up-to-date: /home/a/soccer_ws/install/kobuki_ros_interfaces/include/kobuki_ros_interfaces/kobuki_ros_interfaces/msg/led.hpp
[0.898s] -- Up-to-date: /home/a/soccer_ws/install/kobuki_ros_interfaces/include/kobuki_ros_interfaces/kobuki_ros_interfaces/msg/version_info.hpp
[0.898s] -- Up-to-date: /home/a/soccer_ws/install/kobuki_ros_interfaces/include/kobuki_ros_interfaces/kobuki_ros_interfaces/msg/power_system_event.hpp
[0.899s] -- Up-to-date: /home/a/soccer_ws/install/kobuki_ros_interfaces/include/kobuki_ros_interfaces/kobuki_ros_interfaces/msg/bumper_event.hpp
[0.899s] -- Up-to-date: /home/a/soccer_ws/install/kobuki_ros_interfaces/include/kobuki_ros_interfaces/kobuki_ros_interfaces/msg/keyboard_input.hpp
[0.899s] -- Up-to-date: /home/a/soccer_ws/install/kobuki_ros_interfaces/include/kobuki_ros_interfaces/kobuki_ros_interfaces/msg/rosidl_generator_cpp__visibility_control.hpp
[0.899s] -- Up-to-date: /home/a/soccer_ws/install/kobuki_ros_interfaces/include/kobuki_ros_interfaces/kobuki_ros_interfaces/msg/cliff_event.hpp
[0.899s] -- Up-to-date: /home/a/soccer_ws/install/kobuki_ros_interfaces/include/kobuki_ros_interfaces/kobuki_ros_interfaces/msg/robot_state_event.hpp
[0.899s] -- Up-to-date: /home/a/soccer_ws/install/kobuki_ros_interfaces/include/kobuki_ros_interfaces/kobuki_ros_interfaces/msg/motor_power.hpp
[0.899s] -- Up-to-date: /home/a/soccer_ws/install/kobuki_ros_interfaces/include/kobuki_ros_interfaces/kobuki_ros_interfaces/msg/digital_output.hpp
[0.899s] -- Up-to-date: /home/a/soccer_ws/install/kobuki_ros_interfaces/include/kobuki_ros_interfaces/kobuki_ros_interfaces/msg/wheel_drop_event.hpp
[0.900s] -- Up-to-date: /home/a/soccer_ws/install/kobuki_ros_interfaces/include/kobuki_ros_interfaces/kobuki_ros_interfaces/msg/sound.hpp
[0.900s] -- Up-to-date: /home/a/soccer_ws/install/kobuki_ros_interfaces/include/kobuki_ros_interfaces/kobuki_ros_interfaces/msg/dock_infra_red.hpp
[0.900s] -- Up-to-date: /home/a/soccer_ws/install/kobuki_ros_interfaces/include/kobuki_ros_interfaces/kobuki_ros_interfaces/msg/detail
[0.900s] -- Up-to-date: /home/a/soccer_ws/install/kobuki_ros_interfaces/include/kobuki_ros_interfaces/kobuki_ros_interfaces/msg/detail/bumper_event__type_support.hpp
[0.900s] -- Up-to-date: /home/a/soccer_ws/install/kobuki_ros_interfaces/include/kobuki_ros_interfaces/kobuki_ros_interfaces/msg/detail/scan_angle__struct.hpp
[0.900s] -- Up-to-date: /home/a/soccer_ws/install/kobuki_ros_interfaces/include/kobuki_ros_interfaces/kobuki_ros_interfaces/msg/detail/led__builder.hpp
[0.900s] -- Up-to-date: /home/a/soccer_ws/install/kobuki_ros_interfaces/include/kobuki_ros_interfaces/kobuki_ros_interfaces/msg/detail/motor_power__builder.hpp
[0.900s] -- Up-to-date: /home/a/soccer_ws/install/kobuki_ros_interfaces/include/kobuki_ros_interfaces/kobuki_ros_interfaces/msg/detail/version_info__builder.hpp
[0.900s] -- Up-to-date: /home/a/soccer_ws/install/kobuki_ros_interfaces/include/kobuki_ros_interfaces/kobuki_ros_interfaces/msg/detail/digital_output__type_support.hpp
[0.900s] -- Up-to-date: /home/a/soccer_ws/install/kobuki_ros_interfaces/include/kobuki_ros_interfaces/kobuki_ros_interfaces/msg/detail/controller_info__struct.hpp
[0.900s] -- Up-to-date: /home/a/soccer_ws/install/kobuki_ros_interfaces/include/kobuki_ros_interfaces/kobuki_ros_interfaces/msg/detail/sound__struct.hpp
[0.901s] -- Up-to-date: /home/a/soccer_ws/install/kobuki_ros_interfaces/include/kobuki_ros_interfaces/kobuki_ros_interfaces/msg/detail/bumper_event__struct.hpp
[0.901s] -- Up-to-date: /home/a/soccer_ws/install/kobuki_ros_interfaces/include/kobuki_ros_interfaces/kobuki_ros_interfaces/msg/detail/dock_infra_red__traits.hpp
[0.901s] -- Up-to-date: /home/a/soccer_ws/install/kobuki_ros_interfaces/include/kobuki_ros_interfaces/kobuki_ros_interfaces/msg/detail/cliff_event__builder.hpp
[0.901s] -- Up-to-date: /home/a/soccer_ws/install/kobuki_ros_interfaces/include/kobuki_ros_interfaces/kobuki_ros_interfaces/msg/detail/keyboard_input__type_support.hpp
[0.901s] -- Up-to-date: /home/a/soccer_ws/install/kobuki_ros_interfaces/include/kobuki_ros_interfaces/kobuki_ros_interfaces/msg/detail/button_event__struct.hpp
[0.901s] -- Up-to-date: /home/a/soccer_ws/install/kobuki_ros_interfaces/include/kobuki_ros_interfaces/kobuki_ros_interfaces/msg/detail/keyboard_input__struct.hpp
[0.901s] -- Up-to-date: /home/a/soccer_ws/install/kobuki_ros_interfaces/include/kobuki_ros_interfaces/kobuki_ros_interfaces/msg/detail/dock_infra_red__type_support.hpp
[0.901s] -- Up-to-date: /home/a/soccer_ws/install/kobuki_ros_interfaces/include/kobuki_ros_interfaces/kobuki_ros_interfaces/msg/detail/external_power__type_support.hpp
[0.901s] -- Up-to-date: /home/a/soccer_ws/install/kobuki_ros_interfaces/include/kobuki_ros_interfaces/kobuki_ros_interfaces/msg/detail/external_power__traits.hpp
[0.901s] -- Up-to-date: /home/a/soccer_ws/install/kobuki_ros_interfaces/include/kobuki_ros_interfaces/kobuki_ros_interfaces/msg/detail/keyboard_input__traits.hpp
[0.901s] -- Up-to-date: /home/a/soccer_ws/install/kobuki_ros_interfaces/include/kobuki_ros_interfaces/kobuki_ros_interfaces/msg/detail/wheel_drop_event__builder.hpp
[0.902s] -- Up-to-date: /home/a/soccer_ws/install/kobuki_ros_interfaces/include/kobuki_ros_interfaces/kobuki_ros_interfaces/msg/detail/sensor_state__struct.hpp
[0.902s] -- Up-to-date: /home/a/soccer_ws/install/kobuki_ros_interfaces/include/kobuki_ros_interfaces/kobuki_ros_interfaces/msg/detail/controller_info__traits.hpp
[0.902s] -- Up-to-date: /home/a/soccer_ws/install/kobuki_ros_interfaces/include/kobuki_ros_interfaces/kobuki_ros_interfaces/msg/detail/external_power__struct.hpp
[0.902s] -- Up-to-date: /home/a/soccer_ws/install/kobuki_ros_interfaces/include/kobuki_ros_interfaces/kobuki_ros_interfaces/msg/detail/digital_output__builder.hpp
[0.903s] -- Up-to-date: /home/a/soccer_ws/install/kobuki_ros_interfaces/include/kobuki_ros_interfaces/kobuki_ros_interfaces/msg/detail/external_power__builder.hpp
[0.903s] -- Up-to-date: /home/a/soccer_ws/install/kobuki_ros_interfaces/include/kobuki_ros_interfaces/kobuki_ros_interfaces/msg/detail/sensor_state__traits.hpp
[0.903s] -- Up-to-date: /home/a/soccer_ws/install/kobuki_ros_interfaces/include/kobuki_ros_interfaces/kobuki_ros_interfaces/msg/detail/version_info__traits.hpp
[0.903s] -- Up-to-date: /home/a/soccer_ws/install/kobuki_ros_interfaces/include/kobuki_ros_interfaces/kobuki_ros_interfaces/msg/detail/digital_input_event__traits.hpp
[0.903s] -- Up-to-date: /home/a/soccer_ws/install/kobuki_ros_interfaces/include/kobuki_ros_interfaces/kobuki_ros_interfaces/msg/detail/scan_angle__builder.hpp
[0.903s] -- Up-to-date: /home/a/soccer_ws/install/kobuki_ros_interfaces/include/kobuki_ros_interfaces/kobuki_ros_interfaces/msg/detail/button_event__traits.hpp
[0.903s] -- Up-to-date: /home/a/soccer_ws/install/kobuki_ros_interfaces/include/kobuki_ros_interfaces/kobuki_ros_interfaces/msg/detail/sound__type_support.hpp
[0.903s] -- Up-to-date: /home/a/soccer_ws/install/kobuki_ros_interfaces/include/kobuki_ros_interfaces/kobuki_ros_interfaces/msg/detail/motor_power__struct.hpp
[0.904s] -- Up-to-date: /home/a/soccer_ws/install/kobuki_ros_interfaces/include/kobuki_ros_interfaces/kobuki_ros_interfaces/msg/detail/robot_state_event__builder.hpp
[0.904s] -- Up-to-date: /home/a/soccer_ws/install/kobuki_ros_interfaces/include/kobuki_ros_interfaces/kobuki_ros_interfaces/msg/detail/robot_state_event__struct.hpp
[0.904s] -- Up-to-date: /home/a/soccer_ws/install/kobuki_ros_interfaces/include/kobuki_ros_interfaces/kobuki_ros_interfaces/msg/detail/digital_input_event__struct.hpp
[0.905s] -- Up-to-date: /home/a/soccer_ws/install/kobuki_ros_interfaces/include/kobuki_ros_interfaces/kobuki_ros_interfaces/msg/detail/led__traits.hpp
[0.905s] -- Up-to-date: /home/a/soccer_ws/install/kobuki_ros_interfaces/include/kobuki_ros_interfaces/kobuki_ros_interfaces/msg/detail/digital_output__struct.hpp
[0.905s] -- Up-to-date: /home/a/soccer_ws/install/kobuki_ros_interfaces/include/kobuki_ros_interfaces/kobuki_ros_interfaces/msg/detail/keyboard_input__builder.hpp
[0.905s] -- Up-to-date: /home/a/soccer_ws/install/kobuki_ros_interfaces/include/kobuki_ros_interfaces/kobuki_ros_interfaces/msg/detail/wheel_drop_event__traits.hpp
[0.905s] -- Up-to-date: /home/a/soccer_ws/install/kobuki_ros_interfaces/include/kobuki_ros_interfaces/kobuki_ros_interfaces/msg/detail/bumper_event__traits.hpp
[0.905s] -- Up-to-date: /home/a/soccer_ws/install/kobuki_ros_interfaces/include/kobuki_ros_interfaces/kobuki_ros_interfaces/msg/detail/led__struct.hpp
[0.906s] -- Up-to-date: /home/a/soccer_ws/install/kobuki_ros_interfaces/include/kobuki_ros_interfaces/kobuki_ros_interfaces/msg/detail/sound__builder.hpp
[0.906s] -- Up-to-date: /home/a/soccer_ws/install/kobuki_ros_interfaces/include/kobuki_ros_interfaces/kobuki_ros_interfaces/msg/detail/sensor_state__builder.hpp
[0.906s] -- Up-to-date: /home/a/soccer_ws/install/kobuki_ros_interfaces/include/kobuki_ros_interfaces/kobuki_ros_interfaces/msg/detail/dock_infra_red__struct.hpp
[0.906s] -- Up-to-date: /home/a/soccer_ws/install/kobuki_ros_interfaces/include/kobuki_ros_interfaces/kobuki_ros_interfaces/msg/detail/dock_infra_red__builder.hpp
[0.906s] -- Up-to-date: /home/a/soccer_ws/install/kobuki_ros_interfaces/include/kobuki_ros_interfaces/kobuki_ros_interfaces/msg/detail/button_event__type_support.hpp
[0.906s] -- Up-to-date: /home/a/soccer_ws/install/kobuki_ros_interfaces/include/kobuki_ros_interfaces/kobuki_ros_interfaces/msg/detail/power_system_event__builder.hpp
[0.906s] -- Up-to-date: /home/a/soccer_ws/install/kobuki_ros_interfaces/include/kobuki_ros_interfaces/kobuki_ros_interfaces/msg/detail/motor_power__traits.hpp
[0.906s] -- Up-to-date: /home/a/soccer_ws/install/kobuki_ros_interfaces/include/kobuki_ros_interfaces/kobuki_ros_interfaces/msg/detail/robot_state_event__traits.hpp
[0.906s] -- Up-to-date: /home/a/soccer_ws/install/kobuki_ros_interfaces/include/kobuki_ros_interfaces/kobuki_ros_interfaces/msg/detail/digital_input_event__builder.hpp
[0.906s] -- Up-to-date: /home/a/soccer_ws/install/kobuki_ros_interfaces/include/kobuki_ros_interfaces/kobuki_ros_interfaces/msg/detail/digital_input_event__type_support.hpp
[0.907s] -- Up-to-date: /home/a/soccer_ws/install/kobuki_ros_interfaces/include/kobuki_ros_interfaces/kobuki_ros_interfaces/msg/detail/controller_info__builder.hpp
[0.907s] -- Up-to-date: /home/a/soccer_ws/install/kobuki_ros_interfaces/include/kobuki_ros_interfaces/kobuki_ros_interfaces/msg/detail/motor_power__type_support.hpp
[0.907s] -- Up-to-date: /home/a/soccer_ws/install/kobuki_ros_interfaces/include/kobuki_ros_interfaces/kobuki_ros_interfaces/msg/detail/sound__traits.hpp
[0.907s] -- Up-to-date: /home/a/soccer_ws/install/kobuki_ros_interfaces/include/kobuki_ros_interfaces/kobuki_ros_interfaces/msg/detail/scan_angle__traits.hpp
[0.907s] -- Up-to-date: /home/a/soccer_ws/install/kobuki_ros_interfaces/include/kobuki_ros_interfaces/kobuki_ros_interfaces/msg/detail/power_system_event__traits.hpp
[0.907s] -- Up-to-date: /home/a/soccer_ws/install/kobuki_ros_interfaces/include/kobuki_ros_interfaces/kobuki_ros_interfaces/msg/detail/cliff_event__type_support.hpp
[0.907s] -- Up-to-date: /home/a/soccer_ws/install/kobuki_ros_interfaces/include/kobuki_ros_interfaces/kobuki_ros_interfaces/msg/detail/power_system_event__struct.hpp
[0.907s] -- Up-to-date: /home/a/soccer_ws/install/kobuki_ros_interfaces/include/kobuki_ros_interfaces/kobuki_ros_interfaces/msg/detail/controller_info__type_support.hpp
[0.907s] -- Up-to-date: /home/a/soccer_ws/install/kobuki_ros_interfaces/include/kobuki_ros_interfaces/kobuki_ros_interfaces/msg/detail/cliff_event__traits.hpp
[0.907s] -- Up-to-date: /home/a/soccer_ws/install/kobuki_ros_interfaces/include/kobuki_ros_interfaces/kobuki_ros_interfaces/msg/detail/robot_state_event__type_support.hpp
[0.907s] -- Up-to-date: /home/a/soccer_ws/install/kobuki_ros_interfaces/include/kobuki_ros_interfaces/kobuki_ros_interfaces/msg/detail/wheel_drop_event__struct.hpp
[0.907s] -- Up-to-date: /home/a/soccer_ws/install/kobuki_ros_interfaces/include/kobuki_ros_interfaces/kobuki_ros_interfaces/msg/detail/version_info__type_support.hpp
[0.908s] -- Up-to-date: /home/a/soccer_ws/install/kobuki_ros_interfaces/include/kobuki_ros_interfaces/kobuki_ros_interfaces/msg/detail/version_info__struct.hpp
[0.908s] -- Up-to-date: /home/a/soccer_ws/install/kobuki_ros_interfaces/include/kobuki_ros_interfaces/kobuki_ros_interfaces/msg/detail/button_event__builder.hpp
[0.908s] -- Up-to-date: /home/a/soccer_ws/install/kobuki_ros_interfaces/include/kobuki_ros_interfaces/kobuki_ros_interfaces/msg/detail/power_system_event__type_support.hpp
[0.908s] -- Up-to-date: /home/a/soccer_ws/install/kobuki_ros_interfaces/include/kobuki_ros_interfaces/kobuki_ros_interfaces/msg/detail/led__type_support.hpp
[0.908s] -- Up-to-date: /home/a/soccer_ws/install/kobuki_ros_interfaces/include/kobuki_ros_interfaces/kobuki_ros_interfaces/msg/detail/bumper_event__builder.hpp
[0.908s] -- Up-to-date: /home/a/soccer_ws/install/kobuki_ros_interfaces/include/kobuki_ros_interfaces/kobuki_ros_interfaces/msg/detail/wheel_drop_event__type_support.hpp
[0.908s] -- Up-to-date: /home/a/soccer_ws/install/kobuki_ros_interfaces/include/kobuki_ros_interfaces/kobuki_ros_interfaces/msg/detail/sensor_state__type_support.hpp
[0.909s] -- Up-to-date: /home/a/soccer_ws/install/kobuki_ros_interfaces/include/kobuki_ros_interfaces/kobuki_ros_interfaces/msg/detail/scan_angle__type_support.hpp
[0.909s] -- Up-to-date: /home/a/soccer_ws/install/kobuki_ros_interfaces/include/kobuki_ros_interfaces/kobuki_ros_interfaces/msg/detail/cliff_event__struct.hpp
[0.909s] -- Up-to-date: /home/a/soccer_ws/install/kobuki_ros_interfaces/include/kobuki_ros_interfaces/kobuki_ros_interfaces/msg/detail/digital_output__traits.hpp
[0.909s] -- Up-to-date: /home/a/soccer_ws/install/kobuki_ros_interfaces/include/kobuki_ros_interfaces/kobuki_ros_interfaces
[0.909s] -- Up-to-date: /home/a/soccer_ws/install/kobuki_ros_interfaces/include/kobuki_ros_interfaces/kobuki_ros_interfaces/action
[0.910s] -- Up-to-date: /home/a/soccer_ws/install/kobuki_ros_interfaces/include/kobuki_ros_interfaces/kobuki_ros_interfaces/action/detail
[0.910s] -- Up-to-date: /home/a/soccer_ws/install/kobuki_ros_interfaces/include/kobuki_ros_interfaces/kobuki_ros_interfaces/action/detail/auto_docking__rosidl_typesupport_fastrtps_cpp.hpp
[0.910s] -- Up-to-date: /home/a/soccer_ws/install/kobuki_ros_interfaces/include/kobuki_ros_interfaces/kobuki_ros_interfaces/action/detail/dds_fastrtps
[0.910s] -- Up-to-date: /home/a/soccer_ws/install/kobuki_ros_interfaces/include/kobuki_ros_interfaces/kobuki_ros_interfaces/msg
[0.910s] -- Up-to-date: /home/a/soccer_ws/install/kobuki_ros_interfaces/include/kobuki_ros_interfaces/kobuki_ros_interfaces/msg/rosidl_typesupport_fastrtps_cpp__visibility_control.h
[0.910s] -- Up-to-date: /home/a/soccer_ws/install/kobuki_ros_interfaces/include/kobuki_ros_interfaces/kobuki_ros_interfaces/msg/detail
[0.911s] -- Up-to-date: /home/a/soccer_ws/install/kobuki_ros_interfaces/include/kobuki_ros_interfaces/kobuki_ros_interfaces/msg/detail/external_power__rosidl_typesupport_fastrtps_cpp.hpp
[0.911s] -- Up-to-date: /home/a/soccer_ws/install/kobuki_ros_interfaces/include/kobuki_ros_interfaces/kobuki_ros_interfaces/msg/detail/digital_input_event__rosidl_typesupport_fastrtps_cpp.hpp
[0.911s] -- Up-to-date: /home/a/soccer_ws/install/kobuki_ros_interfaces/include/kobuki_ros_interfaces/kobuki_ros_interfaces/msg/detail/dock_infra_red__rosidl_typesupport_fastrtps_cpp.hpp
[0.911s] -- Up-to-date: /home/a/soccer_ws/install/kobuki_ros_interfaces/include/kobuki_ros_interfaces/kobuki_ros_interfaces/msg/detail/robot_state_event__rosidl_typesupport_fastrtps_cpp.hpp
[0.911s] -- Up-to-date: /home/a/soccer_ws/install/kobuki_ros_interfaces/include/kobuki_ros_interfaces/kobuki_ros_interfaces/msg/detail/sensor_state__rosidl_typesupport_fastrtps_cpp.hpp
[0.911s] -- Up-to-date: /home/a/soccer_ws/install/kobuki_ros_interfaces/include/kobuki_ros_interfaces/kobuki_ros_interfaces/msg/detail/cliff_event__rosidl_typesupport_fastrtps_cpp.hpp
[0.912s] -- Up-to-date: /home/a/soccer_ws/install/kobuki_ros_interfaces/include/kobuki_ros_interfaces/kobuki_ros_interfaces/msg/detail/button_event__rosidl_typesupport_fastrtps_cpp.hpp
[0.912s] -- Up-to-date: /home/a/soccer_ws/install/kobuki_ros_interfaces/include/kobuki_ros_interfaces/kobuki_ros_interfaces/msg/detail/version_info__rosidl_typesupport_fastrtps_cpp.hpp
[0.912s] -- Up-to-date: /home/a/soccer_ws/install/kobuki_ros_interfaces/include/kobuki_ros_interfaces/kobuki_ros_interfaces/msg/detail/scan_angle__rosidl_typesupport_fastrtps_cpp.hpp
[0.912s] -- Up-to-date: /home/a/soccer_ws/install/kobuki_ros_interfaces/include/kobuki_ros_interfaces/kobuki_ros_interfaces/msg/detail/motor_power__rosidl_typesupport_fastrtps_cpp.hpp
[0.912s] -- Up-to-date: /home/a/soccer_ws/install/kobuki_ros_interfaces/include/kobuki_ros_interfaces/kobuki_ros_interfaces/msg/detail/bumper_event__rosidl_typesupport_fastrtps_cpp.hpp
[0.912s] -- Up-to-date: /home/a/soccer_ws/install/kobuki_ros_interfaces/include/kobuki_ros_interfaces/kobuki_ros_interfaces/msg/detail/digital_output__rosidl_typesupport_fastrtps_cpp.hpp
[0.912s] -- Up-to-date: /home/a/soccer_ws/install/kobuki_ros_interfaces/include/kobuki_ros_interfaces/kobuki_ros_interfaces/msg/detail/power_system_event__rosidl_typesupport_fastrtps_cpp.hpp
[0.912s] -- Up-to-date: /home/a/soccer_ws/install/kobuki_ros_interfaces/include/kobuki_ros_interfaces/kobuki_ros_interfaces/msg/detail/dds_fastrtps
[0.912s] -- Up-to-date: /home/a/soccer_ws/install/kobuki_ros_interfaces/include/kobuki_ros_interfaces/kobuki_ros_interfaces/msg/detail/sound__rosidl_typesupport_fastrtps_cpp.hpp
[0.912s] -- Up-to-date: /home/a/soccer_ws/install/kobuki_ros_interfaces/include/kobuki_ros_interfaces/kobuki_ros_interfaces/msg/detail/wheel_drop_event__rosidl_typesupport_fastrtps_cpp.hpp
[0.912s] -- Up-to-date: /home/a/soccer_ws/install/kobuki_ros_interfaces/include/kobuki_ros_interfaces/kobuki_ros_interfaces/msg/detail/led__rosidl_typesupport_fastrtps_cpp.hpp
[0.912s] -- Up-to-date: /home/a/soccer_ws/install/kobuki_ros_interfaces/include/kobuki_ros_interfaces/kobuki_ros_interfaces/msg/detail/controller_info__rosidl_typesupport_fastrtps_cpp.hpp
[0.913s] -- Up-to-date: /home/a/soccer_ws/install/kobuki_ros_interfaces/include/kobuki_ros_interfaces/kobuki_ros_interfaces/msg/detail/keyboard_input__rosidl_typesupport_fastrtps_cpp.hpp
[0.913s] -- Up-to-date: /home/a/soccer_ws/install/kobuki_ros_interfaces/lib/libkobuki_ros_interfaces__rosidl_typesupport_fastrtps_cpp.so
[0.913s] -- Up-to-date: /home/a/soccer_ws/install/kobuki_ros_interfaces/include/kobuki_ros_interfaces/kobuki_ros_interfaces
[0.913s] -- Up-to-date: /home/a/soccer_ws/install/kobuki_ros_interfaces/include/kobuki_ros_interfaces/kobuki_ros_interfaces/action
[0.913s] -- Up-to-date: /home/a/soccer_ws/install/kobuki_ros_interfaces/include/kobuki_ros_interfaces/kobuki_ros_interfaces/action/detail
[0.913s] -- Up-to-date: /home/a/soccer_ws/install/kobuki_ros_interfaces/include/kobuki_ros_interfaces/kobuki_ros_interfaces/action/detail/auto_docking__type_support.c
[0.913s] -- Up-to-date: /home/a/soccer_ws/install/kobuki_ros_interfaces/include/kobuki_ros_interfaces/kobuki_ros_interfaces/action/detail/auto_docking__rosidl_typesupport_introspection_c.h
[0.913s] -- Up-to-date: /home/a/soccer_ws/install/kobuki_ros_interfaces/include/kobuki_ros_interfaces/kobuki_ros_interfaces/msg
[0.913s] -- Up-to-date: /home/a/soccer_ws/install/kobuki_ros_interfaces/include/kobuki_ros_interfaces/kobuki_ros_interfaces/msg/detail
[0.913s] -- Up-to-date: /home/a/soccer_ws/install/kobuki_ros_interfaces/include/kobuki_ros_interfaces/kobuki_ros_interfaces/msg/detail/motor_power__type_support.c
[0.913s] -- Up-to-date: /home/a/soccer_ws/install/kobuki_ros_interfaces/include/kobuki_ros_interfaces/kobuki_ros_interfaces/msg/detail/cliff_event__type_support.c
[0.913s] -- Up-to-date: /home/a/soccer_ws/install/kobuki_ros_interfaces/include/kobuki_ros_interfaces/kobuki_ros_interfaces/msg/detail/power_system_event__type_support.c
[0.914s] -- Up-to-date: /home/a/soccer_ws/install/kobuki_ros_interfaces/include/kobuki_ros_interfaces/kobuki_ros_interfaces/msg/detail/version_info__type_support.c
[0.914s] -- Up-to-date: /home/a/soccer_ws/install/kobuki_ros_interfaces/include/kobuki_ros_interfaces/kobuki_ros_interfaces/msg/detail/wheel_drop_event__type_support.c
[0.914s] -- Up-to-date: /home/a/soccer_ws/install/kobuki_ros_interfaces/include/kobuki_ros_interfaces/kobuki_ros_interfaces/msg/detail/external_power__rosidl_typesupport_introspection_c.h
[0.914s] -- Up-to-date: /home/a/soccer_ws/install/kobuki_ros_interfaces/include/kobuki_ros_interfaces/kobuki_ros_interfaces/msg/detail/keyboard_input__rosidl_typesupport_introspection_c.h
[0.914s] -- Up-to-date: /home/a/soccer_ws/install/kobuki_ros_interfaces/include/kobuki_ros_interfaces/kobuki_ros_interfaces/msg/detail/sound__rosidl_typesupport_introspection_c.h
[0.914s] -- Up-to-date: /home/a/soccer_ws/install/kobuki_ros_interfaces/include/kobuki_ros_interfaces/kobuki_ros_interfaces/msg/detail/version_info__rosidl_typesupport_introspection_c.h
[0.914s] -- Up-to-date: /home/a/soccer_ws/install/kobuki_ros_interfaces/include/kobuki_ros_interfaces/kobuki_ros_interfaces/msg/detail/robot_state_event__type_support.c
[0.914s] -- Up-to-date: /home/a/soccer_ws/install/kobuki_ros_interfaces/include/kobuki_ros_interfaces/kobuki_ros_interfaces/msg/detail/button_event__rosidl_typesupport_introspection_c.h
[0.914s] -- Up-to-date: /home/a/soccer_ws/install/kobuki_ros_interfaces/include/kobuki_ros_interfaces/kobuki_ros_interfaces/msg/detail/bumper_event__type_support.c
[0.914s] -- Up-to-date: /home/a/soccer_ws/install/kobuki_ros_interfaces/include/kobuki_ros_interfaces/kobuki_ros_interfaces/msg/detail/dock_infra_red__type_support.c
[0.915s] -- Up-to-date: /home/a/soccer_ws/install/kobuki_ros_interfaces/include/kobuki_ros_interfaces/kobuki_ros_interfaces/msg/detail/sound__type_support.c
[0.915s] -- Up-to-date: /home/a/soccer_ws/install/kobuki_ros_interfaces/include/kobuki_ros_interfaces/kobuki_ros_interfaces/msg/detail/sensor_state__rosidl_typesupport_introspection_c.h
[0.915s] -- Up-to-date: /home/a/soccer_ws/install/kobuki_ros_interfaces/include/kobuki_ros_interfaces/kobuki_ros_interfaces/msg/detail/cliff_event__rosidl_typesupport_introspection_c.h
[0.915s] -- Up-to-date: /home/a/soccer_ws/install/kobuki_ros_interfaces/include/kobuki_ros_interfaces/kobuki_ros_interfaces/msg/detail/scan_angle__type_support.c
[0.915s] -- Up-to-date: /home/a/soccer_ws/install/kobuki_ros_interfaces/include/kobuki_ros_interfaces/kobuki_ros_interfaces/msg/detail/external_power__type_support.c
[0.915s] -- Up-to-date: /home/a/soccer_ws/install/kobuki_ros_interfaces/include/kobuki_ros_interfaces/kobuki_ros_interfaces/msg/detail/wheel_drop_event__rosidl_typesupport_introspection_c.h
[0.915s] -- Up-to-date: /home/a/soccer_ws/install/kobuki_ros_interfaces/include/kobuki_ros_interfaces/kobuki_ros_interfaces/msg/detail/motor_power__rosidl_typesupport_introspection_c.h
[0.915s] -- Up-to-date: /home/a/soccer_ws/install/kobuki_ros_interfaces/include/kobuki_ros_interfaces/kobuki_ros_interfaces/msg/detail/digital_input_event__rosidl_typesupport_introspection_c.h
[0.915s] -- Up-to-date: /home/a/soccer_ws/install/kobuki_ros_interfaces/include/kobuki_ros_interfaces/kobuki_ros_interfaces/msg/detail/digital_input_event__type_support.c
[0.915s] -- Up-to-date: /home/a/soccer_ws/install/kobuki_ros_interfaces/include/kobuki_ros_interfaces/kobuki_ros_interfaces/msg/detail/button_event__type_support.c
[0.916s] -- Up-to-date: /home/a/soccer_ws/install/kobuki_ros_interfaces/include/kobuki_ros_interfaces/kobuki_ros_interfaces/msg/detail/digital_output__rosidl_typesupport_introspection_c.h
[0.916s] -- Up-to-date: /home/a/soccer_ws/install/kobuki_ros_interfaces/include/kobuki_ros_interfaces/kobuki_ros_interfaces/msg/detail/scan_angle__rosidl_typesupport_introspection_c.h
[0.916s] -- Up-to-date: /home/a/soccer_ws/install/kobuki_ros_interfaces/include/kobuki_ros_interfaces/kobuki_ros_interfaces/msg/detail/controller_info__rosidl_typesupport_introspection_c.h
[0.916s] -- Up-to-date: /home/a/soccer_ws/install/kobuki_ros_interfaces/include/kobuki_ros_interfaces/kobuki_ros_interfaces/msg/detail/sensor_state__type_support.c
[0.916s] -- Up-to-date: /home/a/soccer_ws/install/kobuki_ros_interfaces/include/kobuki_ros_interfaces/kobuki_ros_interfaces/msg/detail/led__type_support.c
[0.916s] -- Up-to-date: /home/a/soccer_ws/install/kobuki_ros_interfaces/include/kobuki_ros_interfaces/kobuki_ros_interfaces/msg/detail/power_system_event__rosidl_typesupport_introspection_c.h
[0.916s] -- Up-to-date: /home/a/soccer_ws/install/kobuki_ros_interfaces/include/kobuki_ros_interfaces/kobuki_ros_interfaces/msg/detail/robot_state_event__rosidl_typesupport_introspection_c.h
[0.916s] -- Up-to-date: /home/a/soccer_ws/install/kobuki_ros_interfaces/include/kobuki_ros_interfaces/kobuki_ros_interfaces/msg/detail/keyboard_input__type_support.c
[0.916s] -- Up-to-date: /home/a/soccer_ws/install/kobuki_ros_interfaces/include/kobuki_ros_interfaces/kobuki_ros_interfaces/msg/detail/dock_infra_red__rosidl_typesupport_introspection_c.h
[0.916s] -- Up-to-date: /home/a/soccer_ws/install/kobuki_ros_interfaces/include/kobuki_ros_interfaces/kobuki_ros_interfaces/msg/detail/controller_info__type_support.c
[0.916s] -- Up-to-date: /home/a/soccer_ws/install/kobuki_ros_interfaces/include/kobuki_ros_interfaces/kobuki_ros_interfaces/msg/detail/digital_output__type_support.c
[0.916s] -- Up-to-date: /home/a/soccer_ws/install/kobuki_ros_interfaces/include/kobuki_ros_interfaces/kobuki_ros_interfaces/msg/detail/bumper_event__rosidl_typesupport_introspection_c.h
[0.916s] -- Up-to-date: /home/a/soccer_ws/install/kobuki_ros_interfaces/include/kobuki_ros_interfaces/kobuki_ros_interfaces/msg/detail/led__rosidl_typesupport_introspection_c.h
[0.917s] -- Up-to-date: /home/a/soccer_ws/install/kobuki_ros_interfaces/include/kobuki_ros_interfaces/kobuki_ros_interfaces/msg/rosidl_typesupport_introspection_c__visibility_control.h
[0.917s] -- Up-to-date: /home/a/soccer_ws/install/kobuki_ros_interfaces/lib/libkobuki_ros_interfaces__rosidl_typesupport_introspection_c.so
[0.917s] -- Up-to-date: /home/a/soccer_ws/install/kobuki_ros_interfaces/lib/libkobuki_ros_interfaces__rosidl_typesupport_c.so
[0.917s] -- Up-to-date: /home/a/soccer_ws/install/kobuki_ros_interfaces/include/kobuki_ros_interfaces/kobuki_ros_interfaces
[0.917s] -- Up-to-date: /home/a/soccer_ws/install/kobuki_ros_interfaces/include/kobuki_ros_interfaces/kobuki_ros_interfaces/action
[0.917s] -- Up-to-date: /home/a/soccer_ws/install/kobuki_ros_interfaces/include/kobuki_ros_interfaces/kobuki_ros_interfaces/action/detail
[0.917s] -- Up-to-date: /home/a/soccer_ws/install/kobuki_ros_interfaces/include/kobuki_ros_interfaces/kobuki_ros_interfaces/action/detail/auto_docking__type_support.cpp
[0.917s] -- Up-to-date: /home/a/soccer_ws/install/kobuki_ros_interfaces/include/kobuki_ros_interfaces/kobuki_ros_interfaces/action/detail/auto_docking__rosidl_typesupport_introspection_cpp.hpp
[0.917s] -- Up-to-date: /home/a/soccer_ws/install/kobuki_ros_interfaces/include/kobuki_ros_interfaces/kobuki_ros_interfaces/msg
[0.917s] -- Up-to-date: /home/a/soccer_ws/install/kobuki_ros_interfaces/include/kobuki_ros_interfaces/kobuki_ros_interfaces/msg/detail
[0.918s] -- Up-to-date: /home/a/soccer_ws/install/kobuki_ros_interfaces/include/kobuki_ros_interfaces/kobuki_ros_interfaces/msg/detail/motor_power__type_support.cpp
[0.918s] -- Up-to-date: /home/a/soccer_ws/install/kobuki_ros_interfaces/include/kobuki_ros_interfaces/kobuki_ros_interfaces/msg/detail/keyboard_input__rosidl_typesupport_introspection_cpp.hpp
[0.918s] -- Up-to-date: /home/a/soccer_ws/install/kobuki_ros_interfaces/include/kobuki_ros_interfaces/kobuki_ros_interfaces/msg/detail/button_event__rosidl_typesupport_introspection_cpp.hpp
[0.918s] -- Up-to-date: /home/a/soccer_ws/install/kobuki_ros_interfaces/include/kobuki_ros_interfaces/kobuki_ros_interfaces/msg/detail/external_power__type_support.cpp
[0.918s] -- Up-to-date: /home/a/soccer_ws/install/kobuki_ros_interfaces/include/kobuki_ros_interfaces/kobuki_ros_interfaces/msg/detail/wheel_drop_event__rosidl_typesupport_introspection_cpp.hpp
[0.918s] -- Up-to-date: /home/a/soccer_ws/install/kobuki_ros_interfaces/include/kobuki_ros_interfaces/kobuki_ros_interfaces/msg/detail/dock_infra_red__type_support.cpp
[0.918s] -- Up-to-date: /home/a/soccer_ws/install/kobuki_ros_interfaces/include/kobuki_ros_interfaces/kobuki_ros_interfaces/msg/detail/sensor_state__type_support.cpp
[0.918s] -- Up-to-date: /home/a/soccer_ws/install/kobuki_ros_interfaces/include/kobuki_ros_interfaces/kobuki_ros_interfaces/msg/detail/cliff_event__rosidl_typesupport_introspection_cpp.hpp
[0.918s] -- Up-to-date: /home/a/soccer_ws/install/kobuki_ros_interfaces/include/kobuki_ros_interfaces/kobuki_ros_interfaces/msg/detail/external_power__rosidl_typesupport_introspection_cpp.hpp
[0.918s] -- Up-to-date: /home/a/soccer_ws/install/kobuki_ros_interfaces/include/kobuki_ros_interfaces/kobuki_ros_interfaces/msg/detail/version_info__rosidl_typesupport_introspection_cpp.hpp
[0.918s] -- Up-to-date: /home/a/soccer_ws/install/kobuki_ros_interfaces/include/kobuki_ros_interfaces/kobuki_ros_interfaces/msg/detail/digital_output__type_support.cpp
[0.918s] -- Up-to-date: /home/a/soccer_ws/install/kobuki_ros_interfaces/include/kobuki_ros_interfaces/kobuki_ros_interfaces/msg/detail/robot_state_event__rosidl_typesupport_introspection_cpp.hpp
[0.919s] -- Up-to-date: /home/a/soccer_ws/install/kobuki_ros_interfaces/include/kobuki_ros_interfaces/kobuki_ros_interfaces/msg/detail/digital_input_event__type_support.cpp
[0.919s] -- Up-to-date: /home/a/soccer_ws/install/kobuki_ros_interfaces/include/kobuki_ros_interfaces/kobuki_ros_interfaces/msg/detail/robot_state_event__type_support.cpp
[0.919s] -- Up-to-date: /home/a/soccer_ws/install/kobuki_ros_interfaces/include/kobuki_ros_interfaces/kobuki_ros_interfaces/msg/detail/sound__rosidl_typesupport_introspection_cpp.hpp
[0.919s] -- Up-to-date: /home/a/soccer_ws/install/kobuki_ros_interfaces/include/kobuki_ros_interfaces/kobuki_ros_interfaces/msg/detail/led__rosidl_typesupport_introspection_cpp.hpp
[0.919s] -- Up-to-date: /home/a/soccer_ws/install/kobuki_ros_interfaces/include/kobuki_ros_interfaces/kobuki_ros_interfaces/msg/detail/cliff_event__type_support.cpp
[0.919s] -- Up-to-date: /home/a/soccer_ws/install/kobuki_ros_interfaces/include/kobuki_ros_interfaces/kobuki_ros_interfaces/msg/detail/digital_output__rosidl_typesupport_introspection_cpp.hpp
[0.919s] -- Up-to-date: /home/a/soccer_ws/install/kobuki_ros_interfaces/include/kobuki_ros_interfaces/kobuki_ros_interfaces/msg/detail/motor_power__rosidl_typesupport_introspection_cpp.hpp
[0.919s] -- Up-to-date: /home/a/soccer_ws/install/kobuki_ros_interfaces/include/kobuki_ros_interfaces/kobuki_ros_interfaces/msg/detail/sound__type_support.cpp
[0.919s] -- Up-to-date: /home/a/soccer_ws/install/kobuki_ros_interfaces/include/kobuki_ros_interfaces/kobuki_ros_interfaces/msg/detail/wheel_drop_event__type_support.cpp
[0.919s] -- Up-to-date: /home/a/soccer_ws/install/kobuki_ros_interfaces/include/kobuki_ros_interfaces/kobuki_ros_interfaces/msg/detail/scan_angle__type_support.cpp
[0.919s] -- Up-to-date: /home/a/soccer_ws/install/kobuki_ros_interfaces/include/kobuki_ros_interfaces/kobuki_ros_interfaces/msg/detail/bumper_event__rosidl_typesupport_introspection_cpp.hpp
[0.919s] -- Up-to-date: /home/a/soccer_ws/install/kobuki_ros_interfaces/include/kobuki_ros_interfaces/kobuki_ros_interfaces/msg/detail/digital_input_event__rosidl_typesupport_introspection_cpp.hpp
[0.920s] -- Up-to-date: /home/a/soccer_ws/install/kobuki_ros_interfaces/include/kobuki_ros_interfaces/kobuki_ros_interfaces/msg/detail/power_system_event__type_support.cpp
[0.920s] -- Up-to-date: /home/a/soccer_ws/install/kobuki_ros_interfaces/include/kobuki_ros_interfaces/kobuki_ros_interfaces/msg/detail/button_event__type_support.cpp
[0.920s] -- Up-to-date: /home/a/soccer_ws/install/kobuki_ros_interfaces/include/kobuki_ros_interfaces/kobuki_ros_interfaces/msg/detail/power_system_event__rosidl_typesupport_introspection_cpp.hpp
[0.920s] -- Up-to-date: /home/a/soccer_ws/install/kobuki_ros_interfaces/include/kobuki_ros_interfaces/kobuki_ros_interfaces/msg/detail/led__type_support.cpp
[0.920s] -- Up-to-date: /home/a/soccer_ws/install/kobuki_ros_interfaces/include/kobuki_ros_interfaces/kobuki_ros_interfaces/msg/detail/controller_info__rosidl_typesupport_introspection_cpp.hpp
[0.920s] -- Up-to-date: /home/a/soccer_ws/install/kobuki_ros_interfaces/include/kobuki_ros_interfaces/kobuki_ros_interfaces/msg/detail/scan_angle__rosidl_typesupport_introspection_cpp.hpp
[0.920s] -- Up-to-date: /home/a/soccer_ws/install/kobuki_ros_interfaces/include/kobuki_ros_interfaces/kobuki_ros_interfaces/msg/detail/sensor_state__rosidl_typesupport_introspection_cpp.hpp
[0.920s] -- Up-to-date: /home/a/soccer_ws/install/kobuki_ros_interfaces/include/kobuki_ros_interfaces/kobuki_ros_interfaces/msg/detail/controller_info__type_support.cpp
[0.920s] -- Up-to-date: /home/a/soccer_ws/install/kobuki_ros_interfaces/include/kobuki_ros_interfaces/kobuki_ros_interfaces/msg/detail/dock_infra_red__rosidl_typesupport_introspection_cpp.hpp
[0.920s] -- Up-to-date: /home/a/soccer_ws/install/kobuki_ros_interfaces/include/kobuki_ros_interfaces/kobuki_ros_interfaces/msg/detail/keyboard_input__type_support.cpp
[0.920s] -- Up-to-date: /home/a/soccer_ws/install/kobuki_ros_interfaces/include/kobuki_ros_interfaces/kobuki_ros_interfaces/msg/detail/version_info__type_support.cpp
[0.920s] -- Up-to-date: /home/a/soccer_ws/install/kobuki_ros_interfaces/include/kobuki_ros_interfaces/kobuki_ros_interfaces/msg/detail/bumper_event__type_support.cpp
[0.920s] -- Up-to-date: /home/a/soccer_ws/install/kobuki_ros_interfaces/lib/libkobuki_ros_interfaces__rosidl_typesupport_introspection_cpp.so
[0.920s] -- Up-to-date: /home/a/soccer_ws/install/kobuki_ros_interfaces/lib/libkobuki_ros_interfaces__rosidl_typesupport_cpp.so
[0.920s] -- Up-to-date: /home/a/soccer_ws/install/kobuki_ros_interfaces/share/kobuki_ros_interfaces/environment/pythonpath.sh
[0.921s] -- Up-to-date: /home/a/soccer_ws/install/kobuki_ros_interfaces/share/kobuki_ros_interfaces/environment/pythonpath.dsv
[0.921s] -- Up-to-date: /home/a/soccer_ws/install/kobuki_ros_interfaces/local/lib/python3.10/dist-packages/kobuki_ros_interfaces-1.0.0-py3.10.egg-info
[0.921s] -- Installing: /home/a/soccer_ws/install/kobuki_ros_interfaces/local/lib/python3.10/dist-packages/kobuki_ros_interfaces-1.0.0-py3.10.egg-info/top_level.txt
[0.921s] -- Installing: /home/a/soccer_ws/install/kobuki_ros_interfaces/local/lib/python3.10/dist-packages/kobuki_ros_interfaces-1.0.0-py3.10.egg-info/SOURCES.txt
[0.921s] -- Installing: /home/a/soccer_ws/install/kobuki_ros_interfaces/local/lib/python3.10/dist-packages/kobuki_ros_interfaces-1.0.0-py3.10.egg-info/dependency_links.txt
[0.921s] -- Installing: /home/a/soccer_ws/install/kobuki_ros_interfaces/local/lib/python3.10/dist-packages/kobuki_ros_interfaces-1.0.0-py3.10.egg-info/PKG-INFO
[0.921s] -- Up-to-date: /home/a/soccer_ws/install/kobuki_ros_interfaces/local/lib/python3.10/dist-packages/kobuki_ros_interfaces
[0.921s] -- Up-to-date: /home/a/soccer_ws/install/kobuki_ros_interfaces/local/lib/python3.10/dist-packages/kobuki_ros_interfaces/kobuki_ros_interfaces_s__rosidl_typesupport_introspection_c.cpython-310-x86_64-linux-gnu.so
[0.921s] -- Up-to-date: /home/a/soccer_ws/install/kobuki_ros_interfaces/local/lib/python3.10/dist-packages/kobuki_ros_interfaces/action
[0.921s] -- Up-to-date: /home/a/soccer_ws/install/kobuki_ros_interfaces/local/lib/python3.10/dist-packages/kobuki_ros_interfaces/action/_auto_docking_s.c
[0.921s] -- Up-to-date: /home/a/soccer_ws/install/kobuki_ros_interfaces/local/lib/python3.10/dist-packages/kobuki_ros_interfaces/action/_auto_docking.py
[0.921s] -- Up-to-date: /home/a/soccer_ws/install/kobuki_ros_interfaces/local/lib/python3.10/dist-packages/kobuki_ros_interfaces/action/__init__.py
[0.921s] -- Up-to-date: /home/a/soccer_ws/install/kobuki_ros_interfaces/local/lib/python3.10/dist-packages/kobuki_ros_interfaces/libkobuki_ros_interfaces__rosidl_generator_py.so
[0.921s] -- Up-to-date: /home/a/soccer_ws/install/kobuki_ros_interfaces/local/lib/python3.10/dist-packages/kobuki_ros_interfaces/kobuki_ros_interfaces_s__rosidl_typesupport_fastrtps_c.cpython-310-x86_64-linux-gnu.so
[0.921s] -- Up-to-date: /home/a/soccer_ws/install/kobuki_ros_interfaces/local/lib/python3.10/dist-packages/kobuki_ros_interfaces/_kobuki_ros_interfaces_s.ep.rosidl_typesupport_introspection_c.c
[0.921s] -- Up-to-date: /home/a/soccer_ws/install/kobuki_ros_interfaces/local/lib/python3.10/dist-packages/kobuki_ros_interfaces/msg
[0.922s] -- Up-to-date: /home/a/soccer_ws/install/kobuki_ros_interfaces/local/lib/python3.10/dist-packages/kobuki_ros_interfaces/msg/_digital_input_event.py
[0.922s] -- Up-to-date: /home/a/soccer_ws/install/kobuki_ros_interfaces/local/lib/python3.10/dist-packages/kobuki_ros_interfaces/msg/_bumper_event_s.c
[0.922s] -- Up-to-date: /home/a/soccer_ws/install/kobuki_ros_interfaces/local/lib/python3.10/dist-packages/kobuki_ros_interfaces/msg/_dock_infra_red.py
[0.922s] -- Up-to-date: /home/a/soccer_ws/install/kobuki_ros_interfaces/local/lib/python3.10/dist-packages/kobuki_ros_interfaces/msg/_wheel_drop_event.py
[0.922s] -- Up-to-date: /home/a/soccer_ws/install/kobuki_ros_interfaces/local/lib/python3.10/dist-packages/kobuki_ros_interfaces/msg/_sound_s.c
[0.922s] -- Up-to-date: /home/a/soccer_ws/install/kobuki_ros_interfaces/local/lib/python3.10/dist-packages/kobuki_ros_interfaces/msg/_controller_info.py
[0.922s] -- Up-to-date: /home/a/soccer_ws/install/kobuki_ros_interfaces/local/lib/python3.10/dist-packages/kobuki_ros_interfaces/msg/_cliff_event_s.c
[0.922s] -- Up-to-date: /home/a/soccer_ws/install/kobuki_ros_interfaces/local/lib/python3.10/dist-packages/kobuki_ros_interfaces/msg/_led_s.c
[0.922s] -- Up-to-date: /home/a/soccer_ws/install/kobuki_ros_interfaces/local/lib/python3.10/dist-packages/kobuki_ros_interfaces/msg/_keyboard_input_s.c
[0.922s] -- Up-to-date: /home/a/soccer_ws/install/kobuki_ros_interfaces/local/lib/python3.10/dist-packages/kobuki_ros_interfaces/msg/_motor_power.py
[0.922s] -- Up-to-date: /home/a/soccer_ws/install/kobuki_ros_interfaces/local/lib/python3.10/dist-packages/kobuki_ros_interfaces/msg/_digital_output_s.c
[0.922s] -- Up-to-date: /home/a/soccer_ws/install/kobuki_ros_interfaces/local/lib/python3.10/dist-packages/kobuki_ros_interfaces/msg/_robot_state_event_s.c
[0.922s] -- Up-to-date: /home/a/soccer_ws/install/kobuki_ros_interfaces/local/lib/python3.10/dist-packages/kobuki_ros_interfaces/msg/_sound.py
[0.922s] -- Up-to-date: /home/a/soccer_ws/install/kobuki_ros_interfaces/local/lib/python3.10/dist-packages/kobuki_ros_interfaces/msg/_motor_power_s.c
[0.922s] -- Up-to-date: /home/a/soccer_ws/install/kobuki_ros_interfaces/local/lib/python3.10/dist-packages/kobuki_ros_interfaces/msg/_led.py
[0.922s] -- Up-to-date: /home/a/soccer_ws/install/kobuki_ros_interfaces/local/lib/python3.10/dist-packages/kobuki_ros_interfaces/msg/_dock_infra_red_s.c
[0.922s] -- Up-to-date: /home/a/soccer_ws/install/kobuki_ros_interfaces/local/lib/python3.10/dist-packages/kobuki_ros_interfaces/msg/_digital_output.py
[0.923s] -- Up-to-date: /home/a/soccer_ws/install/kobuki_ros_interfaces/local/lib/python3.10/dist-packages/kobuki_ros_interfaces/msg/_cliff_event.py
[0.923s] -- Up-to-date: /home/a/soccer_ws/install/kobuki_ros_interfaces/local/lib/python3.10/dist-packages/kobuki_ros_interfaces/msg/_robot_state_event.py
[0.923s] -- Up-to-date: /home/a/soccer_ws/install/kobuki_ros_interfaces/local/lib/python3.10/dist-packages/kobuki_ros_interfaces/msg/_sensor_state_s.c
[0.923s] -- Up-to-date: /home/a/soccer_ws/install/kobuki_ros_interfaces/local/lib/python3.10/dist-packages/kobuki_ros_interfaces/msg/_power_system_event_s.c
[0.923s] -- Up-to-date: /home/a/soccer_ws/install/kobuki_ros_interfaces/local/lib/python3.10/dist-packages/kobuki_ros_interfaces/msg/_version_info_s.c
[0.923s] -- Up-to-date: /home/a/soccer_ws/install/kobuki_ros_interfaces/local/lib/python3.10/dist-packages/kobuki_ros_interfaces/msg/_external_power.py
[0.923s] -- Up-to-date: /home/a/soccer_ws/install/kobuki_ros_interfaces/local/lib/python3.10/dist-packages/kobuki_ros_interfaces/msg/_keyboard_input.py
[0.923s] -- Up-to-date: /home/a/soccer_ws/install/kobuki_ros_interfaces/local/lib/python3.10/dist-packages/kobuki_ros_interfaces/msg/_controller_info_s.c
[0.923s] -- Up-to-date: /home/a/soccer_ws/install/kobuki_ros_interfaces/local/lib/python3.10/dist-packages/kobuki_ros_interfaces/msg/__init__.py
[0.923s] -- Up-to-date: /home/a/soccer_ws/install/kobuki_ros_interfaces/local/lib/python3.10/dist-packages/kobuki_ros_interfaces/msg/_scan_angle.py
[0.923s] -- Up-to-date: /home/a/soccer_ws/install/kobuki_ros_interfaces/local/lib/python3.10/dist-packages/kobuki_ros_interfaces/msg/_button_event.py
[0.923s] -- Up-to-date: /home/a/soccer_ws/install/kobuki_ros_interfaces/local/lib/python3.10/dist-packages/kobuki_ros_interfaces/msg/_power_system_event.py
[0.924s] -- Up-to-date: /home/a/soccer_ws/install/kobuki_ros_interfaces/local/lib/python3.10/dist-packages/kobuki_ros_interfaces/msg/_digital_input_event_s.c
[0.924s] -- Up-to-date: /home/a/soccer_ws/install/kobuki_ros_interfaces/local/lib/python3.10/dist-packages/kobuki_ros_interfaces/msg/_wheel_drop_event_s.c
[0.924s] -- Up-to-date: /home/a/soccer_ws/install/kobuki_ros_interfaces/local/lib/python3.10/dist-packages/kobuki_ros_interfaces/msg/_version_info.py
[0.924s] -- Up-to-date: /home/a/soccer_ws/install/kobuki_ros_interfaces/local/lib/python3.10/dist-packages/kobuki_ros_interfaces/msg/_sensor_state.py
[0.924s] -- Up-to-date: /home/a/soccer_ws/install/kobuki_ros_interfaces/local/lib/python3.10/dist-packages/kobuki_ros_interfaces/msg/_button_event_s.c
[0.924s] -- Up-to-date: /home/a/soccer_ws/install/kobuki_ros_interfaces/local/lib/python3.10/dist-packages/kobuki_ros_interfaces/msg/_scan_angle_s.c
[0.924s] -- Up-to-date: /home/a/soccer_ws/install/kobuki_ros_interfaces/local/lib/python3.10/dist-packages/kobuki_ros_interfaces/msg/_external_power_s.c
[0.924s] -- Up-to-date: /home/a/soccer_ws/install/kobuki_ros_interfaces/local/lib/python3.10/dist-packages/kobuki_ros_interfaces/msg/_bumper_event.py
[0.924s] -- Up-to-date: /home/a/soccer_ws/install/kobuki_ros_interfaces/local/lib/python3.10/dist-packages/kobuki_ros_interfaces/kobuki_ros_interfaces_s__rosidl_typesupport_c.cpython-310-x86_64-linux-gnu.so
[0.924s] -- Up-to-date: /home/a/soccer_ws/install/kobuki_ros_interfaces/local/lib/python3.10/dist-packages/kobuki_ros_interfaces/_kobuki_ros_interfaces_s.ep.rosidl_typesupport_c.c
[0.924s] -- Up-to-date: /home/a/soccer_ws/install/kobuki_ros_interfaces/local/lib/python3.10/dist-packages/kobuki_ros_interfaces/__init__.py
[0.924s] -- Up-to-date: /home/a/soccer_ws/install/kobuki_ros_interfaces/local/lib/python3.10/dist-packages/kobuki_ros_interfaces/_kobuki_ros_interfaces_s.ep.rosidl_typesupport_fastrtps_c.c
[0.941s] Listing '/home/a/soccer_ws/install/kobuki_ros_interfaces/local/lib/python3.10/dist-packages/kobuki_ros_interfaces'...
[0.942s] Listing '/home/a/soccer_ws/install/kobuki_ros_interfaces/local/lib/python3.10/dist-packages/kobuki_ros_interfaces/action'...
[0.942s] Listing '/home/a/soccer_ws/install/kobuki_ros_interfaces/local/lib/python3.10/dist-packages/kobuki_ros_interfaces/msg'...
[0.948s] -- Up-to-date: /home/a/soccer_ws/install/kobuki_ros_interfaces/local/lib/python3.10/dist-packages/kobuki_ros_interfaces/kobuki_ros_interfaces_s__rosidl_typesupport_fastrtps_c.cpython-310-x86_64-linux-gnu.so
[0.948s] -- Up-to-date: /home/a/soccer_ws/install/kobuki_ros_interfaces/local/lib/python3.10/dist-packages/kobuki_ros_interfaces/kobuki_ros_interfaces_s__rosidl_typesupport_introspection_c.cpython-310-x86_64-linux-gnu.so
[0.948s] -- Up-to-date: /home/a/soccer_ws/install/kobuki_ros_interfaces/local/lib/python3.10/dist-packages/kobuki_ros_interfaces/kobuki_ros_interfaces_s__rosidl_typesupport_c.cpython-310-x86_64-linux-gnu.so
[0.949s] -- Up-to-date: /home/a/soccer_ws/install/kobuki_ros_interfaces/lib/libkobuki_ros_interfaces__rosidl_generator_py.so
[0.949s] -- Up-to-date: /home/a/soccer_ws/install/kobuki_ros_interfaces/share/kobuki_ros_interfaces/msg/BumperEvent.idl
[0.949s] -- Up-to-date: /home/a/soccer_ws/install/kobuki_ros_interfaces/share/kobuki_ros_interfaces/msg/CliffEvent.idl
[0.949s] -- Up-to-date: /home/a/soccer_ws/install/kobuki_ros_interfaces/share/kobuki_ros_interfaces/msg/DigitalOutput.idl
[0.949s] -- Up-to-date: /home/a/soccer_ws/install/kobuki_ros_interfaces/share/kobuki_ros_interfaces/msg/ExternalPower.idl
[0.950s] -- Up-to-date: /home/a/soccer_ws/install/kobuki_ros_interfaces/share/kobuki_ros_interfaces/msg/Led.idl
[0.950s] -- Up-to-date: /home/a/soccer_ws/install/kobuki_ros_interfaces/share/kobuki_ros_interfaces/msg/PowerSystemEvent.idl
[0.950s] -- Up-to-date: /home/a/soccer_ws/install/kobuki_ros_interfaces/share/kobuki_ros_interfaces/msg/SensorState.idl
[0.950s] -- Up-to-date: /home/a/soccer_ws/install/kobuki_ros_interfaces/share/kobuki_ros_interfaces/msg/VersionInfo.idl
[0.950s] -- Up-to-date: /home/a/soccer_ws/install/kobuki_ros_interfaces/share/kobuki_ros_interfaces/msg/ControllerInfo.idl
[0.950s] -- Up-to-date: /home/a/soccer_ws/install/kobuki_ros_interfaces/share/kobuki_ros_interfaces/msg/ButtonEvent.idl
[0.950s] -- Up-to-date: /home/a/soccer_ws/install/kobuki_ros_interfaces/share/kobuki_ros_interfaces/msg/DigitalInputEvent.idl
[0.950s] -- Up-to-date: /home/a/soccer_ws/install/kobuki_ros_interfaces/share/kobuki_ros_interfaces/msg/DockInfraRed.idl
[0.950s] -- Up-to-date: /home/a/soccer_ws/install/kobuki_ros_interfaces/share/kobuki_ros_interfaces/msg/KeyboardInput.idl
[0.950s] -- Up-to-date: /home/a/soccer_ws/install/kobuki_ros_interfaces/share/kobuki_ros_interfaces/msg/MotorPower.idl
[0.951s] -- Up-to-date: /home/a/soccer_ws/install/kobuki_ros_interfaces/share/kobuki_ros_interfaces/msg/RobotStateEvent.idl
[0.951s] -- Up-to-date: /home/a/soccer_ws/install/kobuki_ros_interfaces/share/kobuki_ros_interfaces/msg/Sound.idl
[0.951s] -- Up-to-date: /home/a/soccer_ws/install/kobuki_ros_interfaces/share/kobuki_ros_interfaces/msg/ScanAngle.idl
[0.951s] -- Up-to-date: /home/a/soccer_ws/install/kobuki_ros_interfaces/share/kobuki_ros_interfaces/msg/WheelDropEvent.idl
[0.951s] -- Up-to-date: /home/a/soccer_ws/install/kobuki_ros_interfaces/share/kobuki_ros_interfaces/action/AutoDocking.idl
[0.952s] -- Up-to-date: /home/a/soccer_ws/install/kobuki_ros_interfaces/share/kobuki_ros_interfaces/msg/BumperEvent.msg
[0.952s] -- Up-to-date: /home/a/soccer_ws/install/kobuki_ros_interfaces/share/kobuki_ros_interfaces/msg/CliffEvent.msg
[0.952s] -- Up-to-date: /home/a/soccer_ws/install/kobuki_ros_interfaces/share/kobuki_ros_interfaces/msg/DigitalOutput.msg
[0.952s] -- Up-to-date: /home/a/soccer_ws/install/kobuki_ros_interfaces/share/kobuki_ros_interfaces/msg/ExternalPower.msg
[0.952s] -- Up-to-date: /home/a/soccer_ws/install/kobuki_ros_interfaces/share/kobuki_ros_interfaces/msg/Led.msg
[0.952s] -- Up-to-date: /home/a/soccer_ws/install/kobuki_ros_interfaces/share/kobuki_ros_interfaces/msg/PowerSystemEvent.msg
[0.953s] -- Up-to-date: /home/a/soccer_ws/install/kobuki_ros_interfaces/share/kobuki_ros_interfaces/msg/SensorState.msg
[0.953s] -- Up-to-date: /home/a/soccer_ws/install/kobuki_ros_interfaces/share/kobuki_ros_interfaces/msg/VersionInfo.msg
[0.953s] -- Up-to-date: /home/a/soccer_ws/install/kobuki_ros_interfaces/share/kobuki_ros_interfaces/msg/ControllerInfo.msg
[0.953s] -- Up-to-date: /home/a/soccer_ws/install/kobuki_ros_interfaces/share/kobuki_ros_interfaces/msg/ButtonEvent.msg
[0.953s] -- Up-to-date: /home/a/soccer_ws/install/kobuki_ros_interfaces/share/kobuki_ros_interfaces/msg/DigitalInputEvent.msg
[0.953s] -- Up-to-date: /home/a/soccer_ws/install/kobuki_ros_interfaces/share/kobuki_ros_interfaces/msg/DockInfraRed.msg
[0.953s] -- Up-to-date: /home/a/soccer_ws/install/kobuki_ros_interfaces/share/kobuki_ros_interfaces/msg/KeyboardInput.msg
[0.953s] -- Up-to-date: /home/a/soccer_ws/install/kobuki_ros_interfaces/share/kobuki_ros_interfaces/msg/MotorPower.msg
[0.953s] -- Up-to-date: /home/a/soccer_ws/install/kobuki_ros_interfaces/share/kobuki_ros_interfaces/msg/RobotStateEvent.msg
[0.955s] -- Up-to-date: /home/a/soccer_ws/install/kobuki_ros_interfaces/share/kobuki_ros_interfaces/msg/Sound.msg
[0.955s] -- Up-to-date: /home/a/soccer_ws/install/kobuki_ros_interfaces/share/kobuki_ros_interfaces/msg/ScanAngle.msg
[0.955s] -- Up-to-date: /home/a/soccer_ws/install/kobuki_ros_interfaces/share/kobuki_ros_interfaces/msg/WheelDropEvent.msg
[0.955s] -- Up-to-date: /home/a/soccer_ws/install/kobuki_ros_interfaces/share/kobuki_ros_interfaces/action/AutoDocking.action
[0.955s] -- Up-to-date: /home/a/soccer_ws/install/kobuki_ros_interfaces/share/ament_index/resource_index/package_run_dependencies/kobuki_ros_interfaces
[0.956s] -- Up-to-date: /home/a/soccer_ws/install/kobuki_ros_interfaces/share/ament_index/resource_index/parent_prefix_path/kobuki_ros_interfaces
[0.956s] -- Up-to-date: /home/a/soccer_ws/install/kobuki_ros_interfaces/share/kobuki_ros_interfaces/environment/ament_prefix_path.sh
[0.957s] -- Up-to-date: /home/a/soccer_ws/install/kobuki_ros_interfaces/share/kobuki_ros_interfaces/environment/ament_prefix_path.dsv
[0.957s] -- Up-to-date: /home/a/soccer_ws/install/kobuki_ros_interfaces/share/kobuki_ros_interfaces/environment/path.sh
[0.957s] -- Up-to-date: /home/a/soccer_ws/install/kobuki_ros_interfaces/share/kobuki_ros_interfaces/environment/path.dsv
[0.957s] -- Up-to-date: /home/a/soccer_ws/install/kobuki_ros_interfaces/share/kobuki_ros_interfaces/local_setup.bash
[0.957s] -- Up-to-date: /home/a/soccer_ws/install/kobuki_ros_interfaces/share/kobuki_ros_interfaces/local_setup.sh
[0.957s] -- Up-to-date: /home/a/soccer_ws/install/kobuki_ros_interfaces/share/kobuki_ros_interfaces/local_setup.zsh
[0.957s] -- Up-to-date: /home/a/soccer_ws/install/kobuki_ros_interfaces/share/kobuki_ros_interfaces/local_setup.dsv
[0.957s] -- Installing: /home/a/soccer_ws/install/kobuki_ros_interfaces/share/kobuki_ros_interfaces/package.dsv
[0.957s] -- Up-to-date: /home/a/soccer_ws/install/kobuki_ros_interfaces/share/ament_index/resource_index/packages/kobuki_ros_interfaces
[0.957s] -- Up-to-date: /home/a/soccer_ws/install/kobuki_ros_interfaces/share/kobuki_ros_interfaces/cmake/export_kobuki_ros_interfaces__rosidl_generator_cExport.cmake
[0.957s] -- Up-to-date: /home/a/soccer_ws/install/kobuki_ros_interfaces/share/kobuki_ros_interfaces/cmake/export_kobuki_ros_interfaces__rosidl_generator_cExport-noconfig.cmake
[0.958s] -- Up-to-date: /home/a/soccer_ws/install/kobuki_ros_interfaces/share/kobuki_ros_interfaces/cmake/export_kobuki_ros_interfaces__rosidl_typesupport_fastrtps_cExport.cmake
[0.958s] -- Up-to-date: /home/a/soccer_ws/install/kobuki_ros_interfaces/share/kobuki_ros_interfaces/cmake/export_kobuki_ros_interfaces__rosidl_typesupport_fastrtps_cExport-noconfig.cmake
[0.958s] -- Up-to-date: /home/a/soccer_ws/install/kobuki_ros_interfaces/share/kobuki_ros_interfaces/cmake/export_kobuki_ros_interfaces__rosidl_generator_cppExport.cmake
[0.958s] -- Up-to-date: /home/a/soccer_ws/install/kobuki_ros_interfaces/share/kobuki_ros_interfaces/cmake/export_kobuki_ros_interfaces__rosidl_typesupport_fastrtps_cppExport.cmake
[0.958s] -- Up-to-date: /home/a/soccer_ws/install/kobuki_ros_interfaces/share/kobuki_ros_interfaces/cmake/export_kobuki_ros_interfaces__rosidl_typesupport_fastrtps_cppExport-noconfig.cmake
[0.958s] -- Up-to-date: /home/a/soccer_ws/install/kobuki_ros_interfaces/share/kobuki_ros_interfaces/cmake/kobuki_ros_interfaces__rosidl_typesupport_introspection_cExport.cmake
[0.959s] -- Up-to-date: /home/a/soccer_ws/install/kobuki_ros_interfaces/share/kobuki_ros_interfaces/cmake/kobuki_ros_interfaces__rosidl_typesupport_introspection_cExport-noconfig.cmake
[0.959s] -- Up-to-date: /home/a/soccer_ws/install/kobuki_ros_interfaces/share/kobuki_ros_interfaces/cmake/kobuki_ros_interfaces__rosidl_typesupport_cExport.cmake
[0.959s] -- Up-to-date: /home/a/soccer_ws/install/kobuki_ros_interfaces/share/kobuki_ros_interfaces/cmake/kobuki_ros_interfaces__rosidl_typesupport_cExport-noconfig.cmake
[0.959s] -- Up-to-date: /home/a/soccer_ws/install/kobuki_ros_interfaces/share/kobuki_ros_interfaces/cmake/kobuki_ros_interfaces__rosidl_typesupport_introspection_cppExport.cmake
[0.959s] -- Up-to-date: /home/a/soccer_ws/install/kobuki_ros_interfaces/share/kobuki_ros_interfaces/cmake/kobuki_ros_interfaces__rosidl_typesupport_introspection_cppExport-noconfig.cmake
[0.959s] -- Up-to-date: /home/a/soccer_ws/install/kobuki_ros_interfaces/share/kobuki_ros_interfaces/cmake/kobuki_ros_interfaces__rosidl_typesupport_cppExport.cmake
[0.959s] -- Up-to-date: /home/a/soccer_ws/install/kobuki_ros_interfaces/share/kobuki_ros_interfaces/cmake/kobuki_ros_interfaces__rosidl_typesupport_cppExport-noconfig.cmake
[0.959s] -- Up-to-date: /home/a/soccer_ws/install/kobuki_ros_interfaces/share/kobuki_ros_interfaces/cmake/export_kobuki_ros_interfaces__rosidl_generator_pyExport.cmake
[0.959s] -- Up-to-date: /home/a/soccer_ws/install/kobuki_ros_interfaces/share/kobuki_ros_interfaces/cmake/export_kobuki_ros_interfaces__rosidl_generator_pyExport-noconfig.cmake
[0.960s] -- Up-to-date: /home/a/soccer_ws/install/kobuki_ros_interfaces/share/kobuki_ros_interfaces/cmake/rosidl_cmake-extras.cmake
[0.960s] -- Up-to-date: /home/a/soccer_ws/install/kobuki_ros_interfaces/share/kobuki_ros_interfaces/cmake/ament_cmake_export_dependencies-extras.cmake
[0.960s] -- Up-to-date: /home/a/soccer_ws/install/kobuki_ros_interfaces/share/kobuki_ros_interfaces/cmake/ament_cmake_export_include_directories-extras.cmake
[0.960s] -- Up-to-date: /home/a/soccer_ws/install/kobuki_ros_interfaces/share/kobuki_ros_interfaces/cmake/ament_cmake_export_libraries-extras.cmake
[0.960s] -- Up-to-date: /home/a/soccer_ws/install/kobuki_ros_interfaces/share/kobuki_ros_interfaces/cmake/ament_cmake_export_targets-extras.cmake
[0.960s] -- Up-to-date: /home/a/soccer_ws/install/kobuki_ros_interfaces/share/kobuki_ros_interfaces/cmake/rosidl_cmake_export_typesupport_targets-extras.cmake
[0.960s] -- Up-to-date: /home/a/soccer_ws/install/kobuki_ros_interfaces/share/kobuki_ros_interfaces/cmake/rosidl_cmake_export_typesupport_libraries-extras.cmake
[0.960s] -- Up-to-date: /home/a/soccer_ws/install/kobuki_ros_interfaces/share/kobuki_ros_interfaces/cmake/kobuki_ros_interfacesConfig.cmake
[0.960s] -- Up-to-date: /home/a/soccer_ws/install/kobuki_ros_interfaces/share/kobuki_ros_interfaces/cmake/kobuki_ros_interfacesConfig-version.cmake
[0.960s] -- Up-to-date: /home/a/soccer_ws/install/kobuki_ros_interfaces/share/kobuki_ros_interfaces/package.xml
[1.076s] Invoked command in '/home/a/soccer_ws/build/kobuki_ros_interfaces' returned '0': CMAKE_PREFIX_PATH=${CMAKE_PREFIX_PATH}:/home/a/soccer_ws/install/perception:/opt/ros/humble /usr/bin/cmake --install /home/a/soccer_ws/build/kobuki_ros_interfaces
