[0.055s] Invoking command in '/home/a/soccer_ws/build/kobuki_description': CMAKE_PREFIX_PATH=${CMAKE_PREFIX_PATH}:/home/a/soccer_ws/install/perception:/opt/ros/humble /usr/bin/cmake --build /home/a/soccer_ws/build/kobuki_description -- -j16 -l16
[0.184s] Invoked command in '/home/a/soccer_ws/build/kobuki_description' returned '0': CMAKE_PREFIX_PATH=${CMAKE_PREFIX_PATH}:/home/a/soccer_ws/install/perception:/opt/ros/humble /usr/bin/cmake --build /home/a/soccer_ws/build/kobuki_description -- -j16 -l16
[0.192s] Invoking command in '/home/a/soccer_ws/build/kobuki_description': CMAKE_PREFIX_PATH=${CMAKE_PREFIX_PATH}:/home/a/soccer_ws/install/perception:/opt/ros/humble /usr/bin/cmake --install /home/a/soccer_ws/build/kobuki_description
[0.217s] -- Install configuration: ""
[0.218s] -- Up-to-date: /home/a/soccer_ws/install/kobuki_description/share/kobuki_description/launch
[0.218s] -- Up-to-date: /home/a/soccer_ws/install/kobuki_description/share/kobuki_description/launch/robot_description.launch.py
[0.221s] -- Up-to-date: /home/a/soccer_ws/install/kobuki_description/share/kobuki_description/meshes
[0.221s] -- Up-to-date: /home/a/soccer_ws/install/kobuki_description/share/kobuki_description/meshes/wheel.dae
[0.221s] -- Up-to-date: /home/a/soccer_ws/install/kobuki_description/share/kobuki_description/meshes/images
[0.222s] -- Up-to-date: /home/a/soccer_ws/install/kobuki_description/share/kobuki_description/meshes/images/main_body.jpg
[0.222s] -- Up-to-date: /home/a/soccer_ws/install/kobuki_description/share/kobuki_description/meshes/images/wheel.jpg
[0.222s] -- Up-to-date: /home/a/soccer_ws/install/kobuki_description/share/kobuki_description/meshes/main_body.dae
[0.222s] -- Up-to-date: /home/a/soccer_ws/install/kobuki_description/share/kobuki_description/rviz
[0.226s] -- Up-to-date: /home/a/soccer_ws/install/kobuki_description/share/kobuki_description/rviz/model.rviz
[0.226s] -- Up-to-date: /home/a/soccer_ws/install/kobuki_description/share/kobuki_description/urdf
[0.226s] -- Up-to-date: /home/a/soccer_ws/install/kobuki_description/share/kobuki_description/urdf/kobuki.urdf.xacro
[0.227s] -- Up-to-date: /home/a/soccer_ws/install/kobuki_description/share/kobuki_description/urdf/kobuki_standalone.urdf.xacro
[0.227s] -- Up-to-date: /home/a/soccer_ws/install/kobuki_description/share/kobuki_description/urdf/common_properties.urdf.xacro
[0.227s] -- Up-to-date: /home/a/soccer_ws/install/kobuki_description/share/kobuki_description/urdf/kobuki_gazebo.urdf.xacro
[0.227s] -- Up-to-date: /home/a/soccer_ws/install/kobuki_description/share/ament_index/resource_index/package_run_dependencies/kobuki_description
[0.230s] -- Up-to-date: /home/a/soccer_ws/install/kobuki_description/share/ament_index/resource_index/parent_prefix_path/kobuki_description
[0.231s] -- Up-to-date: /home/a/soccer_ws/install/kobuki_description/share/kobuki_description/environment/ament_prefix_path.sh
[0.231s] -- Up-to-date: /home/a/soccer_ws/install/kobuki_description/share/kobuki_description/environment/ament_prefix_path.dsv
[0.231s] -- Up-to-date: /home/a/soccer_ws/install/kobuki_description/share/kobuki_description/environment/path.sh
[0.231s] -- Up-to-date: /home/a/soccer_ws/install/kobuki_description/share/kobuki_description/environment/path.dsv
[0.232s] -- Up-to-date: /home/a/soccer_ws/install/kobuki_description/share/kobuki_description/local_setup.bash
[0.232s] -- Up-to-date: /home/a/soccer_ws/install/kobuki_description/share/kobuki_description/local_setup.sh
[0.232s] -- Up-to-date: /home/a/soccer_ws/install/kobuki_description/share/kobuki_description/local_setup.zsh
[0.239s] -- Up-to-date: /home/a/soccer_ws/install/kobuki_description/share/kobuki_description/local_setup.dsv
[0.239s] -- Installing: /home/a/soccer_ws/install/kobuki_description/share/kobuki_description/package.dsv
[0.240s] -- Up-to-date: /home/a/soccer_ws/install/kobuki_description/share/ament_index/resource_index/packages/kobuki_description
[0.240s] -- Up-to-date: /home/a/soccer_ws/install/kobuki_description/share/kobuki_description/cmake/kobuki_descriptionConfig.cmake
[0.240s] -- Up-to-date: /home/a/soccer_ws/install/kobuki_description/share/kobuki_description/cmake/kobuki_descriptionConfig-version.cmake
[0.240s] -- Up-to-date: /home/a/soccer_ws/install/kobuki_description/share/kobuki_description/package.xml
[0.344s] Invoked command in '/home/a/soccer_ws/build/kobuki_description' returned '0': CMAKE_PREFIX_PATH=${CMAKE_PREFIX_PATH}:/home/a/soccer_ws/install/perception:/opt/ros/humble /usr/bin/cmake --install /home/a/soccer_ws/build/kobuki_description
