[0.069s] Invoking command in '/home/a/soccer_ws/build/ecl_command_line': CMAKE_PREFIX_PATH=${CMAKE_PREFIX_PATH}:/home/a/soccer_ws/install/perception:/opt/ros/humble /usr/bin/cmake --build /home/a/soccer_ws/build/ecl_command_line -- -j16 -l16
[0.190s] [35m[1mConsolidate compiler generated dependencies of target ecl_demo_command_line[0m
[0.239s] [100%] Built target ecl_demo_command_line
[0.617s] Invoked command in '/home/a/soccer_ws/build/ecl_command_line' returned '0': CMAKE_PREFIX_PATH=${CMAKE_PREFIX_PATH}:/home/a/soccer_ws/install/perception:/opt/ros/humble /usr/bin/cmake --build /home/a/soccer_ws/build/ecl_command_line -- -j16 -l16
[0.620s] Invoking command in '/home/a/soccer_ws/build/ecl_command_line': CMAKE_PREFIX_PATH=${CMAKE_PREFIX_PATH}:/home/a/soccer_ws/install/perception:/opt/ros/humble /usr/bin/cmake --install /home/a/soccer_ws/build/ecl_command_line
[0.646s] -- Install configuration: ""
[0.647s] -- Up-to-date: /home/a/soccer_ws/install/ecl_command_line/share/ament_index/resource_index/package_run_dependencies/ecl_command_line
[0.650s] -- Up-to-date: /home/a/soccer_ws/install/ecl_command_line/share/ament_index/resource_index/parent_prefix_path/ecl_command_line
[0.651s] -- Up-to-date: /home/a/soccer_ws/install/ecl_command_line/share/ecl_command_line/environment/ament_prefix_path.sh
[0.651s] -- Up-to-date: /home/a/soccer_ws/install/ecl_command_line/share/ecl_command_line/environment/ament_prefix_path.dsv
[0.651s] -- Up-to-date: /home/a/soccer_ws/install/ecl_command_line/share/ecl_command_line/environment/path.sh
[0.651s] -- Up-to-date: /home/a/soccer_ws/install/ecl_command_line/share/ecl_command_line/environment/path.dsv
[0.651s] -- Up-to-date: /home/a/soccer_ws/install/ecl_command_line/share/ecl_command_line/local_setup.bash
[0.651s] -- Up-to-date: /home/a/soccer_ws/install/ecl_command_line/share/ecl_command_line/local_setup.sh
[0.651s] -- Up-to-date: /home/a/soccer_ws/install/ecl_command_line/share/ecl_command_line/local_setup.zsh
[0.651s] -- Up-to-date: /home/a/soccer_ws/install/ecl_command_line/share/ecl_command_line/local_setup.dsv
[0.652s] -- Installing: /home/a/soccer_ws/install/ecl_command_line/share/ecl_command_line/package.dsv
[0.652s] -- Up-to-date: /home/a/soccer_ws/install/ecl_command_line/share/ament_index/resource_index/packages/ecl_command_line
[0.662s] -- Up-to-date: /home/a/soccer_ws/install/ecl_command_line/share/ecl_command_line/cmake/ecl_command_lineExport.cmake
[0.662s] -- Up-to-date: /home/a/soccer_ws/install/ecl_command_line/share/ecl_command_line/cmake/ament_cmake_export_targets-extras.cmake
[0.662s] -- Up-to-date: /home/a/soccer_ws/install/ecl_command_line/share/ecl_command_line/cmake/ament_cmake_export_include_directories-extras.cmake
[0.662s] -- Up-to-date: /home/a/soccer_ws/install/ecl_command_line/share/ecl_command_line/cmake/ecl_command_lineConfig.cmake
[0.662s] -- Up-to-date: /home/a/soccer_ws/install/ecl_command_line/share/ecl_command_line/cmake/ecl_command_lineConfig-version.cmake
[0.662s] -- Up-to-date: /home/a/soccer_ws/install/ecl_command_line/share/ecl_command_line/package.xml
[0.663s] -- Up-to-date: /home/a/soccer_ws/install/ecl_command_line/include/ecl/command_line.hpp
[0.663s] -- Up-to-date: /home/a/soccer_ws/install/ecl_command_line/include/ecl/command_line/arg.hpp
[0.663s] -- Up-to-date: /home/a/soccer_ws/install/ecl_command_line/include/ecl/command_line/arg_exception.hpp
[0.663s] -- Up-to-date: /home/a/soccer_ws/install/ecl_command_line/include/ecl/command_line/cmd_line.hpp
[0.663s] -- Up-to-date: /home/a/soccer_ws/install/ecl_command_line/include/ecl/command_line/cmd_line_interface.hpp
[0.663s] -- Up-to-date: /home/a/soccer_ws/install/ecl_command_line/include/ecl/command_line/cmd_line_output.hpp
[0.664s] -- Up-to-date: /home/a/soccer_ws/install/ecl_command_line/include/ecl/command_line/constraint.hpp
[0.664s] -- Up-to-date: /home/a/soccer_ws/install/ecl_command_line/include/ecl/command_line/docbook_output.hpp
[0.664s] -- Up-to-date: /home/a/soccer_ws/install/ecl_command_line/include/ecl/command_line/help_visitor.hpp
[0.664s] -- Up-to-date: /home/a/soccer_ws/install/ecl_command_line/include/ecl/command_line/ignore_rest_visitor.hpp
[0.665s] -- Up-to-date: /home/a/soccer_ws/install/ecl_command_line/include/ecl/command_line/multi_arg.hpp
[0.666s] -- Up-to-date: /home/a/soccer_ws/install/ecl_command_line/include/ecl/command_line/multi_switch_arg.hpp
[0.666s] -- Up-to-date: /home/a/soccer_ws/install/ecl_command_line/include/ecl/command_line/optional_unlabeled_tracker.hpp
[0.666s] -- Up-to-date: /home/a/soccer_ws/install/ecl_command_line/include/ecl/command_line/std_output.hpp
[0.666s] -- Up-to-date: /home/a/soccer_ws/install/ecl_command_line/include/ecl/command_line/switch_arg.hpp
[0.666s] -- Up-to-date: /home/a/soccer_ws/install/ecl_command_line/include/ecl/command_line/unlabeled_multi_arg.hpp
[0.666s] -- Up-to-date: /home/a/soccer_ws/install/ecl_command_line/include/ecl/command_line/unlabeled_value_arg.hpp
[0.667s] -- Up-to-date: /home/a/soccer_ws/install/ecl_command_line/include/ecl/command_line/value_arg.hpp
[0.667s] -- Up-to-date: /home/a/soccer_ws/install/ecl_command_line/include/ecl/command_line/values_constraint.hpp
[0.667s] -- Up-to-date: /home/a/soccer_ws/install/ecl_command_line/include/ecl/command_line/version_visitor.hpp
[0.667s] -- Up-to-date: /home/a/soccer_ws/install/ecl_command_line/include/ecl/command_line/visitor.hpp
[0.667s] -- Up-to-date: /home/a/soccer_ws/install/ecl_command_line/include/ecl/command_line/xor_handler.hpp
[0.668s] -- Up-to-date: /home/a/soccer_ws/install/ecl_command_line/lib/ecl_command_line/demo_command_line
[0.712s] Invoked command in '/home/a/soccer_ws/build/ecl_command_line' returned '0': CMAKE_PREFIX_PATH=${CMAKE_PREFIX_PATH}:/home/a/soccer_ws/install/perception:/opt/ros/humble /usr/bin/cmake --install /home/a/soccer_ws/build/ecl_command_line
