[0.088s] Invoking command in '/home/a/soccer_ws/build/ecl_eigen': CMAKE_PREFIX_PATH=${CMAKE_PREFIX_PATH}:/home/a/soccer_ws/install/perception:/opt/ros/humble /usr/bin/cmake --build /home/a/soccer_ws/build/ecl_eigen -- -j16 -l16
[0.629s] Invoked command in '/home/a/soccer_ws/build/ecl_eigen' returned '0': CMAKE_PREFIX_PATH=${CMAKE_PREFIX_PATH}:/home/a/soccer_ws/install/perception:/opt/ros/humble /usr/bin/cmake --build /home/a/soccer_ws/build/ecl_eigen -- -j16 -l16
[0.649s] Invoking command in '/home/a/soccer_ws/build/ecl_eigen': CMAKE_PREFIX_PATH=${CMAKE_PREFIX_PATH}:/home/a/soccer_ws/install/perception:/opt/ros/humble /usr/bin/cmake --install /home/a/soccer_ws/build/ecl_eigen
[0.668s] -- Install configuration: ""
[0.668s] -- Up-to-date: /home/a/soccer_ws/install/ecl_eigen/include/ecl/eigen.hpp
[0.668s] -- Up-to-date: /home/a/soccer_ws/install/ecl_eigen/share/ament_index/resource_index/package_run_dependencies/ecl_eigen
[0.669s] -- Up-to-date: /home/a/soccer_ws/install/ecl_eigen/share/ament_index/resource_index/parent_prefix_path/ecl_eigen
[0.669s] -- Up-to-date: /home/a/soccer_ws/install/ecl_eigen/share/ecl_eigen/environment/ament_prefix_path.sh
[0.670s] -- Up-to-date: /home/a/soccer_ws/install/ecl_eigen/share/ecl_eigen/environment/ament_prefix_path.dsv
[0.670s] -- Up-to-date: /home/a/soccer_ws/install/ecl_eigen/share/ecl_eigen/environment/path.sh
[0.670s] -- Up-to-date: /home/a/soccer_ws/install/ecl_eigen/share/ecl_eigen/environment/path.dsv
[0.670s] -- Up-to-date: /home/a/soccer_ws/install/ecl_eigen/share/ecl_eigen/local_setup.bash
[0.670s] -- Up-to-date: /home/a/soccer_ws/install/ecl_eigen/share/ecl_eigen/local_setup.sh
[0.670s] -- Up-to-date: /home/a/soccer_ws/install/ecl_eigen/share/ecl_eigen/local_setup.zsh
[0.670s] -- Up-to-date: /home/a/soccer_ws/install/ecl_eigen/share/ecl_eigen/local_setup.dsv
[0.670s] -- Installing: /home/a/soccer_ws/install/ecl_eigen/share/ecl_eigen/package.dsv
[0.671s] -- Up-to-date: /home/a/soccer_ws/install/ecl_eigen/share/ament_index/resource_index/packages/ecl_eigen
[0.671s] -- Up-to-date: /home/a/soccer_ws/install/ecl_eigen/share/ecl_eigen/cmake/ecl_eigenExport.cmake
[0.671s] -- Up-to-date: /home/a/soccer_ws/install/ecl_eigen/share/ecl_eigen/cmake/ament_cmake_export_targets-extras.cmake
[0.672s] -- Up-to-date: /home/a/soccer_ws/install/ecl_eigen/share/ecl_eigen/cmake/ament_cmake_export_include_directories-extras.cmake
[0.673s] -- Up-to-date: /home/a/soccer_ws/install/ecl_eigen/share/ecl_eigen/cmake/ament_cmake_export_dependencies-extras.cmake
[0.675s] -- Up-to-date: /home/a/soccer_ws/install/ecl_eigen/share/ecl_eigen/cmake/ecl_eigenConfig.cmake
[0.676s] -- Up-to-date: /home/a/soccer_ws/install/ecl_eigen/share/ecl_eigen/cmake/ecl_eigenConfig-version.cmake
[0.676s] -- Up-to-date: /home/a/soccer_ws/install/ecl_eigen/share/ecl_eigen/package.xml
[0.676s] -- Up-to-date: /home/a/soccer_ws/install/ecl_eigen/share/licenses/eigen/COPYING.LESSER
[0.715s] Invoked command in '/home/a/soccer_ws/build/ecl_eigen' returned '0': CMAKE_PREFIX_PATH=${CMAKE_PREFIX_PATH}:/home/a/soccer_ws/install/perception:/opt/ros/humble /usr/bin/cmake --install /home/a/soccer_ws/build/ecl_eigen
