[0.089s] Invoking command in '/home/a/soccer_ws/build/ecl_eigen': CMAKE_PREFIX_PATH=${CMAKE_PREFIX_PATH}:/home/a/soccer_ws/install/perception:/opt/ros/humble /usr/bin/cmake --build /home/a/soccer_ws/build/ecl_eigen -- -j16 -l16
[0.664s] Invoked command in '/home/a/soccer_ws/build/ecl_eigen' returned '0': CMAKE_PREFIX_PATH=${CMAKE_PREFIX_PATH}:/home/a/soccer_ws/install/perception:/opt/ros/humble /usr/bin/cmake --build /home/a/soccer_ws/build/ecl_eigen -- -j16 -l16
[0.682s] Invoking command in '/home/a/soccer_ws/build/ecl_eigen': CMAKE_PREFIX_PATH=${CMAKE_PREFIX_PATH}:/home/a/soccer_ws/install/perception:/opt/ros/humble /usr/bin/cmake --install /home/a/soccer_ws/build/ecl_eigen
[0.705s] -- Install configuration: ""
[0.706s] -- Up-to-date: /home/a/soccer_ws/install/ecl_eigen/include/ecl/eigen.hpp
[0.706s] -- Up-to-date: /home/a/soccer_ws/install/ecl_eigen/share/ament_index/resource_index/package_run_dependencies/ecl_eigen
[0.706s] -- Up-to-date: /home/a/soccer_ws/install/ecl_eigen/share/ament_index/resource_index/parent_prefix_path/ecl_eigen
[0.709s] -- Up-to-date: /home/a/soccer_ws/install/ecl_eigen/share/ecl_eigen/environment/ament_prefix_path.sh
[0.710s] -- Up-to-date: /home/a/soccer_ws/install/ecl_eigen/share/ecl_eigen/environment/ament_prefix_path.dsv
[0.710s] -- Up-to-date: /home/a/soccer_ws/install/ecl_eigen/share/ecl_eigen/environment/path.sh
[0.711s] -- Up-to-date: /home/a/soccer_ws/install/ecl_eigen/share/ecl_eigen/environment/path.dsv
[0.713s] -- Up-to-date: /home/a/soccer_ws/install/ecl_eigen/share/ecl_eigen/local_setup.bash
[0.713s] -- Up-to-date: /home/a/soccer_ws/install/ecl_eigen/share/ecl_eigen/local_setup.sh
[0.714s] -- Up-to-date: /home/a/soccer_ws/install/ecl_eigen/share/ecl_eigen/local_setup.zsh
[0.714s] -- Up-to-date: /home/a/soccer_ws/install/ecl_eigen/share/ecl_eigen/local_setup.dsv
[0.715s] -- Installing: /home/a/soccer_ws/install/ecl_eigen/share/ecl_eigen/package.dsv
[0.715s] -- Up-to-date: /home/a/soccer_ws/install/ecl_eigen/share/ament_index/resource_index/packages/ecl_eigen
[0.715s] -- Up-to-date: /home/a/soccer_ws/install/ecl_eigen/share/ecl_eigen/cmake/ecl_eigenExport.cmake
[0.715s] -- Up-to-date: /home/a/soccer_ws/install/ecl_eigen/share/ecl_eigen/cmake/ament_cmake_export_targets-extras.cmake
[0.715s] -- Up-to-date: /home/a/soccer_ws/install/ecl_eigen/share/ecl_eigen/cmake/ament_cmake_export_include_directories-extras.cmake
[0.715s] -- Up-to-date: /home/a/soccer_ws/install/ecl_eigen/share/ecl_eigen/cmake/ament_cmake_export_dependencies-extras.cmake
[0.715s] -- Up-to-date: /home/a/soccer_ws/install/ecl_eigen/share/ecl_eigen/cmake/ecl_eigenConfig.cmake
[0.716s] -- Up-to-date: /home/a/soccer_ws/install/ecl_eigen/share/ecl_eigen/cmake/ecl_eigenConfig-version.cmake
[0.716s] -- Up-to-date: /home/a/soccer_ws/install/ecl_eigen/share/ecl_eigen/package.xml
[0.716s] -- Up-to-date: /home/a/soccer_ws/install/ecl_eigen/share/licenses/eigen/COPYING.LESSER
[0.727s] Invoked command in '/home/a/soccer_ws/build/ecl_eigen' returned '0': CMAKE_PREFIX_PATH=${CMAKE_PREFIX_PATH}:/home/a/soccer_ws/install/perception:/opt/ros/humble /usr/bin/cmake --install /home/a/soccer_ws/build/ecl_eigen
