/home/a/soccer_ws/install/perception/lib/python3.10/site-packages/perception/ball_follower_node.py
/home/a/soccer_ws/install/perception/lib/python3.10/site-packages/perception/ball_detector_node copy.py
/home/a/soccer_ws/install/perception/lib/python3.10/site-packages/perception/integration.py
/home/a/soccer_ws/install/perception/lib/python3.10/site-packages/perception/__init__.py
/home/a/soccer_ws/install/perception/lib/python3.10/site-packages/perception/ball_detector_node.py
/home/a/soccer_ws/install/perception/lib/python3.10/site-packages/perception/__pycache__/ball_follower_node.cpython-310.pyc
/home/a/soccer_ws/install/perception/lib/python3.10/site-packages/perception/__pycache__/ball_detector_node copy.cpython-310.pyc
/home/a/soccer_ws/install/perception/lib/python3.10/site-packages/perception/__pycache__/integration.cpython-310.pyc
/home/a/soccer_ws/install/perception/lib/python3.10/site-packages/perception/__pycache__/__init__.cpython-310.pyc
/home/a/soccer_ws/install/perception/lib/python3.10/site-packages/perception/__pycache__/ball_detector_node.cpython-310.pyc
/home/a/soccer_ws/install/perception/share/ament_index/resource_index/packages/perception
/home/a/soccer_ws/install/perception/share/perception/package.xml
/home/a/soccer_ws/install/perception/share/perception/launch/soccer_bot.launch.py
/home/a/soccer_ws/install/perception/lib/python3.10/site-packages/perception-0.0.0-py3.10.egg-info/top_level.txt
/home/a/soccer_ws/install/perception/lib/python3.10/site-packages/perception-0.0.0-py3.10.egg-info/SOURCES.txt
/home/a/soccer_ws/install/perception/lib/python3.10/site-packages/perception-0.0.0-py3.10.egg-info/requires.txt
/home/a/soccer_ws/install/perception/lib/python3.10/site-packages/perception-0.0.0-py3.10.egg-info/zip-safe
/home/a/soccer_ws/install/perception/lib/python3.10/site-packages/perception-0.0.0-py3.10.egg-info/entry_points.txt
/home/a/soccer_ws/install/perception/lib/python3.10/site-packages/perception-0.0.0-py3.10.egg-info/dependency_links.txt
/home/a/soccer_ws/install/perception/lib/python3.10/site-packages/perception-0.0.0-py3.10.egg-info/PKG-INFO
/home/a/soccer_ws/install/perception/lib/perception/ball_detector
/home/a/soccer_ws/install/perception/lib/perception/ball_follower
