[0.065s] Invoking command in '/home/a/soccer_ws/build/cmd_vel_mux': CMAKE_PREFIX_PATH=${CMAKE_PREFIX_PATH}:/home/a/soccer_ws/install/perception:/opt/ros/humble /usr/bin/cmake --build /home/a/soccer_ws/build/cmd_vel_mux -- -j16 -l16
[0.177s] [35m[1mConsolidate compiler generated dependencies of target cmd_vel_mux[0m
[0.177s] [35m[1mConsolidate compiler generated dependencies of target cmd_vel_mux_node[0m
[0.239s] [ 50%] Built target cmd_vel_mux_node
[0.244s] [100%] Built target cmd_vel_mux
[0.613s] Invoked command in '/home/a/soccer_ws/build/cmd_vel_mux' returned '0': CMAKE_PREFIX_PATH=${CMAKE_PREFIX_PATH}:/home/a/soccer_ws/install/perception:/opt/ros/humble /usr/bin/cmake --build /home/a/soccer_ws/build/cmd_vel_mux -- -j16 -l16
[0.616s] Invoking command in '/home/a/soccer_ws/build/cmd_vel_mux': CMAKE_PREFIX_PATH=${CMAKE_PREFIX_PATH}:/home/a/soccer_ws/install/perception:/opt/ros/humble /usr/bin/cmake --install /home/a/soccer_ws/build/cmd_vel_mux
[0.661s] -- Install configuration: ""
[0.663s] -- Up-to-date: /home/a/soccer_ws/install/cmd_vel_mux/lib/cmd_vel_mux/cmd_vel_mux_node
[0.664s] -- Up-to-date: /home/a/soccer_ws/install/cmd_vel_mux/lib/libcmd_vel_mux.so
[0.664s] -- Up-to-date: /home/a/soccer_ws/install/cmd_vel_mux/include/cmd_vel_mux
[0.664s] -- Up-to-date: /home/a/soccer_ws/install/cmd_vel_mux/include/cmd_vel_mux/cmd_vel_mux.hpp
[0.664s] -- Up-to-date: /home/a/soccer_ws/install/cmd_vel_mux/share/cmd_vel_mux/config
[0.664s] -- Up-to-date: /home/a/soccer_ws/install/cmd_vel_mux/share/cmd_vel_mux/config/cmd_vel_mux_params.yaml
[0.664s] -- Up-to-date: /home/a/soccer_ws/install/cmd_vel_mux/share/cmd_vel_mux/launch
[0.664s] -- Up-to-date: /home/a/soccer_ws/install/cmd_vel_mux/share/cmd_vel_mux/launch/cmd_vel_mux-launch.py
[0.664s] -- Up-to-date: /home/a/soccer_ws/install/cmd_vel_mux/share/cmd_vel_mux/launch/cmd_vel_mux-composed-launch.py
[0.664s] -- Up-to-date: /home/a/soccer_ws/install/cmd_vel_mux/share/ament_index/resource_index/package_run_dependencies/cmd_vel_mux
[0.664s] -- Up-to-date: /home/a/soccer_ws/install/cmd_vel_mux/share/ament_index/resource_index/parent_prefix_path/cmd_vel_mux
[0.664s] -- Up-to-date: /home/a/soccer_ws/install/cmd_vel_mux/share/cmd_vel_mux/environment/ament_prefix_path.sh
[0.664s] -- Up-to-date: /home/a/soccer_ws/install/cmd_vel_mux/share/cmd_vel_mux/environment/ament_prefix_path.dsv
[0.664s] -- Up-to-date: /home/a/soccer_ws/install/cmd_vel_mux/share/cmd_vel_mux/environment/path.sh
[0.665s] -- Up-to-date: /home/a/soccer_ws/install/cmd_vel_mux/share/cmd_vel_mux/environment/path.dsv
[0.665s] -- Up-to-date: /home/a/soccer_ws/install/cmd_vel_mux/share/cmd_vel_mux/local_setup.bash
[0.665s] -- Up-to-date: /home/a/soccer_ws/install/cmd_vel_mux/share/cmd_vel_mux/local_setup.sh
[0.665s] -- Up-to-date: /home/a/soccer_ws/install/cmd_vel_mux/share/cmd_vel_mux/local_setup.zsh
[0.665s] -- Up-to-date: /home/a/soccer_ws/install/cmd_vel_mux/share/cmd_vel_mux/local_setup.dsv
[0.665s] -- Installing: /home/a/soccer_ws/install/cmd_vel_mux/share/cmd_vel_mux/package.dsv
[0.665s] -- Up-to-date: /home/a/soccer_ws/install/cmd_vel_mux/share/ament_index/resource_index/packages/cmd_vel_mux
[0.665s] -- Up-to-date: /home/a/soccer_ws/install/cmd_vel_mux/share/ament_index/resource_index/rclcpp_components/cmd_vel_mux
[0.665s] -- Up-to-date: /home/a/soccer_ws/install/cmd_vel_mux/share/cmd_vel_mux/cmake/cmd_vel_muxConfig.cmake
[0.665s] -- Up-to-date: /home/a/soccer_ws/install/cmd_vel_mux/share/cmd_vel_mux/cmake/cmd_vel_muxConfig-version.cmake
[0.665s] -- Up-to-date: /home/a/soccer_ws/install/cmd_vel_mux/share/cmd_vel_mux/package.xml
[0.743s] Invoked command in '/home/a/soccer_ws/build/cmd_vel_mux' returned '0': CMAKE_PREFIX_PATH=${CMAKE_PREFIX_PATH}:/home/a/soccer_ws/install/perception:/opt/ros/humble /usr/bin/cmake --install /home/a/soccer_ws/build/cmd_vel_mux
