[0.051s] Invoking command in '/home/a/soccer_ws/build/ecl_config': CMAKE_PREFIX_PATH=${CMAKE_PREFIX_PATH}:/home/a/soccer_ws/install/perception:/opt/ros/humble /usr/bin/cmake --build /home/a/soccer_ws/build/ecl_config -- -j16 -l16
[0.137s] [ 12%] Built target gtest_main
[0.137s] [ 25%] Built target ecl_detect_endian
[0.141s] [ 37%] Built target ecl_detect_posix
[0.142s] [ 50%] Built target gtest
[0.201s] [ 62%] Built target ecl_test_endianness
[0.202s] [ 75%] Built target ecl_test_char_sign
[0.208s] [ 87%] Built target ecl_test_portable_types
[0.214s] [100%] Built target ecl_test_macros
[0.253s] Invoked command in '/home/a/soccer_ws/build/ecl_config' returned '0': CMAKE_PREFIX_PATH=${CMAKE_PREFIX_PATH}:/home/a/soccer_ws/install/perception:/opt/ros/humble /usr/bin/cmake --build /home/a/soccer_ws/build/ecl_config -- -j16 -l16
[0.255s] Invoking command in '/home/a/soccer_ws/build/ecl_config': CMAKE_PREFIX_PATH=${CMAKE_PREFIX_PATH}:/home/a/soccer_ws/install/perception:/opt/ros/humble /usr/bin/cmake --install /home/a/soccer_ws/build/ecl_config
[0.268s] -- Install configuration: ""
[0.269s] -- Up-to-date: /home/a/soccer_ws/install/ecl_config/share/ament_index/resource_index/package_run_dependencies/ecl_config
[0.269s] -- Up-to-date: /home/a/soccer_ws/install/ecl_config/share/ament_index/resource_index/parent_prefix_path/ecl_config
[0.269s] -- Up-to-date: /home/a/soccer_ws/install/ecl_config/share/ecl_config/environment/ament_prefix_path.sh
[0.269s] -- Up-to-date: /home/a/soccer_ws/install/ecl_config/share/ecl_config/environment/ament_prefix_path.dsv
[0.269s] -- Up-to-date: /home/a/soccer_ws/install/ecl_config/share/ecl_config/environment/path.sh
[0.269s] -- Up-to-date: /home/a/soccer_ws/install/ecl_config/share/ecl_config/environment/path.dsv
[0.269s] -- Up-to-date: /home/a/soccer_ws/install/ecl_config/share/ecl_config/local_setup.bash
[0.269s] -- Up-to-date: /home/a/soccer_ws/install/ecl_config/share/ecl_config/local_setup.sh
[0.269s] -- Up-to-date: /home/a/soccer_ws/install/ecl_config/share/ecl_config/local_setup.zsh
[0.269s] -- Up-to-date: /home/a/soccer_ws/install/ecl_config/share/ecl_config/local_setup.dsv
[0.269s] -- Installing: /home/a/soccer_ws/install/ecl_config/share/ecl_config/package.dsv
[0.269s] -- Up-to-date: /home/a/soccer_ws/install/ecl_config/share/ament_index/resource_index/packages/ecl_config
[0.269s] -- Up-to-date: /home/a/soccer_ws/install/ecl_config/share/ecl_config/cmake/ecl_configExport.cmake
[0.269s] -- Up-to-date: /home/a/soccer_ws/install/ecl_config/share/ecl_config/cmake/ament_cmake_export_targets-extras.cmake
[0.269s] -- Up-to-date: /home/a/soccer_ws/install/ecl_config/share/ecl_config/cmake/ament_cmake_export_include_directories-extras.cmake
[0.269s] -- Up-to-date: /home/a/soccer_ws/install/ecl_config/share/ecl_config/cmake/ecl_configConfig.cmake
[0.269s] -- Up-to-date: /home/a/soccer_ws/install/ecl_config/share/ecl_config/cmake/ecl_configConfig-version.cmake
[0.270s] -- Up-to-date: /home/a/soccer_ws/install/ecl_config/share/ecl_config/package.xml
[0.270s] -- Up-to-date: /home/a/soccer_ws/install/ecl_config/include/ecl/config.hpp
[0.270s] -- Up-to-date: /home/a/soccer_ws/install/ecl_config/include/ecl/config/ecl.hpp
[0.270s] -- Up-to-date: /home/a/soccer_ws/install/ecl_config/include/ecl/config/char_sign.hpp
[0.270s] -- Up-to-date: /home/a/soccer_ws/install/ecl_config/include/ecl/config/ecl_unknown.hpp
[0.270s] -- Up-to-date: /home/a/soccer_ws/install/ecl_config/include/ecl/config/endianness.hpp
[0.270s] -- Up-to-date: /home/a/soccer_ws/install/ecl_config/include/ecl/config/macros.hpp
[0.270s] -- Up-to-date: /home/a/soccer_ws/install/ecl_config/include/ecl/config/portable_types.hpp
[0.270s] -- Up-to-date: /home/a/soccer_ws/install/ecl_config/include/ecl/config/windows.hpp
[0.270s] -- Up-to-date: /home/a/soccer_ws/install/ecl_config/bin/ecl_detect_endian
[0.270s] -- Up-to-date: /home/a/soccer_ws/install/ecl_config/bin/ecl_detect_posix
[0.273s] Invoked command in '/home/a/soccer_ws/build/ecl_config' returned '0': CMAKE_PREFIX_PATH=${CMAKE_PREFIX_PATH}:/home/a/soccer_ws/install/perception:/opt/ros/humble /usr/bin/cmake --install /home/a/soccer_ws/build/ecl_config
