[0.059s] Invoking command in '/home/a/soccer_ws/build/kobuki_description': CMAKE_PREFIX_PATH=${CMAKE_PREFIX_PATH}:/home/a/soccer_ws/install/perception:/opt/ros/humble /usr/bin/cmake /home/a/soccer_ws/src/turtlebot2_ros2/kobuki_ros/kobuki_description -DCMAKE_INSTALL_PREFIX=/home/a/soccer_ws/install/kobuki_description
[0.176s] -- The C compiler identification is GNU 11.4.0
[0.296s] -- The CXX compiler identification is GNU 11.4.0
[0.312s] -- Detecting C compiler ABI info
[0.471s] -- Detecting C compiler ABI info - done
[0.484s] -- Check for working C compiler: /usr/bin/cc - skipped
[0.485s] -- Detecting C compile features
[0.486s] -- Detecting C compile features - done
[0.491s] -- Detecting CXX compiler ABI info
[0.668s] -- Detecting CXX compiler ABI info - done
[0.683s] -- Check for working CXX compiler: /usr/bin/c++ - skipped
[0.683s] -- Detecting CXX compile features
[0.684s] -- Detecting CXX compile features - done
[0.691s] -- Found ament_cmake: 1.3.12 (/opt/ros/humble/share/ament_cmake/cmake)
[0.980s] -- Found Python3: /usr/bin/python3 (found version "3.10.12") found components: Interpreter 
[1.299s] -- Found ament_lint_auto: 0.12.14 (/opt/ros/humble/share/ament_lint_auto/cmake)
[1.582s] -- Added test 'copyright' to check source files copyright and LICENSE
[1.589s] -- Added test 'flake8' to check Python code syntax and style conventions
[1.592s] -- Added test 'lint_cmake' to check CMake code style
[1.594s] -- Added test 'pep257' to check Python code against some of the docstring style conventions in PEP 257
[1.598s] -- Added test 'xmllint' to check XML markup files
[1.606s] -- Configuring done
[1.611s] -- Generating done
[1.616s] -- Build files have been written to: /home/a/soccer_ws/build/kobuki_description
[1.635s] Invoked command in '/home/a/soccer_ws/build/kobuki_description' returned '0': CMAKE_PREFIX_PATH=${CMAKE_PREFIX_PATH}:/home/a/soccer_ws/install/perception:/opt/ros/humble /usr/bin/cmake /home/a/soccer_ws/src/turtlebot2_ros2/kobuki_ros/kobuki_description -DCMAKE_INSTALL_PREFIX=/home/a/soccer_ws/install/kobuki_description
[1.637s] Invoking command in '/home/a/soccer_ws/build/kobuki_description': CMAKE_PREFIX_PATH=${CMAKE_PREFIX_PATH}:/home/a/soccer_ws/install/perception:/opt/ros/humble /usr/bin/cmake --build /home/a/soccer_ws/build/kobuki_description -- -j16 -l16
[1.730s] Invoked command in '/home/a/soccer_ws/build/kobuki_description' returned '0': CMAKE_PREFIX_PATH=${CMAKE_PREFIX_PATH}:/home/a/soccer_ws/install/perception:/opt/ros/humble /usr/bin/cmake --build /home/a/soccer_ws/build/kobuki_description -- -j16 -l16
[1.735s] Invoking command in '/home/a/soccer_ws/build/kobuki_description': CMAKE_PREFIX_PATH=${CMAKE_PREFIX_PATH}:/home/a/soccer_ws/install/perception:/opt/ros/humble /usr/bin/cmake --install /home/a/soccer_ws/build/kobuki_description
[1.749s] -- Install configuration: ""
[1.749s] -- Installing: /home/a/soccer_ws/install/kobuki_description/share/kobuki_description/launch
[1.749s] -- Installing: /home/a/soccer_ws/install/kobuki_description/share/kobuki_description/launch/robot_description.launch.py
[1.750s] -- Installing: /home/a/soccer_ws/install/kobuki_description/share/kobuki_description/meshes
[1.750s] -- Installing: /home/a/soccer_ws/install/kobuki_description/share/kobuki_description/meshes/wheel.dae
[1.750s] -- Installing: /home/a/soccer_ws/install/kobuki_description/share/kobuki_description/meshes/images
[1.750s] -- Installing: /home/a/soccer_ws/install/kobuki_description/share/kobuki_description/meshes/images/main_body.jpg
[1.751s] -- Installing: /home/a/soccer_ws/install/kobuki_description/share/kobuki_description/meshes/images/wheel.jpg
[1.751s] -- Installing: /home/a/soccer_ws/install/kobuki_description/share/kobuki_description/meshes/main_body.dae
[1.753s] -- Installing: /home/a/soccer_ws/install/kobuki_description/share/kobuki_description/rviz
[1.753s] -- Installing: /home/a/soccer_ws/install/kobuki_description/share/kobuki_description/rviz/model.rviz
[1.753s] -- Installing: /home/a/soccer_ws/install/kobuki_description/share/kobuki_description/urdf
[1.753s] -- Installing: /home/a/soccer_ws/install/kobuki_description/share/kobuki_description/urdf/kobuki.urdf.xacro
[1.753s] -- Installing: /home/a/soccer_ws/install/kobuki_description/share/kobuki_description/urdf/kobuki_standalone.urdf.xacro
[1.754s] -- Installing: /home/a/soccer_ws/install/kobuki_description/share/kobuki_description/urdf/common_properties.urdf.xacro
[1.754s] -- Installing: /home/a/soccer_ws/install/kobuki_description/share/kobuki_description/urdf/kobuki_gazebo.urdf.xacro
[1.754s] -- Installing: /home/a/soccer_ws/install/kobuki_description/share/ament_index/resource_index/package_run_dependencies/kobuki_description
[1.754s] -- Installing: /home/a/soccer_ws/install/kobuki_description/share/ament_index/resource_index/parent_prefix_path/kobuki_description
[1.755s] -- Installing: /home/a/soccer_ws/install/kobuki_description/share/kobuki_description/environment/ament_prefix_path.sh
[1.755s] -- Installing: /home/a/soccer_ws/install/kobuki_description/share/kobuki_description/environment/ament_prefix_path.dsv
[1.755s] -- Installing: /home/a/soccer_ws/install/kobuki_description/share/kobuki_description/environment/path.sh
[1.756s] -- Installing: /home/a/soccer_ws/install/kobuki_description/share/kobuki_description/environment/path.dsv
[1.756s] -- Installing: /home/a/soccer_ws/install/kobuki_description/share/kobuki_description/local_setup.bash
[1.756s] -- Installing: /home/a/soccer_ws/install/kobuki_description/share/kobuki_description/local_setup.sh
[1.756s] -- Installing: /home/a/soccer_ws/install/kobuki_description/share/kobuki_description/local_setup.zsh
[1.757s] -- Installing: /home/a/soccer_ws/install/kobuki_description/share/kobuki_description/local_setup.dsv
[1.757s] -- Installing: /home/a/soccer_ws/install/kobuki_description/share/kobuki_description/package.dsv
[1.757s] -- Installing: /home/a/soccer_ws/install/kobuki_description/share/ament_index/resource_index/packages/kobuki_description
[1.757s] -- Installing: /home/a/soccer_ws/install/kobuki_description/share/kobuki_description/cmake/kobuki_descriptionConfig.cmake
[1.757s] -- Installing: /home/a/soccer_ws/install/kobuki_description/share/kobuki_description/cmake/kobuki_descriptionConfig-version.cmake
[1.758s] -- Installing: /home/a/soccer_ws/install/kobuki_description/share/kobuki_description/package.xml
[1.761s] Invoked command in '/home/a/soccer_ws/build/kobuki_description' returned '0': CMAKE_PREFIX_PATH=${CMAKE_PREFIX_PATH}:/home/a/soccer_ws/install/perception:/opt/ros/humble /usr/bin/cmake --install /home/a/soccer_ws/build/kobuki_description
