[0.066s] Invoking command in '/home/a/soccer_ws/build/ecl_command_line': CMAKE_PREFIX_PATH=${CMAKE_PREFIX_PATH}:/home/a/soccer_ws/install/perception:/opt/ros/humble /usr/bin/cmake /home/a/soccer_ws/src/turtlebot2_ros2/ecl_core/ecl_command_line -DCMAKE_INSTALL_PREFIX=/home/a/soccer_ws/install/ecl_command_line
[0.194s] -- The C compiler identification is GNU 11.4.0
[0.298s] -- The CXX compiler identification is GNU 11.4.0
[0.318s] -- Detecting C compiler ABI info
[0.477s] -- Detecting C compiler ABI info - done
[0.494s] -- Check for working C compiler: /usr/bin/cc - skipped
[0.494s] -- Detecting C compile features
[0.494s] -- Detecting C compile features - done
[0.499s] -- Detecting CXX compiler ABI info
[0.668s] -- Detecting CXX compiler ABI info - done
[0.687s] -- Check for working CXX compiler: /usr/bin/c++ - skipped
[0.687s] -- Detecting CXX compile features
[0.689s] -- Detecting CXX compile features - done
[0.703s] -- Found ament_cmake_ros: 0.10.0 (/opt/ros/humble/share/ament_cmake_ros/cmake)
[1.087s] -- Found Python3: /usr/bin/python3 (found version "3.10.12") found components: Interpreter 
[1.414s] -- Found ecl_build: 1.0.3 (/opt/ros/humble/share/ecl_build/cmake)
[1.639s] -- Found ament_lint_auto: 0.12.14 (/opt/ros/humble/share/ament_lint_auto/cmake)
[1.758s] -- Configuring done
[1.769s] -- Generating done
[1.775s] -- Build files have been written to: /home/a/soccer_ws/build/ecl_command_line
[1.808s] Invoked command in '/home/a/soccer_ws/build/ecl_command_line' returned '0': CMAKE_PREFIX_PATH=${CMAKE_PREFIX_PATH}:/home/a/soccer_ws/install/perception:/opt/ros/humble /usr/bin/cmake /home/a/soccer_ws/src/turtlebot2_ros2/ecl_core/ecl_command_line -DCMAKE_INSTALL_PREFIX=/home/a/soccer_ws/install/ecl_command_line
[1.810s] Invoking command in '/home/a/soccer_ws/build/ecl_command_line': CMAKE_PREFIX_PATH=${CMAKE_PREFIX_PATH}:/home/a/soccer_ws/install/perception:/opt/ros/humble /usr/bin/cmake --build /home/a/soccer_ws/build/ecl_command_line -- -j16 -l16
[1.915s] [ 50%] [32mBuilding CXX object src/examples/CMakeFiles/ecl_demo_command_line.dir/command_line.cpp.o[0m
[3.232s] [100%] [32m[1mLinking CXX executable demo_command_line[0m
[3.387s] [100%] Built target ecl_demo_command_line
[3.411s] Invoked command in '/home/a/soccer_ws/build/ecl_command_line' returned '0': CMAKE_PREFIX_PATH=${CMAKE_PREFIX_PATH}:/home/a/soccer_ws/install/perception:/opt/ros/humble /usr/bin/cmake --build /home/a/soccer_ws/build/ecl_command_line -- -j16 -l16
[3.415s] Invoking command in '/home/a/soccer_ws/build/ecl_command_line': CMAKE_PREFIX_PATH=${CMAKE_PREFIX_PATH}:/home/a/soccer_ws/install/perception:/opt/ros/humble /usr/bin/cmake --install /home/a/soccer_ws/build/ecl_command_line
[3.429s] -- Install configuration: ""
[3.429s] -- Installing: /home/a/soccer_ws/install/ecl_command_line/share/ament_index/resource_index/package_run_dependencies/ecl_command_line
[3.430s] -- Installing: /home/a/soccer_ws/install/ecl_command_line/share/ament_index/resource_index/parent_prefix_path/ecl_command_line
[3.430s] -- Installing: /home/a/soccer_ws/install/ecl_command_line/share/ecl_command_line/environment/ament_prefix_path.sh
[3.430s] -- Installing: /home/a/soccer_ws/install/ecl_command_line/share/ecl_command_line/environment/ament_prefix_path.dsv
[3.430s] -- Installing: /home/a/soccer_ws/install/ecl_command_line/share/ecl_command_line/environment/path.sh
[3.430s] -- Installing: /home/a/soccer_ws/install/ecl_command_line/share/ecl_command_line/environment/path.dsv
[3.431s] -- Installing: /home/a/soccer_ws/install/ecl_command_line/share/ecl_command_line/local_setup.bash
[3.431s] -- Installing: /home/a/soccer_ws/install/ecl_command_line/share/ecl_command_line/local_setup.sh
[3.431s] -- Installing: /home/a/soccer_ws/install/ecl_command_line/share/ecl_command_line/local_setup.zsh
[3.431s] -- Installing: /home/a/soccer_ws/install/ecl_command_line/share/ecl_command_line/local_setup.dsv
[3.431s] -- Installing: /home/a/soccer_ws/install/ecl_command_line/share/ecl_command_line/package.dsv
[3.431s] -- Installing: /home/a/soccer_ws/install/ecl_command_line/share/ament_index/resource_index/packages/ecl_command_line
[3.432s] -- Installing: /home/a/soccer_ws/install/ecl_command_line/share/ecl_command_line/cmake/ecl_command_lineExport.cmake
[3.432s] -- Installing: /home/a/soccer_ws/install/ecl_command_line/share/ecl_command_line/cmake/ament_cmake_export_targets-extras.cmake
[3.432s] -- Installing: /home/a/soccer_ws/install/ecl_command_line/share/ecl_command_line/cmake/ament_cmake_export_include_directories-extras.cmake
[3.432s] -- Installing: /home/a/soccer_ws/install/ecl_command_line/share/ecl_command_line/cmake/ecl_command_lineConfig.cmake
[3.432s] -- Installing: /home/a/soccer_ws/install/ecl_command_line/share/ecl_command_line/cmake/ecl_command_lineConfig-version.cmake
[3.432s] -- Installing: /home/a/soccer_ws/install/ecl_command_line/share/ecl_command_line/package.xml
[3.432s] -- Installing: /home/a/soccer_ws/install/ecl_command_line/include/ecl/command_line.hpp
[3.433s] -- Installing: /home/a/soccer_ws/install/ecl_command_line/include/ecl/command_line/arg.hpp
[3.433s] -- Installing: /home/a/soccer_ws/install/ecl_command_line/include/ecl/command_line/arg_exception.hpp
[3.434s] -- Installing: /home/a/soccer_ws/install/ecl_command_line/include/ecl/command_line/cmd_line.hpp
[3.434s] -- Installing: /home/a/soccer_ws/install/ecl_command_line/include/ecl/command_line/cmd_line_interface.hpp
[3.434s] -- Installing: /home/a/soccer_ws/install/ecl_command_line/include/ecl/command_line/cmd_line_output.hpp
[3.434s] -- Installing: /home/a/soccer_ws/install/ecl_command_line/include/ecl/command_line/constraint.hpp
[3.435s] -- Installing: /home/a/soccer_ws/install/ecl_command_line/include/ecl/command_line/docbook_output.hpp
[3.435s] -- Installing: /home/a/soccer_ws/install/ecl_command_line/include/ecl/command_line/help_visitor.hpp
[3.435s] -- Installing: /home/a/soccer_ws/install/ecl_command_line/include/ecl/command_line/ignore_rest_visitor.hpp
[3.435s] -- Installing: /home/a/soccer_ws/install/ecl_command_line/include/ecl/command_line/multi_arg.hpp
[3.435s] -- Installing: /home/a/soccer_ws/install/ecl_command_line/include/ecl/command_line/multi_switch_arg.hpp
[3.436s] -- Installing: /home/a/soccer_ws/install/ecl_command_line/include/ecl/command_line/optional_unlabeled_tracker.hpp
[3.436s] -- Installing: /home/a/soccer_ws/install/ecl_command_line/include/ecl/command_line/std_output.hpp
[3.436s] -- Installing: /home/a/soccer_ws/install/ecl_command_line/include/ecl/command_line/switch_arg.hpp
[3.436s] -- Installing: /home/a/soccer_ws/install/ecl_command_line/include/ecl/command_line/unlabeled_multi_arg.hpp
[3.436s] -- Installing: /home/a/soccer_ws/install/ecl_command_line/include/ecl/command_line/unlabeled_value_arg.hpp
[3.436s] -- Installing: /home/a/soccer_ws/install/ecl_command_line/include/ecl/command_line/value_arg.hpp
[3.436s] -- Installing: /home/a/soccer_ws/install/ecl_command_line/include/ecl/command_line/values_constraint.hpp
[3.437s] -- Installing: /home/a/soccer_ws/install/ecl_command_line/include/ecl/command_line/version_visitor.hpp
[3.437s] -- Installing: /home/a/soccer_ws/install/ecl_command_line/include/ecl/command_line/visitor.hpp
[3.437s] -- Installing: /home/a/soccer_ws/install/ecl_command_line/include/ecl/command_line/xor_handler.hpp
[3.437s] -- Installing: /home/a/soccer_ws/install/ecl_command_line/lib/ecl_command_line/demo_command_line
[3.442s] Invoked command in '/home/a/soccer_ws/build/ecl_command_line' returned '0': CMAKE_PREFIX_PATH=${CMAKE_PREFIX_PATH}:/home/a/soccer_ws/install/perception:/opt/ros/humble /usr/bin/cmake --install /home/a/soccer_ws/build/ecl_command_line
