[0.062s] Invoking command in '/home/a/soccer_ws/build/cmd_vel_mux': CMAKE_PREFIX_PATH=${CMAKE_PREFIX_PATH}:/home/a/soccer_ws/install/perception:/opt/ros/humble /usr/bin/cmake /home/a/soccer_ws/src/turtlebot2_ros2/cmd_vel_mux -DCMAKE_INSTALL_PREFIX=/home/a/soccer_ws/install/cmd_vel_mux
[0.171s] -- The C compiler identification is GNU 11.4.0
[0.291s] -- The CXX compiler identification is GNU 11.4.0
[0.307s] -- Detecting C compiler ABI info
[0.469s] -- Detecting C compiler ABI info - done
[0.488s] -- Check for working C compiler: /usr/bin/cc - skipped
[0.489s] -- Detecting C compile features
[0.489s] -- Detecting C compile features - done
[0.495s] -- Detecting CXX compiler ABI info
[0.641s] -- Detecting CXX compiler ABI info - done
[0.656s] -- Check for working CXX compiler: /usr/bin/c++ - skipped
[0.657s] -- Detecting CXX compile features
[0.658s] -- Detecting CXX compile features - done
[0.670s] -- Found ament_cmake_ros: 0.10.0 (/opt/ros/humble/share/ament_cmake_ros/cmake)
[1.082s] -- Found Python3: /usr/bin/python3 (found version "3.10.12") found components: Interpreter 
[1.418s] -- Found geometry_msgs: 4.9.0 (/opt/ros/humble/share/geometry_msgs/cmake)
[1.564s] -- Found rosidl_generator_c: 3.1.7 (/opt/ros/humble/share/rosidl_generator_c/cmake)
[1.592s] -- Found rosidl_adapter: 3.1.7 (/opt/ros/humble/share/rosidl_adapter/cmake)
[1.625s] -- Found rosidl_generator_cpp: 3.1.7 (/opt/ros/humble/share/rosidl_generator_cpp/cmake)
[1.666s] -- Using all available rosidl_typesupport_c: rosidl_typesupport_fastrtps_c;rosidl_typesupport_introspection_c
[1.728s] -- Using all available rosidl_typesupport_cpp: rosidl_typesupport_fastrtps_cpp;rosidl_typesupport_introspection_cpp
[1.820s] -- Found rcl_interfaces: 1.2.2 (/opt/ros/humble/share/rcl_interfaces/cmake)
[1.841s] -- Found rclcpp: 16.0.14 (/opt/ros/humble/share/rclcpp/cmake)
[1.932s] -- Found rmw_implementation_cmake: 6.1.2 (/opt/ros/humble/share/rmw_implementation_cmake/cmake)
[1.944s] -- Found rmw_fastrtps_cpp: 6.2.8 (/opt/ros/humble/share/rmw_fastrtps_cpp/cmake)
[2.147s] -- Found OpenSSL: /usr/lib/x86_64-linux-gnu/libcrypto.so (found version "3.0.2")  
[2.201s] -- Found FastRTPS: /opt/ros/humble/include  
[2.281s] -- Using RMW implementation 'rmw_fastrtps_cpp' as default
[2.308s] -- Looking for pthread.h
[2.439s] -- Looking for pthread.h - found
[2.439s] -- Performing Test CMAKE_HAVE_LIBC_PTHREAD
[2.580s] -- Performing Test CMAKE_HAVE_LIBC_PTHREAD - Success
[2.582s] -- Found Threads: TRUE  
[2.655s] -- Found rclcpp_components: 16.0.14 (/opt/ros/humble/share/rclcpp_components/cmake)
[2.733s] -- Found ament_lint_auto: 0.12.14 (/opt/ros/humble/share/ament_lint_auto/cmake)
[2.986s] -- Found launch_testing_ament_cmake: 1.0.10 (/opt/ros/humble/share/launch_testing_ament_cmake/cmake)
[2.998s] -- Found python_cmake_module: 0.10.0 (/opt/ros/humble/share/python_cmake_module/cmake)
[3.038s] -- Found PythonInterp: /usr/bin/python3 (found suitable version "3.10.12", minimum required is "3.6") 
[3.055s] -- Found PythonLibs: /usr/lib/x86_64-linux-gnu/libpython3.10.so (found suitable version "3.10.12", minimum required is "3.5") 
[3.055s] -- Using PYTHON_EXECUTABLE: /usr/bin/python3
[3.055s] -- Using PYTHON_INCLUDE_DIRS: /usr/include/python3.10
[3.055s] -- Using PYTHON_LIBRARIES: /usr/lib/x86_64-linux-gnu/libpython3.10.so
[3.091s] -- Found PythonExtra: .so  
[3.107s] -- Added test 'cppcheck' to perform static code analysis on C / C++ code
[3.108s] -- Configured cppcheck include dirs: /home/a/soccer_ws/src/turtlebot2_ros2/cmd_vel_mux/include
[3.108s] -- Configured cppcheck exclude dirs and/or files: 
[3.116s] -- Added test 'cpplint' to check C / C++ code against the Google style
[3.116s] -- Configured cpplint exclude dirs and/or files: 
[3.120s] -- Added test 'flake8' to check Python code syntax and style conventions
[3.124s] -- Added test 'lint_cmake' to check CMake code style
[3.128s] -- Added test 'pep257' to check Python code against some of the docstring style conventions in PEP 257
[3.137s] -- Added test 'uncrustify' to check C / C++ code style
[3.137s] -- Configured uncrustify additional arguments: 
[3.141s] -- Added test 'xmllint' to check XML markup files
[3.147s] -- Configuring done
[3.176s] -- Generating done
[3.189s] -- Build files have been written to: /home/a/soccer_ws/build/cmd_vel_mux
[3.211s] Invoked command in '/home/a/soccer_ws/build/cmd_vel_mux' returned '0': CMAKE_PREFIX_PATH=${CMAKE_PREFIX_PATH}:/home/a/soccer_ws/install/perception:/opt/ros/humble /usr/bin/cmake /home/a/soccer_ws/src/turtlebot2_ros2/cmd_vel_mux -DCMAKE_INSTALL_PREFIX=/home/a/soccer_ws/install/cmd_vel_mux
[3.214s] Invoking command in '/home/a/soccer_ws/build/cmd_vel_mux': CMAKE_PREFIX_PATH=${CMAKE_PREFIX_PATH}:/home/a/soccer_ws/install/perception:/opt/ros/humble /usr/bin/cmake --build /home/a/soccer_ws/build/cmd_vel_mux -- -j16 -l16
[3.325s] [ 25%] [32mBuilding CXX object CMakeFiles/cmd_vel_mux_node.dir/rclcpp_components/node_main_cmd_vel_mux_node.cpp.o[0m
[3.334s] [ 50%] [32mBuilding CXX object CMakeFiles/cmd_vel_mux.dir/src/cmd_vel_mux.cpp.o[0m
[10.579s] [ 75%] [32m[1mLinking CXX executable cmd_vel_mux_node[0m
[10.911s] [ 75%] Built target cmd_vel_mux_node
[24.304s] [100%] [32m[1mLinking CXX shared library libcmd_vel_mux.so[0m
[25.092s] [100%] Built target cmd_vel_mux
[25.114s] Invoked command in '/home/a/soccer_ws/build/cmd_vel_mux' returned '0': CMAKE_PREFIX_PATH=${CMAKE_PREFIX_PATH}:/home/a/soccer_ws/install/perception:/opt/ros/humble /usr/bin/cmake --build /home/a/soccer_ws/build/cmd_vel_mux -- -j16 -l16
[25.116s] Invoking command in '/home/a/soccer_ws/build/cmd_vel_mux': CMAKE_PREFIX_PATH=${CMAKE_PREFIX_PATH}:/home/a/soccer_ws/install/perception:/opt/ros/humble /usr/bin/cmake --install /home/a/soccer_ws/build/cmd_vel_mux
[25.131s] -- Install configuration: ""
[25.132s] -- Installing: /home/a/soccer_ws/install/cmd_vel_mux/lib/cmd_vel_mux/cmd_vel_mux_node
[25.132s] -- Set runtime path of "/home/a/soccer_ws/install/cmd_vel_mux/lib/cmd_vel_mux/cmd_vel_mux_node" to ""
[25.132s] -- Installing: /home/a/soccer_ws/install/cmd_vel_mux/lib/libcmd_vel_mux.so
[25.139s] -- Set runtime path of "/home/a/soccer_ws/install/cmd_vel_mux/lib/libcmd_vel_mux.so" to ""
[25.140s] -- Installing: /home/a/soccer_ws/install/cmd_vel_mux/include/cmd_vel_mux
[25.140s] -- Installing: /home/a/soccer_ws/install/cmd_vel_mux/include/cmd_vel_mux/cmd_vel_mux.hpp
[25.140s] -- Installing: /home/a/soccer_ws/install/cmd_vel_mux/share/cmd_vel_mux/config
[25.140s] -- Installing: /home/a/soccer_ws/install/cmd_vel_mux/share/cmd_vel_mux/config/cmd_vel_mux_params.yaml
[25.140s] -- Installing: /home/a/soccer_ws/install/cmd_vel_mux/share/cmd_vel_mux/launch
[25.141s] -- Installing: /home/a/soccer_ws/install/cmd_vel_mux/share/cmd_vel_mux/launch/cmd_vel_mux-launch.py
[25.141s] -- Installing: /home/a/soccer_ws/install/cmd_vel_mux/share/cmd_vel_mux/launch/cmd_vel_mux-composed-launch.py
[25.141s] -- Installing: /home/a/soccer_ws/install/cmd_vel_mux/share/ament_index/resource_index/package_run_dependencies/cmd_vel_mux
[25.141s] -- Installing: /home/a/soccer_ws/install/cmd_vel_mux/share/ament_index/resource_index/parent_prefix_path/cmd_vel_mux
[25.141s] -- Installing: /home/a/soccer_ws/install/cmd_vel_mux/share/cmd_vel_mux/environment/ament_prefix_path.sh
[25.141s] -- Installing: /home/a/soccer_ws/install/cmd_vel_mux/share/cmd_vel_mux/environment/ament_prefix_path.dsv
[25.141s] -- Installing: /home/a/soccer_ws/install/cmd_vel_mux/share/cmd_vel_mux/environment/path.sh
[25.142s] -- Installing: /home/a/soccer_ws/install/cmd_vel_mux/share/cmd_vel_mux/environment/path.dsv
[25.142s] -- Installing: /home/a/soccer_ws/install/cmd_vel_mux/share/cmd_vel_mux/local_setup.bash
[25.142s] -- Installing: /home/a/soccer_ws/install/cmd_vel_mux/share/cmd_vel_mux/local_setup.sh
[25.142s] -- Installing: /home/a/soccer_ws/install/cmd_vel_mux/share/cmd_vel_mux/local_setup.zsh
[25.142s] -- Installing: /home/a/soccer_ws/install/cmd_vel_mux/share/cmd_vel_mux/local_setup.dsv
[25.143s] -- Installing: /home/a/soccer_ws/install/cmd_vel_mux/share/cmd_vel_mux/package.dsv
[25.143s] -- Installing: /home/a/soccer_ws/install/cmd_vel_mux/share/ament_index/resource_index/packages/cmd_vel_mux
[25.143s] -- Installing: /home/a/soccer_ws/install/cmd_vel_mux/share/ament_index/resource_index/rclcpp_components/cmd_vel_mux
[25.143s] -- Installing: /home/a/soccer_ws/install/cmd_vel_mux/share/cmd_vel_mux/cmake/cmd_vel_muxConfig.cmake
[25.143s] -- Installing: /home/a/soccer_ws/install/cmd_vel_mux/share/cmd_vel_mux/cmake/cmd_vel_muxConfig-version.cmake
[25.143s] -- Installing: /home/a/soccer_ws/install/cmd_vel_mux/share/cmd_vel_mux/package.xml
[25.147s] Invoked command in '/home/a/soccer_ws/build/cmd_vel_mux' returned '0': CMAKE_PREFIX_PATH=${CMAKE_PREFIX_PATH}:/home/a/soccer_ws/install/perception:/opt/ros/humble /usr/bin/cmake --install /home/a/soccer_ws/build/cmd_vel_mux
